{"C:\\Users\\SAHEED PC\\Desktop\\Portfolio\\namssn-website\\backend\\controllers\\adminController.js": {"path":"C:\\Users\\SAHEED PC\\Desktop\\Portfolio\\namssn-website\\backend\\controllers\\adminController.js","statementMap":{"0":{"start":{"line":15,"column":22},"end":{"line":18,"column":2}},"1":{"start":{"line":16,"column":21},"end":{"line":16,"column":50}},"2":{"start":{"line":17,"column":2},"end":{"line":17,"column":35}},"3":{"start":{"line":23,"column":22},"end":{"line":26,"column":2}},"4":{"start":{"line":24,"column":21},"end":{"line":24,"column":50}},"5":{"start":{"line":25,"column":2},"end":{"line":25,"column":35}},"6":{"start":{"line":31,"column":22},"end":{"line":34,"column":2}},"7":{"start":{"line":32,"column":21},"end":{"line":32,"column":50}},"8":{"start":{"line":33,"column":2},"end":{"line":33,"column":35}},"9":{"start":{"line":40,"column":25},"end":{"line":43,"column":2}},"10":{"start":{"line":41,"column":24},"end":{"line":41,"column":56}},"11":{"start":{"line":42,"column":2},"end":{"line":42,"column":38}},"12":{"start":{"line":48,"column":23},"end":{"line":51,"column":2}},"13":{"start":{"line":49,"column":22},"end":{"line":49,"column":52}},"14":{"start":{"line":50,"column":2},"end":{"line":50,"column":36}},"15":{"start":{"line":56,"column":30},"end":{"line":59,"column":2}},"16":{"start":{"line":57,"column":29},"end":{"line":57,"column":66}},"17":{"start":{"line":58,"column":2},"end":{"line":58,"column":43}},"18":{"start":{"line":65,"column":20},"end":{"line":68,"column":2}},"19":{"start":{"line":66,"column":16},"end":{"line":66,"column":55}},"20":{"start":{"line":67,"column":2},"end":{"line":67,"column":30}},"21":{"start":{"line":74,"column":22},"end":{"line":98,"column":2}},"22":{"start":{"line":75,"column":17},"end":{"line":75,"column":34}},"23":{"start":{"line":78,"column":15},"end":{"line":78,"column":42}},"24":{"start":{"line":80,"column":2},"end":{"line":83,"column":3}},"25":{"start":{"line":81,"column":4},"end":{"line":81,"column":20}},"26":{"start":{"line":82,"column":4},"end":{"line":82,"column":38}},"27":{"start":{"line":86,"column":2},"end":{"line":89,"column":3}},"28":{"start":{"line":87,"column":4},"end":{"line":87,"column":20}},"29":{"start":{"line":88,"column":4},"end":{"line":88,"column":48}},"30":{"start":{"line":92,"column":2},"end":{"line":92,"column":22}},"31":{"start":{"line":95,"column":2},"end":{"line":95,"column":20}},"32":{"start":{"line":97,"column":2},"end":{"line":97,"column":60}},"33":{"start":{"line":104,"column":20},"end":{"line":128,"column":2}},"34":{"start":{"line":105,"column":17},"end":{"line":105,"column":34}},"35":{"start":{"line":108,"column":15},"end":{"line":108,"column":42}},"36":{"start":{"line":110,"column":2},"end":{"line":113,"column":3}},"37":{"start":{"line":111,"column":4},"end":{"line":111,"column":20}},"38":{"start":{"line":112,"column":4},"end":{"line":112,"column":38}},"39":{"start":{"line":116,"column":2},"end":{"line":119,"column":3}},"40":{"start":{"line":117,"column":4},"end":{"line":117,"column":20}},"41":{"start":{"line":118,"column":4},"end":{"line":118,"column":44}},"42":{"start":{"line":122,"column":2},"end":{"line":122,"column":21}},"43":{"start":{"line":125,"column":2},"end":{"line":125,"column":20}},"44":{"start":{"line":127,"column":2},"end":{"line":127,"column":66}},"45":{"start":{"line":134,"column":19},"end":{"line":154,"column":2}},"46":{"start":{"line":135,"column":56},"end":{"line":135,"column":64}},"47":{"start":{"line":138,"column":17},"end":{"line":138,"column":29}},"48":{"start":{"line":141,"column":18},"end":{"line":148,"column":4}},"49":{"start":{"line":151,"column":22},"end":{"line":151,"column":42}},"50":{"start":{"line":153,"column":2},"end":{"line":153,"column":36}},"51":{"start":{"line":159,"column":21},"end":{"line":167,"column":2}},"52":{"start":{"line":160,"column":17},"end":{"line":160,"column":29}},"53":{"start":{"line":163,"column":20},"end":{"line":164,"column":28}},"54":{"start":{"line":166,"column":2},"end":{"line":166,"column":34}},"55":{"start":{"line":172,"column":19},"end":{"line":201,"column":2}},"56":{"start":{"line":174,"column":63},"end":{"line":174,"column":71}},"57":{"start":{"line":177,"column":15},"end":{"line":177,"column":42}},"58":{"start":{"line":179,"column":2},"end":{"line":182,"column":3}},"59":{"start":{"line":180,"column":4},"end":{"line":180,"column":20}},"60":{"start":{"line":181,"column":4},"end":{"line":181,"column":38}},"61":{"start":{"line":185,"column":2},"end":{"line":188,"column":3}},"62":{"start":{"line":186,"column":4},"end":{"line":186,"column":20}},"63":{"start":{"line":187,"column":4},"end":{"line":187,"column":56}},"64":{"start":{"line":191,"column":2},"end":{"line":191,"column":21}},"65":{"start":{"line":192,"column":2},"end":{"line":192,"column":31}},"66":{"start":{"line":193,"column":2},"end":{"line":193,"column":25}},"67":{"start":{"line":194,"column":2},"end":{"line":194,"column":19}},"68":{"start":{"line":195,"column":2},"end":{"line":195,"column":23}},"69":{"start":{"line":198,"column":22},"end":{"line":198,"column":39}},"70":{"start":{"line":200,"column":2},"end":{"line":200,"column":36}},"71":{"start":{"line":206,"column":19},"end":{"line":231,"column":2}},"72":{"start":{"line":208,"column":21},"end":{"line":208,"column":31}},"73":{"start":{"line":210,"column":2},"end":{"line":210,"column":22}},"74":{"start":{"line":213,"column":15},"end":{"line":213,"column":42}},"75":{"start":{"line":215,"column":2},"end":{"line":218,"column":3}},"76":{"start":{"line":216,"column":4},"end":{"line":216,"column":20}},"77":{"start":{"line":217,"column":4},"end":{"line":217,"column":38}},"78":{"start":{"line":221,"column":2},"end":{"line":224,"column":3}},"79":{"start":{"line":222,"column":4},"end":{"line":222,"column":20}},"80":{"start":{"line":223,"column":4},"end":{"line":223,"column":56}},"81":{"start":{"line":227,"column":2},"end":{"line":227,"column":31}},"82":{"start":{"line":228,"column":2},"end":{"line":228,"column":40}},"83":{"start":{"line":230,"column":2},"end":{"line":230,"column":52}},"84":{"start":{"line":237,"column":23},"end":{"line":248,"column":2}},"85":{"start":{"line":238,"column":36},"end":{"line":238,"column":44}},"86":{"start":{"line":239,"column":22},"end":{"line":245,"column":3}},"87":{"start":{"line":246,"column":26},"end":{"line":246,"column":50}},"88":{"start":{"line":247,"column":2},"end":{"line":247,"column":39}},"89":{"start":{"line":253,"column":23},"end":{"line":275,"column":2}},"90":{"start":{"line":254,"column":36},"end":{"line":254,"column":44}},"91":{"start":{"line":256,"column":2},"end":{"line":274,"column":3}},"92":{"start":{"line":258,"column":21},"end":{"line":258,"column":77}},"93":{"start":{"line":260,"column":4},"end":{"line":263,"column":5}},"94":{"start":{"line":262,"column":6},"end":{"line":262,"column":69}},"95":{"start":{"line":264,"column":23},"end":{"line":264,"column":35}},"96":{"start":{"line":267,"column":4},"end":{"line":267,"column":40}},"97":{"start":{"line":270,"column":4},"end":{"line":270,"column":78}},"98":{"start":{"line":273,"column":4},"end":{"line":273,"column":92}},"99":{"start":{"line":281,"column":25},"end":{"line":287,"column":2}},"100":{"start":{"line":282,"column":2},"end":{"line":286,"column":3}},"101":{"start":{"line":283,"column":4},"end":{"line":283,"column":35}},"102":{"start":{"line":285,"column":4},"end":{"line":285,"column":23}},"103":{"start":{"line":293,"column":23},"end":{"line":308,"column":2}},"104":{"start":{"line":294,"column":2},"end":{"line":307,"column":3}},"105":{"start":{"line":296,"column":24},"end":{"line":299,"column":30}},"106":{"start":{"line":302,"column":4},"end":{"line":302,"column":38}},"107":{"start":{"line":306,"column":4},"end":{"line":306,"column":61}},"108":{"start":{"line":313,"column":27},"end":{"line":328,"column":2}},"109":{"start":{"line":314,"column":26},"end":{"line":314,"column":34}},"110":{"start":{"line":315,"column":17},"end":{"line":315,"column":29}},"111":{"start":{"line":318,"column":26},"end":{"line":322,"column":4}},"112":{"start":{"line":325,"column":30},"end":{"line":325,"column":58}},"113":{"start":{"line":327,"column":2},"end":{"line":327,"column":44}},"114":{"start":{"line":331,"column":27},"end":{"line":355,"column":2}},"115":{"start":{"line":332,"column":26},"end":{"line":332,"column":34}},"116":{"start":{"line":333,"column":25},"end":{"line":333,"column":50}},"117":{"start":{"line":336,"column":23},"end":{"line":336,"column":66}},"118":{"start":{"line":338,"column":2},"end":{"line":341,"column":3}},"119":{"start":{"line":339,"column":4},"end":{"line":339,"column":20}},"120":{"start":{"line":340,"column":4},"end":{"line":340,"column":46}},"121":{"start":{"line":344,"column":2},"end":{"line":347,"column":3}},"122":{"start":{"line":345,"column":4},"end":{"line":345,"column":20}},"123":{"start":{"line":346,"column":4},"end":{"line":346,"column":64}},"124":{"start":{"line":350,"column":2},"end":{"line":350,"column":27}},"125":{"start":{"line":351,"column":2},"end":{"line":351,"column":29}},"126":{"start":{"line":352,"column":30},"end":{"line":352,"column":55}},"127":{"start":{"line":354,"column":2},"end":{"line":354,"column":44}},"128":{"start":{"line":358,"column":27},"end":{"line":385,"column":2}},"129":{"start":{"line":359,"column":25},"end":{"line":359,"column":50}},"130":{"start":{"line":362,"column":23},"end":{"line":362,"column":66}},"131":{"start":{"line":364,"column":2},"end":{"line":367,"column":3}},"132":{"start":{"line":365,"column":4},"end":{"line":365,"column":20}},"133":{"start":{"line":366,"column":4},"end":{"line":366,"column":46}},"134":{"start":{"line":370,"column":2},"end":{"line":373,"column":3}},"135":{"start":{"line":371,"column":4},"end":{"line":371,"column":20}},"136":{"start":{"line":372,"column":4},"end":{"line":372,"column":64}},"137":{"start":{"line":375,"column":2},"end":{"line":384,"column":3}},"138":{"start":{"line":377,"column":4},"end":{"line":377,"column":58}},"139":{"start":{"line":379,"column":4},"end":{"line":379,"column":62}},"140":{"start":{"line":382,"column":4},"end":{"line":382,"column":25}},"141":{"start":{"line":383,"column":4},"end":{"line":383,"column":63}},"142":{"start":{"line":389,"column":20},"end":{"line":411,"column":2}},"143":{"start":{"line":390,"column":27},"end":{"line":390,"column":35}},"144":{"start":{"line":391,"column":17},"end":{"line":391,"column":29}},"145":{"start":{"line":393,"column":2},"end":{"line":393,"column":32}},"146":{"start":{"line":395,"column":1},"end":{"line":410,"column":2}},"147":{"start":{"line":397,"column":19},"end":{"line":401,"column":4}},"148":{"start":{"line":404,"column":23},"end":{"line":404,"column":44}},"149":{"start":{"line":406,"column":2},"end":{"line":406,"column":37}},"150":{"start":{"line":408,"column":4},"end":{"line":408,"column":25}},"151":{"start":{"line":409,"column":4},"end":{"line":409,"column":63}},"152":{"start":{"line":414,"column":22},"end":{"line":421,"column":2}},"153":{"start":{"line":415,"column":17},"end":{"line":415,"column":29}},"154":{"start":{"line":418,"column":21},"end":{"line":418,"column":79}},"155":{"start":{"line":420,"column":2},"end":{"line":420,"column":35}},"156":{"start":{"line":424,"column":20},"end":{"line":454,"column":2}},"157":{"start":{"line":425,"column":18},"end":{"line":425,"column":36}},"158":{"start":{"line":426,"column":27},"end":{"line":426,"column":35}},"159":{"start":{"line":428,"column":2},"end":{"line":453,"column":3}},"160":{"start":{"line":430,"column":18},"end":{"line":430,"column":47}},"161":{"start":{"line":432,"column":4},"end":{"line":435,"column":5}},"162":{"start":{"line":434,"column":6},"end":{"line":434,"column":66}},"163":{"start":{"line":438,"column":4},"end":{"line":440,"column":5}},"164":{"start":{"line":439,"column":6},"end":{"line":439,"column":94}},"165":{"start":{"line":443,"column":4},"end":{"line":443,"column":39}},"166":{"start":{"line":444,"column":4},"end":{"line":444,"column":39}},"167":{"start":{"line":447,"column":25},"end":{"line":447,"column":43}},"168":{"start":{"line":449,"column":4},"end":{"line":449,"column":39}},"169":{"start":{"line":451,"column":4},"end":{"line":451,"column":25}},"170":{"start":{"line":452,"column":4},"end":{"line":452,"column":63}},"171":{"start":{"line":457,"column":20},"end":{"line":478,"column":2}},"172":{"start":{"line":458,"column":18},"end":{"line":458,"column":36}},"173":{"start":{"line":461,"column":16},"end":{"line":461,"column":45}},"174":{"start":{"line":463,"column":2},"end":{"line":466,"column":3}},"175":{"start":{"line":464,"column":4},"end":{"line":464,"column":20}},"176":{"start":{"line":465,"column":4},"end":{"line":465,"column":39}},"177":{"start":{"line":469,"column":2},"end":{"line":472,"column":3}},"178":{"start":{"line":470,"column":4},"end":{"line":470,"column":20}},"179":{"start":{"line":471,"column":4},"end":{"line":471,"column":57}},"180":{"start":{"line":475,"column":2},"end":{"line":475,"column":42}},"181":{"start":{"line":477,"column":2},"end":{"line":477,"column":53}}},"fnMap":{"0":{"name":"(anonymous_0)","decl":{"start":{"line":15,"column":35},"end":{"line":15,"column":36}},"loc":{"start":{"line":15,"column":55},"end":{"line":18,"column":1}},"line":15},"1":{"name":"(anonymous_1)","decl":{"start":{"line":23,"column":35},"end":{"line":23,"column":36}},"loc":{"start":{"line":23,"column":55},"end":{"line":26,"column":1}},"line":23},"2":{"name":"(anonymous_2)","decl":{"start":{"line":31,"column":35},"end":{"line":31,"column":36}},"loc":{"start":{"line":31,"column":55},"end":{"line":34,"column":1}},"line":31},"3":{"name":"(anonymous_3)","decl":{"start":{"line":40,"column":38},"end":{"line":40,"column":39}},"loc":{"start":{"line":40,"column":58},"end":{"line":43,"column":1}},"line":40},"4":{"name":"(anonymous_4)","decl":{"start":{"line":48,"column":36},"end":{"line":48,"column":37}},"loc":{"start":{"line":48,"column":56},"end":{"line":51,"column":1}},"line":48},"5":{"name":"(anonymous_5)","decl":{"start":{"line":56,"column":43},"end":{"line":56,"column":44}},"loc":{"start":{"line":56,"column":63},"end":{"line":59,"column":1}},"line":56},"6":{"name":"(anonymous_6)","decl":{"start":{"line":65,"column":33},"end":{"line":65,"column":34}},"loc":{"start":{"line":65,"column":53},"end":{"line":68,"column":1}},"line":65},"7":{"name":"(anonymous_7)","decl":{"start":{"line":74,"column":35},"end":{"line":74,"column":36}},"loc":{"start":{"line":74,"column":55},"end":{"line":98,"column":1}},"line":74},"8":{"name":"(anonymous_8)","decl":{"start":{"line":104,"column":33},"end":{"line":104,"column":34}},"loc":{"start":{"line":104,"column":53},"end":{"line":128,"column":1}},"line":104},"9":{"name":"(anonymous_9)","decl":{"start":{"line":134,"column":32},"end":{"line":134,"column":33}},"loc":{"start":{"line":134,"column":52},"end":{"line":154,"column":1}},"line":134},"10":{"name":"(anonymous_10)","decl":{"start":{"line":159,"column":34},"end":{"line":159,"column":35}},"loc":{"start":{"line":159,"column":54},"end":{"line":167,"column":1}},"line":159},"11":{"name":"(anonymous_11)","decl":{"start":{"line":172,"column":32},"end":{"line":172,"column":33}},"loc":{"start":{"line":172,"column":52},"end":{"line":201,"column":1}},"line":172},"12":{"name":"(anonymous_12)","decl":{"start":{"line":206,"column":32},"end":{"line":206,"column":33}},"loc":{"start":{"line":206,"column":52},"end":{"line":231,"column":1}},"line":206},"13":{"name":"(anonymous_13)","decl":{"start":{"line":237,"column":36},"end":{"line":237,"column":37}},"loc":{"start":{"line":237,"column":56},"end":{"line":248,"column":1}},"line":237},"14":{"name":"(anonymous_14)","decl":{"start":{"line":253,"column":36},"end":{"line":253,"column":37}},"loc":{"start":{"line":253,"column":56},"end":{"line":275,"column":1}},"line":253},"15":{"name":"(anonymous_15)","decl":{"start":{"line":281,"column":38},"end":{"line":281,"column":39}},"loc":{"start":{"line":281,"column":58},"end":{"line":287,"column":1}},"line":281},"16":{"name":"(anonymous_16)","decl":{"start":{"line":293,"column":36},"end":{"line":293,"column":37}},"loc":{"start":{"line":293,"column":56},"end":{"line":308,"column":1}},"line":293},"17":{"name":"(anonymous_17)","decl":{"start":{"line":313,"column":40},"end":{"line":313,"column":41}},"loc":{"start":{"line":313,"column":60},"end":{"line":328,"column":1}},"line":313},"18":{"name":"(anonymous_18)","decl":{"start":{"line":331,"column":40},"end":{"line":331,"column":41}},"loc":{"start":{"line":331,"column":60},"end":{"line":355,"column":1}},"line":331},"19":{"name":"(anonymous_19)","decl":{"start":{"line":358,"column":40},"end":{"line":358,"column":41}},"loc":{"start":{"line":358,"column":60},"end":{"line":385,"column":1}},"line":358},"20":{"name":"(anonymous_20)","decl":{"start":{"line":389,"column":33},"end":{"line":389,"column":34}},"loc":{"start":{"line":389,"column":53},"end":{"line":411,"column":1}},"line":389},"21":{"name":"(anonymous_21)","decl":{"start":{"line":414,"column":35},"end":{"line":414,"column":36}},"loc":{"start":{"line":414,"column":55},"end":{"line":421,"column":1}},"line":414},"22":{"name":"(anonymous_22)","decl":{"start":{"line":424,"column":33},"end":{"line":424,"column":34}},"loc":{"start":{"line":424,"column":53},"end":{"line":454,"column":1}},"line":424},"23":{"name":"(anonymous_23)","decl":{"start":{"line":457,"column":33},"end":{"line":457,"column":34}},"loc":{"start":{"line":457,"column":53},"end":{"line":478,"column":1}},"line":457}},"branchMap":{"0":{"loc":{"start":{"line":80,"column":2},"end":{"line":83,"column":3}},"type":"if","locations":[{"start":{"line":80,"column":2},"end":{"line":83,"column":3}},{"start":{},"end":{}}],"line":80},"1":{"loc":{"start":{"line":86,"column":2},"end":{"line":89,"column":3}},"type":"if","locations":[{"start":{"line":86,"column":2},"end":{"line":89,"column":3}},{"start":{},"end":{}}],"line":86},"2":{"loc":{"start":{"line":110,"column":2},"end":{"line":113,"column":3}},"type":"if","locations":[{"start":{"line":110,"column":2},"end":{"line":113,"column":3}},{"start":{},"end":{}}],"line":110},"3":{"loc":{"start":{"line":116,"column":2},"end":{"line":119,"column":3}},"type":"if","locations":[{"start":{"line":116,"column":2},"end":{"line":119,"column":3}},{"start":{},"end":{}}],"line":116},"4":{"loc":{"start":{"line":179,"column":2},"end":{"line":182,"column":3}},"type":"if","locations":[{"start":{"line":179,"column":2},"end":{"line":182,"column":3}},{"start":{},"end":{}}],"line":179},"5":{"loc":{"start":{"line":185,"column":2},"end":{"line":188,"column":3}},"type":"if","locations":[{"start":{"line":185,"column":2},"end":{"line":188,"column":3}},{"start":{},"end":{}}],"line":185},"6":{"loc":{"start":{"line":185,"column":6},"end":{"line":185,"column":83}},"type":"binary-expr","locations":[{"start":{"line":185,"column":6},"end":{"line":185,"column":54}},{"start":{"line":185,"column":58},"end":{"line":185,"column":83}}],"line":185},"7":{"loc":{"start":{"line":215,"column":2},"end":{"line":218,"column":3}},"type":"if","locations":[{"start":{"line":215,"column":2},"end":{"line":218,"column":3}},{"start":{},"end":{}}],"line":215},"8":{"loc":{"start":{"line":221,"column":2},"end":{"line":224,"column":3}},"type":"if","locations":[{"start":{"line":221,"column":2},"end":{"line":224,"column":3}},{"start":{},"end":{}}],"line":221},"9":{"loc":{"start":{"line":221,"column":6},"end":{"line":221,"column":83}},"type":"binary-expr","locations":[{"start":{"line":221,"column":6},"end":{"line":221,"column":54}},{"start":{"line":221,"column":58},"end":{"line":221,"column":83}}],"line":221},"10":{"loc":{"start":{"line":260,"column":4},"end":{"line":263,"column":5}},"type":"if","locations":[{"start":{"line":260,"column":4},"end":{"line":263,"column":5}},{"start":{},"end":{}}],"line":260},"11":{"loc":{"start":{"line":338,"column":2},"end":{"line":341,"column":3}},"type":"if","locations":[{"start":{"line":338,"column":2},"end":{"line":341,"column":3}},{"start":{},"end":{}}],"line":338},"12":{"loc":{"start":{"line":344,"column":2},"end":{"line":347,"column":3}},"type":"if","locations":[{"start":{"line":344,"column":2},"end":{"line":347,"column":3}},{"start":{},"end":{}}],"line":344},"13":{"loc":{"start":{"line":344,"column":6},"end":{"line":344,"column":91}},"type":"binary-expr","locations":[{"start":{"line":344,"column":6},"end":{"line":344,"column":62}},{"start":{"line":344,"column":66},"end":{"line":344,"column":91}}],"line":344},"14":{"loc":{"start":{"line":364,"column":2},"end":{"line":367,"column":3}},"type":"if","locations":[{"start":{"line":364,"column":2},"end":{"line":367,"column":3}},{"start":{},"end":{}}],"line":364},"15":{"loc":{"start":{"line":370,"column":2},"end":{"line":373,"column":3}},"type":"if","locations":[{"start":{"line":370,"column":2},"end":{"line":373,"column":3}},{"start":{},"end":{}}],"line":370},"16":{"loc":{"start":{"line":370,"column":6},"end":{"line":370,"column":91}},"type":"binary-expr","locations":[{"start":{"line":370,"column":6},"end":{"line":370,"column":62}},{"start":{"line":370,"column":66},"end":{"line":370,"column":91}}],"line":370},"17":{"loc":{"start":{"line":432,"column":4},"end":{"line":435,"column":5}},"type":"if","locations":[{"start":{"line":432,"column":4},"end":{"line":435,"column":5}},{"start":{},"end":{}}],"line":432},"18":{"loc":{"start":{"line":438,"column":4},"end":{"line":440,"column":5}},"type":"if","locations":[{"start":{"line":438,"column":4},"end":{"line":440,"column":5}},{"start":{},"end":{}}],"line":438},"19":{"loc":{"start":{"line":443,"column":18},"end":{"line":443,"column":38}},"type":"binary-expr","locations":[{"start":{"line":443,"column":18},"end":{"line":443,"column":23}},{"start":{"line":443,"column":27},"end":{"line":443,"column":38}}],"line":443},"20":{"loc":{"start":{"line":444,"column":18},"end":{"line":444,"column":38}},"type":"binary-expr","locations":[{"start":{"line":444,"column":18},"end":{"line":444,"column":23}},{"start":{"line":444,"column":27},"end":{"line":444,"column":38}}],"line":444},"21":{"loc":{"start":{"line":463,"column":2},"end":{"line":466,"column":3}},"type":"if","locations":[{"start":{"line":463,"column":2},"end":{"line":466,"column":3}},{"start":{},"end":{}}],"line":463},"22":{"loc":{"start":{"line":469,"column":2},"end":{"line":472,"column":3}},"type":"if","locations":[{"start":{"line":469,"column":2},"end":{"line":472,"column":3}},{"start":{},"end":{}}],"line":469}},"s":{"0":1,"1":0,"2":0,"3":1,"4":0,"5":0,"6":1,"7":0,"8":0,"9":1,"10":0,"11":0,"12":1,"13":0,"14":0,"15":1,"16":0,"17":0,"18":1,"19":0,"20":0,"21":1,"22":0,"23":0,"24":0,"25":0,"26":0,"27":0,"28":0,"29":0,"30":0,"31":0,"32":0,"33":1,"34":0,"35":0,"36":0,"37":0,"38":0,"39":0,"40":0,"41":0,"42":0,"43":0,"44":0,"45":1,"46":0,"47":0,"48":0,"49":0,"50":0,"51":1,"52":0,"53":0,"54":0,"55":1,"56":0,"57":0,"58":0,"59":0,"60":0,"61":0,"62":0,"63":0,"64":0,"65":0,"66":0,"67":0,"68":0,"69":0,"70":0,"71":1,"72":0,"73":0,"74":0,"75":0,"76":0,"77":0,"78":0,"79":0,"80":0,"81":0,"82":0,"83":0,"84":1,"85":0,"86":0,"87":0,"88":0,"89":1,"90":0,"91":0,"92":0,"93":0,"94":0,"95":0,"96":0,"97":0,"98":0,"99":1,"100":0,"101":0,"102":0,"103":1,"104":0,"105":0,"106":0,"107":0,"108":1,"109":0,"110":0,"111":0,"112":0,"113":0,"114":1,"115":0,"116":0,"117":0,"118":0,"119":0,"120":0,"121":0,"122":0,"123":0,"124":0,"125":0,"126":0,"127":0,"128":1,"129":0,"130":0,"131":0,"132":0,"133":0,"134":0,"135":0,"136":0,"137":0,"138":0,"139":0,"140":0,"141":0,"142":1,"143":0,"144":0,"145":0,"146":0,"147":0,"148":0,"149":0,"150":0,"151":0,"152":1,"153":0,"154":0,"155":0,"156":1,"157":0,"158":0,"159":0,"160":0,"161":0,"162":0,"163":0,"164":0,"165":0,"166":0,"167":0,"168":0,"169":0,"170":0,"171":1,"172":0,"173":0,"174":0,"175":0,"176":0,"177":0,"178":0,"179":0,"180":0,"181":0},"f":{"0":0,"1":0,"2":0,"3":0,"4":0,"5":0,"6":0,"7":0,"8":0,"9":0,"10":0,"11":0,"12":0,"13":0,"14":0,"15":0,"16":0,"17":0,"18":0,"19":0,"20":0,"21":0,"22":0,"23":0},"b":{"0":[0,0],"1":[0,0],"2":[0,0],"3":[0,0],"4":[0,0],"5":[0,0],"6":[0,0],"7":[0,0],"8":[0,0],"9":[0,0],"10":[0,0],"11":[0,0],"12":[0,0],"13":[0,0],"14":[0,0],"15":[0,0],"16":[0,0],"17":[0,0],"18":[0,0],"19":[0,0],"20":[0,0],"21":[0,0],"22":[0,0]},"_coverageSchema":"1a1c01bbd47fc00a2c39e90264f33305004495a9","hash":"4c3f59e8cf0e1e9c930e199933ecebc35755cc9d"}
,"C:\\Users\\SAHEED PC\\Desktop\\Portfolio\\namssn-website\\backend\\controllers\\mailer.js": {"path":"C:\\Users\\SAHEED PC\\Desktop\\Portfolio\\namssn-website\\backend\\controllers\\mailer.js","statementMap":{"0":{"start":{"line":4,"column":0},"end":{"line":4,"column":16}},"1":{"start":{"line":8,"column":17},"end":{"line":15,"column":1}},"2":{"start":{"line":17,"column":18},"end":{"line":17,"column":56}},"3":{"start":{"line":19,"column":20},"end":{"line":25,"column":2}},"4":{"start":{"line":34,"column":28},"end":{"line":73,"column":1}},"5":{"start":{"line":35,"column":49},"end":{"line":35,"column":57}},"6":{"start":{"line":38,"column":14},"end":{"line":52,"column":3}},"7":{"start":{"line":55,"column":18},"end":{"line":55,"column":53}},"8":{"start":{"line":58,"column":16},"end":{"line":63,"column":3}},"9":{"start":{"line":65,"column":2},"end":{"line":65,"column":46}},"10":{"start":{"line":67,"column":2},"end":{"line":72,"column":48}},"11":{"start":{"line":69,"column":4},"end":{"line":69,"column":43}},"12":{"start":{"line":70,"column":4},"end":{"line":70,"column":86}},"13":{"start":{"line":72,"column":18},"end":{"line":72,"column":47}}},"fnMap":{"0":{"name":"(anonymous_0)","decl":{"start":{"line":34,"column":28},"end":{"line":34,"column":29}},"loc":{"start":{"line":34,"column":47},"end":{"line":73,"column":1}},"line":34},"1":{"name":"(anonymous_1)","decl":{"start":{"line":68,"column":8},"end":{"line":68,"column":9}},"loc":{"start":{"line":68,"column":14},"end":{"line":71,"column":3}},"line":68},"2":{"name":"(anonymous_2)","decl":{"start":{"line":72,"column":9},"end":{"line":72,"column":10}},"loc":{"start":{"line":72,"column":18},"end":{"line":72,"column":47}},"line":72}},"branchMap":{"0":{"loc":{"start":{"line":41,"column":13},"end":{"line":41,"column":101}},"type":"binary-expr","locations":[{"start":{"line":41,"column":13},"end":{"line":41,"column":17}},{"start":{"line":41,"column":21},"end":{"line":41,"column":101}}],"line":41},"1":{"loc":{"start":{"line":61,"column":13},"end":{"line":61,"column":62}},"type":"binary-expr","locations":[{"start":{"line":61,"column":13},"end":{"line":61,"column":20}},{"start":{"line":61,"column":24},"end":{"line":61,"column":62}}],"line":61}},"s":{"0":1,"1":1,"2":1,"3":1,"4":1,"5":0,"6":0,"7":0,"8":0,"9":0,"10":0,"11":0,"12":0,"13":0},"f":{"0":0,"1":0,"2":0},"b":{"0":[0,0],"1":[0,0]},"_coverageSchema":"1a1c01bbd47fc00a2c39e90264f33305004495a9","hash":"48c74c2bb1b27ce4f526b09f92e5a13fd6f10e10"}
,"C:\\Users\\SAHEED PC\\Desktop\\Portfolio\\namssn-website\\backend\\controllers\\postController.js": {"path":"C:\\Users\\SAHEED PC\\Desktop\\Portfolio\\namssn-website\\backend\\controllers\\postController.js","statementMap":{"0":{"start":{"line":10,"column":19},"end":{"line":36,"column":4}},"1":{"start":{"line":11,"column":25},"end":{"line":11,"column":33}},"2":{"start":{"line":14,"column":16},"end":{"line":14,"column":28}},"3":{"start":{"line":17,"column":17},"end":{"line":21,"column":3}},"4":{"start":{"line":24,"column":21},"end":{"line":24,"column":41}},"5":{"start":{"line":27,"column":14},"end":{"line":27,"column":41}},"6":{"start":{"line":30,"column":1},"end":{"line":30,"column":34}},"7":{"start":{"line":33,"column":1},"end":{"line":33,"column":19}},"8":{"start":{"line":35,"column":1},"end":{"line":35,"column":35}},"9":{"start":{"line":41,"column":20},"end":{"line":91,"column":2}},"10":{"start":{"line":43,"column":2},"end":{"line":43,"column":36}},"11":{"start":{"line":45,"column":14},"end":{"line":45,"column":43}},"12":{"start":{"line":46,"column":18},"end":{"line":46,"column":52}},"13":{"start":{"line":49,"column":14},"end":{"line":49,"column":35}},"14":{"start":{"line":51,"column":1},"end":{"line":90,"column":3}},"15":{"start":{"line":53,"column":18},"end":{"line":69,"column":22}},"16":{"start":{"line":72,"column":23},"end":{"line":72,"column":50}},"17":{"start":{"line":74,"column":23},"end":{"line":74,"column":55}},"18":{"start":{"line":76,"column":4},"end":{"line":76,"column":45}},"19":{"start":{"line":78,"column":21},"end":{"line":84,"column":5}},"20":{"start":{"line":86,"column":4},"end":{"line":86,"column":35}},"21":{"start":{"line":88,"column":4},"end":{"line":88,"column":50}},"22":{"start":{"line":89,"column":4},"end":{"line":89,"column":76}},"23":{"start":{"line":96,"column":21},"end":{"line":114,"column":2}},"24":{"start":{"line":97,"column":1},"end":{"line":113,"column":2}},"25":{"start":{"line":98,"column":18},"end":{"line":98,"column":35}},"26":{"start":{"line":101,"column":4},"end":{"line":101,"column":53}},"27":{"start":{"line":102,"column":21},"end":{"line":102,"column":78}},"28":{"start":{"line":104,"column":3},"end":{"line":109,"column":4}},"29":{"start":{"line":105,"column":2},"end":{"line":105,"column":69}},"30":{"start":{"line":107,"column":2},"end":{"line":107,"column":34}},"31":{"start":{"line":108,"column":2},"end":{"line":108,"column":65}},"32":{"start":{"line":111,"column":3},"end":{"line":111,"column":54}},"33":{"start":{"line":112,"column":3},"end":{"line":112,"column":80}},"34":{"start":{"line":119,"column":19},"end":{"line":144,"column":4}},"35":{"start":{"line":121,"column":16},"end":{"line":121,"column":33}},"36":{"start":{"line":124,"column":14},"end":{"line":124,"column":41}},"37":{"start":{"line":126,"column":1},"end":{"line":129,"column":2}},"38":{"start":{"line":127,"column":3},"end":{"line":127,"column":19}},"39":{"start":{"line":128,"column":3},"end":{"line":128,"column":37}},"40":{"start":{"line":132,"column":1},"end":{"line":135,"column":2}},"41":{"start":{"line":133,"column":3},"end":{"line":133,"column":19}},"42":{"start":{"line":134,"column":3},"end":{"line":134,"column":40}},"43":{"start":{"line":138,"column":1},"end":{"line":138,"column":27}},"44":{"start":{"line":141,"column":1},"end":{"line":141,"column":19}},"45":{"start":{"line":143,"column":1},"end":{"line":143,"column":28}},"46":{"start":{"line":149,"column":19},"end":{"line":169,"column":2}},"47":{"start":{"line":151,"column":16},"end":{"line":151,"column":31}},"48":{"start":{"line":154,"column":14},"end":{"line":154,"column":41}},"49":{"start":{"line":156,"column":1},"end":{"line":159,"column":2}},"50":{"start":{"line":157,"column":3},"end":{"line":157,"column":19}},"51":{"start":{"line":158,"column":3},"end":{"line":158,"column":37}},"52":{"start":{"line":161,"column":1},"end":{"line":168,"column":2}},"53":{"start":{"line":163,"column":3},"end":{"line":163,"column":41}},"54":{"start":{"line":164,"column":3},"end":{"line":164,"column":48}},"55":{"start":{"line":166,"column":3},"end":{"line":166,"column":19}},"56":{"start":{"line":167,"column":3},"end":{"line":167,"column":40}},"57":{"start":{"line":174,"column":19},"end":{"line":231,"column":2}},"58":{"start":{"line":175,"column":17},"end":{"line":175,"column":34}},"59":{"start":{"line":176,"column":17},"end":{"line":176,"column":29}},"60":{"start":{"line":179,"column":15},"end":{"line":179,"column":42}},"61":{"start":{"line":181,"column":2},"end":{"line":230,"column":3}},"62":{"start":{"line":183,"column":25},"end":{"line":183,"column":53}},"63":{"start":{"line":184,"column":27},"end":{"line":184,"column":57}},"64":{"start":{"line":186,"column":4},"end":{"line":196,"column":5}},"65":{"start":{"line":188,"column":6},"end":{"line":188,"column":47}},"66":{"start":{"line":191,"column":19},"end":{"line":191,"column":49}},"67":{"start":{"line":192,"column":6},"end":{"line":195,"column":7}},"68":{"start":{"line":193,"column":8},"end":{"line":193,"column":25}},"69":{"start":{"line":194,"column":8},"end":{"line":194,"column":26}},"70":{"start":{"line":198,"column":4},"end":{"line":219,"column":5}},"71":{"start":{"line":200,"column":6},"end":{"line":200,"column":32}},"72":{"start":{"line":203,"column":19},"end":{"line":203,"column":49}},"73":{"start":{"line":204,"column":6},"end":{"line":207,"column":7}},"74":{"start":{"line":205,"column":8},"end":{"line":205,"column":25}},"75":{"start":{"line":206,"column":8},"end":{"line":206,"column":26}},"76":{"start":{"line":209,"column":3},"end":{"line":218,"column":4}},"77":{"start":{"line":211,"column":25},"end":{"line":216,"column":6}},"78":{"start":{"line":217,"column":4},"end":{"line":217,"column":30}},"79":{"start":{"line":221,"column":2},"end":{"line":221,"column":20}},"80":{"start":{"line":223,"column":4},"end":{"line":226,"column":7}},"81":{"start":{"line":228,"column":4},"end":{"line":228,"column":20}},"82":{"start":{"line":229,"column":4},"end":{"line":229,"column":38}},"83":{"start":{"line":237,"column":21},"end":{"line":294,"column":2}},"84":{"start":{"line":238,"column":16},"end":{"line":238,"column":33}},"85":{"start":{"line":239,"column":16},"end":{"line":239,"column":28}},"86":{"start":{"line":242,"column":14},"end":{"line":242,"column":41}},"87":{"start":{"line":244,"column":1},"end":{"line":293,"column":2}},"88":{"start":{"line":246,"column":23},"end":{"line":246,"column":51}},"89":{"start":{"line":247,"column":25},"end":{"line":247,"column":55}},"90":{"start":{"line":249,"column":2},"end":{"line":259,"column":3}},"91":{"start":{"line":251,"column":3},"end":{"line":251,"column":40}},"92":{"start":{"line":254,"column":16},"end":{"line":254,"column":46}},"93":{"start":{"line":255,"column":3},"end":{"line":258,"column":4}},"94":{"start":{"line":256,"column":5},"end":{"line":256,"column":22}},"95":{"start":{"line":257,"column":5},"end":{"line":257,"column":23}},"96":{"start":{"line":261,"column":2},"end":{"line":282,"column":3}},"97":{"start":{"line":263,"column":3},"end":{"line":263,"column":31}},"98":{"start":{"line":266,"column":16},"end":{"line":266,"column":46}},"99":{"start":{"line":267,"column":3},"end":{"line":270,"column":4}},"100":{"start":{"line":268,"column":5},"end":{"line":268,"column":22}},"101":{"start":{"line":269,"column":5},"end":{"line":269,"column":23}},"102":{"start":{"line":272,"column":3},"end":{"line":281,"column":4}},"103":{"start":{"line":274,"column":25},"end":{"line":279,"column":6}},"104":{"start":{"line":280,"column":4},"end":{"line":280,"column":30}},"105":{"start":{"line":284,"column":2},"end":{"line":284,"column":20}},"106":{"start":{"line":285,"column":4},"end":{"line":285,"column":47}},"107":{"start":{"line":286,"column":2},"end":{"line":289,"column":7}},"108":{"start":{"line":291,"column":2},"end":{"line":291,"column":18}},"109":{"start":{"line":292,"column":2},"end":{"line":292,"column":36}},"110":{"start":{"line":301,"column":24},"end":{"line":318,"column":2}},"111":{"start":{"line":303,"column":16},"end":{"line":303,"column":33}},"112":{"start":{"line":305,"column":1},"end":{"line":305,"column":53}},"113":{"start":{"line":307,"column":14},"end":{"line":307,"column":41}},"114":{"start":{"line":309,"column":1},"end":{"line":312,"column":2}},"115":{"start":{"line":310,"column":3},"end":{"line":310,"column":19}},"116":{"start":{"line":311,"column":3},"end":{"line":311,"column":37}},"117":{"start":{"line":315,"column":18},"end":{"line":315,"column":106}},"118":{"start":{"line":317,"column":1},"end":{"line":317,"column":32}},"119":{"start":{"line":325,"column":26},"end":{"line":371,"column":4}},"120":{"start":{"line":327,"column":16},"end":{"line":327,"column":33}},"121":{"start":{"line":330,"column":18},"end":{"line":330,"column":26}},"122":{"start":{"line":332,"column":1},"end":{"line":332,"column":37}},"123":{"start":{"line":334,"column":14},"end":{"line":334,"column":41}},"124":{"start":{"line":336,"column":1},"end":{"line":339,"column":2}},"125":{"start":{"line":337,"column":3},"end":{"line":337,"column":19}},"126":{"start":{"line":338,"column":3},"end":{"line":338,"column":37}},"127":{"start":{"line":340,"column":4},"end":{"line":340,"column":55}},"128":{"start":{"line":342,"column":20},"end":{"line":346,"column":3}},"129":{"start":{"line":349,"column":24},"end":{"line":349,"column":47}},"130":{"start":{"line":352,"column":1},"end":{"line":352,"column":40}},"131":{"start":{"line":353,"column":1},"end":{"line":353,"column":19}},"132":{"start":{"line":355,"column":1},"end":{"line":364,"column":3}},"133":{"start":{"line":357,"column":23},"end":{"line":362,"column":4}},"134":{"start":{"line":363,"column":2},"end":{"line":363,"column":28}},"135":{"start":{"line":366,"column":1},"end":{"line":369,"column":5}},"136":{"start":{"line":370,"column":2},"end":{"line":370,"column":46}},"137":{"start":{"line":378,"column":26},"end":{"line":419,"column":4}},"138":{"start":{"line":380,"column":16},"end":{"line":380,"column":33}},"139":{"start":{"line":381,"column":19},"end":{"line":381,"column":39}},"140":{"start":{"line":384,"column":18},"end":{"line":384,"column":26}},"141":{"start":{"line":387,"column":14},"end":{"line":387,"column":41}},"142":{"start":{"line":389,"column":1},"end":{"line":392,"column":2}},"143":{"start":{"line":390,"column":3},"end":{"line":390,"column":19}},"144":{"start":{"line":391,"column":3},"end":{"line":391,"column":37}},"145":{"start":{"line":395,"column":17},"end":{"line":395,"column":54}},"146":{"start":{"line":397,"column":1},"end":{"line":400,"column":2}},"147":{"start":{"line":398,"column":3},"end":{"line":398,"column":19}},"148":{"start":{"line":399,"column":3},"end":{"line":399,"column":40}},"149":{"start":{"line":403,"column":1},"end":{"line":406,"column":2}},"150":{"start":{"line":404,"column":3},"end":{"line":404,"column":19}},"151":{"start":{"line":405,"column":3},"end":{"line":405,"column":40}},"152":{"start":{"line":409,"column":1},"end":{"line":409,"column":21}},"153":{"start":{"line":412,"column":24},"end":{"line":412,"column":48}},"154":{"start":{"line":414,"column":1},"end":{"line":417,"column":5}},"155":{"start":{"line":418,"column":2},"end":{"line":418,"column":46}},"156":{"start":{"line":426,"column":26},"end":{"line":479,"column":4}},"157":{"start":{"line":428,"column":16},"end":{"line":428,"column":33}},"158":{"start":{"line":429,"column":19},"end":{"line":429,"column":39}},"159":{"start":{"line":432,"column":14},"end":{"line":432,"column":41}},"160":{"start":{"line":434,"column":1},"end":{"line":437,"column":2}},"161":{"start":{"line":435,"column":3},"end":{"line":435,"column":19}},"162":{"start":{"line":436,"column":3},"end":{"line":436,"column":37}},"163":{"start":{"line":440,"column":17},"end":{"line":440,"column":54}},"164":{"start":{"line":442,"column":1},"end":{"line":445,"column":2}},"165":{"start":{"line":443,"column":3},"end":{"line":443,"column":19}},"166":{"start":{"line":444,"column":3},"end":{"line":444,"column":40}},"167":{"start":{"line":448,"column":1},"end":{"line":451,"column":2}},"168":{"start":{"line":449,"column":3},"end":{"line":449,"column":19}},"169":{"start":{"line":450,"column":3},"end":{"line":450,"column":40}},"170":{"start":{"line":454,"column":22},"end":{"line":454,"column":54}},"171":{"start":{"line":456,"column":1},"end":{"line":458,"column":2}},"172":{"start":{"line":457,"column":3},"end":{"line":457,"column":41}},"173":{"start":{"line":461,"column":1},"end":{"line":461,"column":49}},"174":{"start":{"line":464,"column":1},"end":{"line":464,"column":19}},"175":{"start":{"line":466,"column":1},"end":{"line":475,"column":2}},"176":{"start":{"line":468,"column":23},"end":{"line":473,"column":4}},"177":{"start":{"line":474,"column":2},"end":{"line":474,"column":28}},"178":{"start":{"line":477,"column":1},"end":{"line":477,"column":46}},"179":{"start":{"line":478,"column":2},"end":{"line":478,"column":46}},"180":{"start":{"line":486,"column":22},"end":{"line":553,"column":5}},"181":{"start":{"line":488,"column":16},"end":{"line":488,"column":33}},"182":{"start":{"line":489,"column":19},"end":{"line":489,"column":39}},"183":{"start":{"line":490,"column":16},"end":{"line":490,"column":28}},"184":{"start":{"line":493,"column":14},"end":{"line":493,"column":41}},"185":{"start":{"line":495,"column":1},"end":{"line":552,"column":2}},"186":{"start":{"line":497,"column":19},"end":{"line":497,"column":56}},"187":{"start":{"line":499,"column":3},"end":{"line":548,"column":4}},"188":{"start":{"line":501,"column":23},"end":{"line":501,"column":54}},"189":{"start":{"line":502,"column":25},"end":{"line":502,"column":58}},"190":{"start":{"line":504,"column":2},"end":{"line":514,"column":3}},"191":{"start":{"line":506,"column":4},"end":{"line":506,"column":48}},"192":{"start":{"line":509,"column":17},"end":{"line":509,"column":50}},"193":{"start":{"line":510,"column":4},"end":{"line":513,"column":5}},"194":{"start":{"line":511,"column":3},"end":{"line":511,"column":20}},"195":{"start":{"line":512,"column":3},"end":{"line":512,"column":21}},"196":{"start":{"line":516,"column":2},"end":{"line":540,"column":3}},"197":{"start":{"line":518,"column":4},"end":{"line":518,"column":33}},"198":{"start":{"line":519,"column":4},"end":{"line":519,"column":47}},"199":{"start":{"line":522,"column":17},"end":{"line":522,"column":50}},"200":{"start":{"line":523,"column":4},"end":{"line":527,"column":5}},"201":{"start":{"line":524,"column":3},"end":{"line":524,"column":20}},"202":{"start":{"line":525,"column":6},"end":{"line":525,"column":53}},"203":{"start":{"line":526,"column":3},"end":{"line":526,"column":21}},"204":{"start":{"line":529,"column":3},"end":{"line":538,"column":4}},"205":{"start":{"line":531,"column":25},"end":{"line":536,"column":6}},"206":{"start":{"line":537,"column":4},"end":{"line":537,"column":30}},"207":{"start":{"line":542,"column":2},"end":{"line":542,"column":23}},"208":{"start":{"line":544,"column":2},"end":{"line":544,"column":47}},"209":{"start":{"line":546,"column":2},"end":{"line":546,"column":18}},"210":{"start":{"line":547,"column":2},"end":{"line":547,"column":39}},"211":{"start":{"line":550,"column":3},"end":{"line":550,"column":19}},"212":{"start":{"line":551,"column":3},"end":{"line":551,"column":37}},"213":{"start":{"line":560,"column":24},"end":{"line":625,"column":2}},"214":{"start":{"line":562,"column":16},"end":{"line":562,"column":33}},"215":{"start":{"line":563,"column":19},"end":{"line":563,"column":39}},"216":{"start":{"line":564,"column":16},"end":{"line":564,"column":28}},"217":{"start":{"line":567,"column":14},"end":{"line":567,"column":41}},"218":{"start":{"line":569,"column":1},"end":{"line":624,"column":2}},"219":{"start":{"line":571,"column":19},"end":{"line":571,"column":56}},"220":{"start":{"line":573,"column":3},"end":{"line":620,"column":4}},"221":{"start":{"line":575,"column":23},"end":{"line":575,"column":54}},"222":{"start":{"line":576,"column":25},"end":{"line":576,"column":58}},"223":{"start":{"line":578,"column":2},"end":{"line":588,"column":3}},"224":{"start":{"line":580,"column":4},"end":{"line":580,"column":44}},"225":{"start":{"line":583,"column":17},"end":{"line":583,"column":50}},"226":{"start":{"line":584,"column":4},"end":{"line":587,"column":5}},"227":{"start":{"line":585,"column":3},"end":{"line":585,"column":20}},"228":{"start":{"line":586,"column":3},"end":{"line":586,"column":21}},"229":{"start":{"line":590,"column":2},"end":{"line":612,"column":3}},"230":{"start":{"line":592,"column":4},"end":{"line":592,"column":35}},"231":{"start":{"line":595,"column":17},"end":{"line":595,"column":50}},"232":{"start":{"line":596,"column":4},"end":{"line":599,"column":5}},"233":{"start":{"line":597,"column":3},"end":{"line":597,"column":20}},"234":{"start":{"line":598,"column":3},"end":{"line":598,"column":21}},"235":{"start":{"line":601,"column":3},"end":{"line":610,"column":4}},"236":{"start":{"line":603,"column":25},"end":{"line":608,"column":6}},"237":{"start":{"line":609,"column":4},"end":{"line":609,"column":30}},"238":{"start":{"line":614,"column":2},"end":{"line":614,"column":23}},"239":{"start":{"line":616,"column":2},"end":{"line":616,"column":47}},"240":{"start":{"line":618,"column":2},"end":{"line":618,"column":18}},"241":{"start":{"line":619,"column":2},"end":{"line":619,"column":39}},"242":{"start":{"line":622,"column":3},"end":{"line":622,"column":19}},"243":{"start":{"line":623,"column":3},"end":{"line":623,"column":37}},"244":{"start":{"line":632,"column":25},"end":{"line":646,"column":2}},"245":{"start":{"line":633,"column":2},"end":{"line":645,"column":3}},"246":{"start":{"line":635,"column":26},"end":{"line":640,"column":8}},"247":{"start":{"line":642,"column":4},"end":{"line":642,"column":40}},"248":{"start":{"line":644,"column":4},"end":{"line":644,"column":52}},"249":{"start":{"line":653,"column":32},"end":{"line":658,"column":2}},"250":{"start":{"line":655,"column":1},"end":{"line":655,"column":71}},"251":{"start":{"line":657,"column":1},"end":{"line":657,"column":46}},"252":{"start":{"line":665,"column":27},"end":{"line":688,"column":1}},"253":{"start":{"line":667,"column":24},"end":{"line":667,"column":49}},"254":{"start":{"line":670,"column":22},"end":{"line":670,"column":65}},"255":{"start":{"line":672,"column":1},"end":{"line":675,"column":2}},"256":{"start":{"line":673,"column":3},"end":{"line":673,"column":19}},"257":{"start":{"line":674,"column":3},"end":{"line":674,"column":45}},"258":{"start":{"line":678,"column":1},"end":{"line":681,"column":2}},"259":{"start":{"line":679,"column":3},"end":{"line":679,"column":19}},"260":{"start":{"line":680,"column":3},"end":{"line":680,"column":40}},"261":{"start":{"line":684,"column":1},"end":{"line":684,"column":55}},"262":{"start":{"line":686,"column":1},"end":{"line":686,"column":46}},"263":{"start":{"line":695,"column":27},"end":{"line":706,"column":2}},"264":{"start":{"line":696,"column":2},"end":{"line":705,"column":3}},"265":{"start":{"line":698,"column":4},"end":{"line":698,"column":67}},"266":{"start":{"line":699,"column":4},"end":{"line":699,"column":58}},"267":{"start":{"line":701,"column":4},"end":{"line":701,"column":49}},"268":{"start":{"line":703,"column":4},"end":{"line":703,"column":59}},"269":{"start":{"line":704,"column":4},"end":{"line":704,"column":69}}},"fnMap":{"0":{"name":"(anonymous_0)","decl":{"start":{"line":10,"column":32},"end":{"line":10,"column":33}},"loc":{"start":{"line":10,"column":52},"end":{"line":36,"column":3}},"line":10},"1":{"name":"(anonymous_1)","decl":{"start":{"line":41,"column":33},"end":{"line":41,"column":34}},"loc":{"start":{"line":41,"column":53},"end":{"line":91,"column":1}},"line":41},"2":{"name":"(anonymous_2)","decl":{"start":{"line":96,"column":34},"end":{"line":96,"column":35}},"loc":{"start":{"line":96,"column":54},"end":{"line":114,"column":1}},"line":96},"3":{"name":"(anonymous_3)","decl":{"start":{"line":119,"column":32},"end":{"line":119,"column":33}},"loc":{"start":{"line":119,"column":52},"end":{"line":144,"column":3}},"line":119},"4":{"name":"(anonymous_4)","decl":{"start":{"line":149,"column":32},"end":{"line":149,"column":33}},"loc":{"start":{"line":149,"column":52},"end":{"line":169,"column":1}},"line":149},"5":{"name":"(anonymous_5)","decl":{"start":{"line":174,"column":32},"end":{"line":174,"column":33}},"loc":{"start":{"line":174,"column":52},"end":{"line":231,"column":1}},"line":174},"6":{"name":"(anonymous_6)","decl":{"start":{"line":237,"column":34},"end":{"line":237,"column":35}},"loc":{"start":{"line":237,"column":54},"end":{"line":294,"column":1}},"line":237},"7":{"name":"(anonymous_7)","decl":{"start":{"line":301,"column":37},"end":{"line":301,"column":38}},"loc":{"start":{"line":301,"column":57},"end":{"line":318,"column":1}},"line":301},"8":{"name":"(anonymous_8)","decl":{"start":{"line":325,"column":39},"end":{"line":325,"column":40}},"loc":{"start":{"line":325,"column":59},"end":{"line":371,"column":3}},"line":325},"9":{"name":"(anonymous_9)","decl":{"start":{"line":378,"column":39},"end":{"line":378,"column":40}},"loc":{"start":{"line":378,"column":59},"end":{"line":419,"column":3}},"line":378},"10":{"name":"(anonymous_10)","decl":{"start":{"line":426,"column":39},"end":{"line":426,"column":40}},"loc":{"start":{"line":426,"column":59},"end":{"line":479,"column":3}},"line":426},"11":{"name":"(anonymous_11)","decl":{"start":{"line":486,"column":35},"end":{"line":486,"column":36}},"loc":{"start":{"line":486,"column":55},"end":{"line":553,"column":4}},"line":486},"12":{"name":"(anonymous_12)","decl":{"start":{"line":560,"column":37},"end":{"line":560,"column":38}},"loc":{"start":{"line":560,"column":57},"end":{"line":625,"column":1}},"line":560},"13":{"name":"(anonymous_13)","decl":{"start":{"line":632,"column":38},"end":{"line":632,"column":39}},"loc":{"start":{"line":632,"column":58},"end":{"line":646,"column":1}},"line":632},"14":{"name":"(anonymous_14)","decl":{"start":{"line":653,"column":45},"end":{"line":653,"column":46}},"loc":{"start":{"line":653,"column":65},"end":{"line":658,"column":1}},"line":653},"15":{"name":"(anonymous_15)","decl":{"start":{"line":665,"column":40},"end":{"line":665,"column":41}},"loc":{"start":{"line":665,"column":60},"end":{"line":687,"column":2}},"line":665},"16":{"name":"(anonymous_16)","decl":{"start":{"line":695,"column":40},"end":{"line":695,"column":41}},"loc":{"start":{"line":695,"column":60},"end":{"line":706,"column":1}},"line":695}},"branchMap":{"0":{"loc":{"start":{"line":45,"column":14},"end":{"line":45,"column":43}},"type":"binary-expr","locations":[{"start":{"line":45,"column":14},"end":{"line":45,"column":38}},{"start":{"line":45,"column":42},"end":{"line":45,"column":43}}],"line":45},"1":{"loc":{"start":{"line":46,"column":18},"end":{"line":46,"column":52}},"type":"binary-expr","locations":[{"start":{"line":46,"column":18},"end":{"line":46,"column":46}},{"start":{"line":46,"column":50},"end":{"line":46,"column":52}}],"line":46},"2":{"loc":{"start":{"line":104,"column":3},"end":{"line":109,"column":4}},"type":"if","locations":[{"start":{"line":104,"column":3},"end":{"line":109,"column":4}},{"start":{"line":106,"column":10},"end":{"line":109,"column":4}}],"line":104},"3":{"loc":{"start":{"line":126,"column":1},"end":{"line":129,"column":2}},"type":"if","locations":[{"start":{"line":126,"column":1},"end":{"line":129,"column":2}},{"start":{},"end":{}}],"line":126},"4":{"loc":{"start":{"line":132,"column":1},"end":{"line":135,"column":2}},"type":"if","locations":[{"start":{"line":132,"column":1},"end":{"line":135,"column":2}},{"start":{},"end":{}}],"line":132},"5":{"loc":{"start":{"line":156,"column":1},"end":{"line":159,"column":2}},"type":"if","locations":[{"start":{"line":156,"column":1},"end":{"line":159,"column":2}},{"start":{},"end":{}}],"line":156},"6":{"loc":{"start":{"line":161,"column":1},"end":{"line":168,"column":2}},"type":"if","locations":[{"start":{"line":161,"column":1},"end":{"line":168,"column":2}},{"start":{"line":165,"column":8},"end":{"line":168,"column":2}}],"line":161},"7":{"loc":{"start":{"line":161,"column":5},"end":{"line":161,"column":73}},"type":"binary-expr","locations":[{"start":{"line":161,"column":5},"end":{"line":161,"column":53}},{"start":{"line":161,"column":57},"end":{"line":161,"column":73}}],"line":161},"8":{"loc":{"start":{"line":181,"column":2},"end":{"line":230,"column":3}},"type":"if","locations":[{"start":{"line":181,"column":2},"end":{"line":230,"column":3}},{"start":{"line":227,"column":9},"end":{"line":230,"column":3}}],"line":181},"9":{"loc":{"start":{"line":186,"column":4},"end":{"line":196,"column":5}},"type":"if","locations":[{"start":{"line":186,"column":4},"end":{"line":196,"column":5}},{"start":{},"end":{}}],"line":186},"10":{"loc":{"start":{"line":192,"column":6},"end":{"line":195,"column":7}},"type":"if","locations":[{"start":{"line":192,"column":6},"end":{"line":195,"column":7}},{"start":{},"end":{}}],"line":192},"11":{"loc":{"start":{"line":198,"column":4},"end":{"line":219,"column":5}},"type":"if","locations":[{"start":{"line":198,"column":4},"end":{"line":219,"column":5}},{"start":{},"end":{}}],"line":198},"12":{"loc":{"start":{"line":204,"column":6},"end":{"line":207,"column":7}},"type":"if","locations":[{"start":{"line":204,"column":6},"end":{"line":207,"column":7}},{"start":{},"end":{}}],"line":204},"13":{"loc":{"start":{"line":209,"column":3},"end":{"line":218,"column":4}},"type":"if","locations":[{"start":{"line":209,"column":3},"end":{"line":218,"column":4}},{"start":{},"end":{}}],"line":209},"14":{"loc":{"start":{"line":244,"column":1},"end":{"line":293,"column":2}},"type":"if","locations":[{"start":{"line":244,"column":1},"end":{"line":293,"column":2}},{"start":{"line":290,"column":8},"end":{"line":293,"column":2}}],"line":244},"15":{"loc":{"start":{"line":249,"column":2},"end":{"line":259,"column":3}},"type":"if","locations":[{"start":{"line":249,"column":2},"end":{"line":259,"column":3}},{"start":{},"end":{}}],"line":249},"16":{"loc":{"start":{"line":255,"column":3},"end":{"line":258,"column":4}},"type":"if","locations":[{"start":{"line":255,"column":3},"end":{"line":258,"column":4}},{"start":{},"end":{}}],"line":255},"17":{"loc":{"start":{"line":261,"column":2},"end":{"line":282,"column":3}},"type":"if","locations":[{"start":{"line":261,"column":2},"end":{"line":282,"column":3}},{"start":{},"end":{}}],"line":261},"18":{"loc":{"start":{"line":267,"column":3},"end":{"line":270,"column":4}},"type":"if","locations":[{"start":{"line":267,"column":3},"end":{"line":270,"column":4}},{"start":{},"end":{}}],"line":267},"19":{"loc":{"start":{"line":272,"column":3},"end":{"line":281,"column":4}},"type":"if","locations":[{"start":{"line":272,"column":3},"end":{"line":281,"column":4}},{"start":{},"end":{}}],"line":272},"20":{"loc":{"start":{"line":309,"column":1},"end":{"line":312,"column":2}},"type":"if","locations":[{"start":{"line":309,"column":1},"end":{"line":312,"column":2}},{"start":{},"end":{}}],"line":309},"21":{"loc":{"start":{"line":336,"column":1},"end":{"line":339,"column":2}},"type":"if","locations":[{"start":{"line":336,"column":1},"end":{"line":339,"column":2}},{"start":{},"end":{}}],"line":336},"22":{"loc":{"start":{"line":355,"column":1},"end":{"line":364,"column":3}},"type":"if","locations":[{"start":{"line":355,"column":1},"end":{"line":364,"column":3}},{"start":{},"end":{}}],"line":355},"23":{"loc":{"start":{"line":389,"column":1},"end":{"line":392,"column":2}},"type":"if","locations":[{"start":{"line":389,"column":1},"end":{"line":392,"column":2}},{"start":{},"end":{}}],"line":389},"24":{"loc":{"start":{"line":397,"column":1},"end":{"line":400,"column":2}},"type":"if","locations":[{"start":{"line":397,"column":1},"end":{"line":400,"column":2}},{"start":{},"end":{}}],"line":397},"25":{"loc":{"start":{"line":403,"column":1},"end":{"line":406,"column":2}},"type":"if","locations":[{"start":{"line":403,"column":1},"end":{"line":406,"column":2}},{"start":{},"end":{}}],"line":403},"26":{"loc":{"start":{"line":434,"column":1},"end":{"line":437,"column":2}},"type":"if","locations":[{"start":{"line":434,"column":1},"end":{"line":437,"column":2}},{"start":{},"end":{}}],"line":434},"27":{"loc":{"start":{"line":442,"column":1},"end":{"line":445,"column":2}},"type":"if","locations":[{"start":{"line":442,"column":1},"end":{"line":445,"column":2}},{"start":{},"end":{}}],"line":442},"28":{"loc":{"start":{"line":448,"column":1},"end":{"line":451,"column":2}},"type":"if","locations":[{"start":{"line":448,"column":1},"end":{"line":451,"column":2}},{"start":{},"end":{}}],"line":448},"29":{"loc":{"start":{"line":456,"column":1},"end":{"line":458,"column":2}},"type":"if","locations":[{"start":{"line":456,"column":1},"end":{"line":458,"column":2}},{"start":{},"end":{}}],"line":456},"30":{"loc":{"start":{"line":466,"column":1},"end":{"line":475,"column":2}},"type":"if","locations":[{"start":{"line":466,"column":1},"end":{"line":475,"column":2}},{"start":{},"end":{}}],"line":466},"31":{"loc":{"start":{"line":495,"column":1},"end":{"line":552,"column":2}},"type":"if","locations":[{"start":{"line":495,"column":1},"end":{"line":552,"column":2}},{"start":{"line":549,"column":8},"end":{"line":552,"column":2}}],"line":495},"32":{"loc":{"start":{"line":499,"column":3},"end":{"line":548,"column":4}},"type":"if","locations":[{"start":{"line":499,"column":3},"end":{"line":548,"column":4}},{"start":{"line":545,"column":10},"end":{"line":548,"column":4}}],"line":499},"33":{"loc":{"start":{"line":504,"column":2},"end":{"line":514,"column":3}},"type":"if","locations":[{"start":{"line":504,"column":2},"end":{"line":514,"column":3}},{"start":{},"end":{}}],"line":504},"34":{"loc":{"start":{"line":510,"column":4},"end":{"line":513,"column":5}},"type":"if","locations":[{"start":{"line":510,"column":4},"end":{"line":513,"column":5}},{"start":{},"end":{}}],"line":510},"35":{"loc":{"start":{"line":516,"column":2},"end":{"line":540,"column":3}},"type":"if","locations":[{"start":{"line":516,"column":2},"end":{"line":540,"column":3}},{"start":{},"end":{}}],"line":516},"36":{"loc":{"start":{"line":523,"column":4},"end":{"line":527,"column":5}},"type":"if","locations":[{"start":{"line":523,"column":4},"end":{"line":527,"column":5}},{"start":{},"end":{}}],"line":523},"37":{"loc":{"start":{"line":529,"column":3},"end":{"line":538,"column":4}},"type":"if","locations":[{"start":{"line":529,"column":3},"end":{"line":538,"column":4}},{"start":{},"end":{}}],"line":529},"38":{"loc":{"start":{"line":569,"column":1},"end":{"line":624,"column":2}},"type":"if","locations":[{"start":{"line":569,"column":1},"end":{"line":624,"column":2}},{"start":{"line":621,"column":8},"end":{"line":624,"column":2}}],"line":569},"39":{"loc":{"start":{"line":573,"column":3},"end":{"line":620,"column":4}},"type":"if","locations":[{"start":{"line":573,"column":3},"end":{"line":620,"column":4}},{"start":{"line":617,"column":10},"end":{"line":620,"column":4}}],"line":573},"40":{"loc":{"start":{"line":578,"column":2},"end":{"line":588,"column":3}},"type":"if","locations":[{"start":{"line":578,"column":2},"end":{"line":588,"column":3}},{"start":{},"end":{}}],"line":578},"41":{"loc":{"start":{"line":584,"column":4},"end":{"line":587,"column":5}},"type":"if","locations":[{"start":{"line":584,"column":4},"end":{"line":587,"column":5}},{"start":{},"end":{}}],"line":584},"42":{"loc":{"start":{"line":590,"column":2},"end":{"line":612,"column":3}},"type":"if","locations":[{"start":{"line":590,"column":2},"end":{"line":612,"column":3}},{"start":{},"end":{}}],"line":590},"43":{"loc":{"start":{"line":596,"column":4},"end":{"line":599,"column":5}},"type":"if","locations":[{"start":{"line":596,"column":4},"end":{"line":599,"column":5}},{"start":{},"end":{}}],"line":596},"44":{"loc":{"start":{"line":601,"column":3},"end":{"line":610,"column":4}},"type":"if","locations":[{"start":{"line":601,"column":3},"end":{"line":610,"column":4}},{"start":{},"end":{}}],"line":601},"45":{"loc":{"start":{"line":672,"column":1},"end":{"line":675,"column":2}},"type":"if","locations":[{"start":{"line":672,"column":1},"end":{"line":675,"column":2}},{"start":{},"end":{}}],"line":672},"46":{"loc":{"start":{"line":678,"column":1},"end":{"line":681,"column":2}},"type":"if","locations":[{"start":{"line":678,"column":1},"end":{"line":681,"column":2}},{"start":{},"end":{}}],"line":678}},"s":{"0":1,"1":0,"2":0,"3":0,"4":0,"5":0,"6":0,"7":0,"8":0,"9":1,"10":0,"11":0,"12":0,"13":0,"14":0,"15":0,"16":0,"17":0,"18":0,"19":0,"20":0,"21":0,"22":0,"23":1,"24":0,"25":0,"26":0,"27":0,"28":0,"29":0,"30":0,"31":0,"32":0,"33":0,"34":1,"35":0,"36":0,"37":0,"38":0,"39":0,"40":0,"41":0,"42":0,"43":0,"44":0,"45":0,"46":1,"47":0,"48":0,"49":0,"50":0,"51":0,"52":0,"53":0,"54":0,"55":0,"56":0,"57":1,"58":0,"59":0,"60":0,"61":0,"62":0,"63":0,"64":0,"65":0,"66":0,"67":0,"68":0,"69":0,"70":0,"71":0,"72":0,"73":0,"74":0,"75":0,"76":0,"77":0,"78":0,"79":0,"80":0,"81":0,"82":0,"83":1,"84":0,"85":0,"86":0,"87":0,"88":0,"89":0,"90":0,"91":0,"92":0,"93":0,"94":0,"95":0,"96":0,"97":0,"98":0,"99":0,"100":0,"101":0,"102":0,"103":0,"104":0,"105":0,"106":0,"107":0,"108":0,"109":0,"110":1,"111":0,"112":0,"113":0,"114":0,"115":0,"116":0,"117":0,"118":0,"119":1,"120":0,"121":0,"122":0,"123":0,"124":0,"125":0,"126":0,"127":0,"128":0,"129":0,"130":0,"131":0,"132":0,"133":0,"134":0,"135":0,"136":0,"137":1,"138":0,"139":0,"140":0,"141":0,"142":0,"143":0,"144":0,"145":0,"146":0,"147":0,"148":0,"149":0,"150":0,"151":0,"152":0,"153":0,"154":0,"155":0,"156":1,"157":0,"158":0,"159":0,"160":0,"161":0,"162":0,"163":0,"164":0,"165":0,"166":0,"167":0,"168":0,"169":0,"170":0,"171":0,"172":0,"173":0,"174":0,"175":0,"176":0,"177":0,"178":0,"179":0,"180":1,"181":0,"182":0,"183":0,"184":0,"185":0,"186":0,"187":0,"188":0,"189":0,"190":0,"191":0,"192":0,"193":0,"194":0,"195":0,"196":0,"197":0,"198":0,"199":0,"200":0,"201":0,"202":0,"203":0,"204":0,"205":0,"206":0,"207":0,"208":0,"209":0,"210":0,"211":0,"212":0,"213":1,"214":0,"215":0,"216":0,"217":0,"218":0,"219":0,"220":0,"221":0,"222":0,"223":0,"224":0,"225":0,"226":0,"227":0,"228":0,"229":0,"230":0,"231":0,"232":0,"233":0,"234":0,"235":0,"236":0,"237":0,"238":0,"239":0,"240":0,"241":0,"242":0,"243":0,"244":1,"245":0,"246":0,"247":0,"248":0,"249":1,"250":0,"251":0,"252":1,"253":0,"254":0,"255":0,"256":0,"257":0,"258":0,"259":0,"260":0,"261":0,"262":0,"263":1,"264":0,"265":0,"266":0,"267":0,"268":0,"269":0},"f":{"0":0,"1":0,"2":0,"3":0,"4":0,"5":0,"6":0,"7":0,"8":0,"9":0,"10":0,"11":0,"12":0,"13":0,"14":0,"15":0,"16":0},"b":{"0":[0,0],"1":[0,0],"2":[0,0],"3":[0,0],"4":[0,0],"5":[0,0],"6":[0,0],"7":[0,0],"8":[0,0],"9":[0,0],"10":[0,0],"11":[0,0],"12":[0,0],"13":[0,0],"14":[0,0],"15":[0,0],"16":[0,0],"17":[0,0],"18":[0,0],"19":[0,0],"20":[0,0],"21":[0,0],"22":[0,0],"23":[0,0],"24":[0,0],"25":[0,0],"26":[0,0],"27":[0,0],"28":[0,0],"29":[0,0],"30":[0,0],"31":[0,0],"32":[0,0],"33":[0,0],"34":[0,0],"35":[0,0],"36":[0,0],"37":[0,0],"38":[0,0],"39":[0,0],"40":[0,0],"41":[0,0],"42":[0,0],"43":[0,0],"44":[0,0],"45":[0,0],"46":[0,0]},"_coverageSchema":"1a1c01bbd47fc00a2c39e90264f33305004495a9","hash":"a73439b1ce473722899db5aeb01ef3743308502c"}
,"C:\\Users\\SAHEED PC\\Desktop\\Portfolio\\namssn-website\\backend\\controllers\\userController.js": {"path":"C:\\Users\\SAHEED PC\\Desktop\\Portfolio\\namssn-website\\backend\\controllers\\userController.js","statementMap":{"0":{"start":{"line":17,"column":17},"end":{"line":45,"column":2}},"1":{"start":{"line":18,"column":30},"end":{"line":18,"column":38}},"2":{"start":{"line":19,"column":15},"end":{"line":19,"column":44}},"3":{"start":{"line":21,"column":2},"end":{"line":44,"column":3}},"4":{"start":{"line":22,"column":4},"end":{"line":22,"column":33}},"5":{"start":{"line":23,"column":4},"end":{"line":40,"column":7}},"6":{"start":{"line":42,"column":4},"end":{"line":42,"column":20}},"7":{"start":{"line":43,"column":4},"end":{"line":43,"column":48}},"8":{"start":{"line":50,"column":21},"end":{"line":96,"column":2}},"9":{"start":{"line":51,"column":75},"end":{"line":51,"column":83}},"10":{"start":{"line":53,"column":23},"end":{"line":55,"column":4}},"11":{"start":{"line":57,"column":2},"end":{"line":60,"column":3}},"12":{"start":{"line":58,"column":4},"end":{"line":58,"column":20}},"13":{"start":{"line":59,"column":4},"end":{"line":59,"column":56}},"14":{"start":{"line":63,"column":19},"end":{"line":63,"column":33}},"15":{"start":{"line":65,"column":15},"end":{"line":73,"column":4}},"16":{"start":{"line":74,"column":2},"end":{"line":95,"column":3}},"17":{"start":{"line":75,"column":4},"end":{"line":75,"column":33}},"18":{"start":{"line":76,"column":4},"end":{"line":91,"column":7}},"19":{"start":{"line":93,"column":4},"end":{"line":93,"column":20}},"20":{"start":{"line":94,"column":4},"end":{"line":94,"column":40}},"21":{"start":{"line":101,"column":22},"end":{"line":145,"column":2}},"22":{"start":{"line":102,"column":37},"end":{"line":102,"column":45}},"23":{"start":{"line":103,"column":2},"end":{"line":103,"column":66}},"24":{"start":{"line":105,"column":15},"end":{"line":105,"column":47}},"25":{"start":{"line":107,"column":2},"end":{"line":144,"column":3}},"26":{"start":{"line":109,"column":4},"end":{"line":109,"column":30}},"27":{"start":{"line":110,"column":4},"end":{"line":113,"column":5}},"28":{"start":{"line":111,"column":6},"end":{"line":111,"column":22}},"29":{"start":{"line":112,"column":6},"end":{"line":112,"column":47}},"30":{"start":{"line":115,"column":4},"end":{"line":115,"column":37}},"31":{"start":{"line":116,"column":4},"end":{"line":116,"column":27}},"32":{"start":{"line":119,"column":4},"end":{"line":119,"column":36}},"33":{"start":{"line":120,"column":24},"end":{"line":120,"column":41}},"34":{"start":{"line":123,"column":4},"end":{"line":140,"column":7}},"35":{"start":{"line":142,"column":4},"end":{"line":142,"column":20}},"36":{"start":{"line":143,"column":4},"end":{"line":143,"column":38}},"37":{"start":{"line":150,"column":20},"end":{"line":180,"column":2}},"38":{"start":{"line":151,"column":0},"end":{"line":179,"column":1}},"39":{"start":{"line":152,"column":23},"end":{"line":152,"column":33}},"40":{"start":{"line":153,"column":2},"end":{"line":153,"column":25}},"41":{"start":{"line":154,"column":2},"end":{"line":154,"column":53}},"42":{"start":{"line":155,"column":14},"end":{"line":155,"column":123}},"43":{"start":{"line":157,"column":2},"end":{"line":157,"column":18}},"44":{"start":{"line":159,"column":2},"end":{"line":163,"column":5}},"45":{"start":{"line":166,"column":15},"end":{"line":166,"column":47}},"46":{"start":{"line":169,"column":2},"end":{"line":169,"column":27}},"47":{"start":{"line":170,"column":2},"end":{"line":170,"column":20}},"48":{"start":{"line":172,"column":2},"end":{"line":172,"column":24}},"49":{"start":{"line":174,"column":13},"end":{"line":174,"column":16}},"50":{"start":{"line":176,"column":2},"end":{"line":176,"column":33}},"51":{"start":{"line":178,"column":2},"end":{"line":178,"column":34}},"52":{"start":{"line":186,"column":18},"end":{"line":234,"column":2}},"53":{"start":{"line":187,"column":2},"end":{"line":233,"column":3}},"54":{"start":{"line":188,"column":31},"end":{"line":188,"column":39}},"55":{"start":{"line":190,"column":4},"end":{"line":190,"column":31}},"56":{"start":{"line":192,"column":4},"end":{"line":194,"column":5}},"57":{"start":{"line":193,"column":6},"end":{"line":193,"column":86}},"58":{"start":{"line":197,"column":22},"end":{"line":197,"column":93}},"59":{"start":{"line":199,"column":4},"end":{"line":201,"column":5}},"60":{"start":{"line":200,"column":6},"end":{"line":200,"column":84}},"61":{"start":{"line":204,"column":4},"end":{"line":208,"column":5}},"62":{"start":{"line":206,"column":6},"end":{"line":206,"column":57}},"63":{"start":{"line":207,"column":6},"end":{"line":207,"column":66}},"64":{"start":{"line":211,"column":23},"end":{"line":211,"column":53}},"65":{"start":{"line":213,"column":4},"end":{"line":229,"column":5}},"66":{"start":{"line":214,"column":6},"end":{"line":214,"column":33}},"67":{"start":{"line":216,"column":6},"end":{"line":216,"column":40}},"68":{"start":{"line":217,"column":6},"end":{"line":217,"column":57}},"69":{"start":{"line":219,"column":19},"end":{"line":219,"column":51}},"70":{"start":{"line":222,"column":6},"end":{"line":222,"column":30}},"71":{"start":{"line":223,"column":6},"end":{"line":223,"column":24}},"72":{"start":{"line":226,"column":6},"end":{"line":226,"column":78}},"73":{"start":{"line":228,"column":6},"end":{"line":228,"column":62}},"74":{"start":{"line":231,"column":4},"end":{"line":231,"column":25}},"75":{"start":{"line":232,"column":4},"end":{"line":232,"column":70}},"76":{"start":{"line":239,"column":18},"end":{"line":275,"column":2}},"77":{"start":{"line":240,"column":2},"end":{"line":274,"column":3}},"78":{"start":{"line":241,"column":25},"end":{"line":241,"column":35}},"79":{"start":{"line":244,"column":4},"end":{"line":246,"column":5}},"80":{"start":{"line":245,"column":6},"end":{"line":245,"column":71}},"81":{"start":{"line":249,"column":22},"end":{"line":249,"column":93}},"82":{"start":{"line":251,"column":4},"end":{"line":254,"column":5}},"83":{"start":{"line":253,"column":6},"end":{"line":253,"column":57}},"84":{"start":{"line":257,"column":16},"end":{"line":257,"column":125}},"85":{"start":{"line":260,"column":4},"end":{"line":264,"column":7}},"86":{"start":{"line":267,"column":5},"end":{"line":267,"column":27}},"87":{"start":{"line":269,"column":15},"end":{"line":269,"column":18}},"88":{"start":{"line":271,"column":4},"end":{"line":271,"column":35}},"89":{"start":{"line":273,"column":4},"end":{"line":273,"column":36}},"90":{"start":{"line":281,"column":27},"end":{"line":283,"column":2}},"91":{"start":{"line":288,"column":22},"end":{"line":333,"column":2}},"92":{"start":{"line":289,"column":33},"end":{"line":289,"column":41}},"93":{"start":{"line":292,"column":2},"end":{"line":294,"column":3}},"94":{"start":{"line":293,"column":4},"end":{"line":293,"column":88}},"95":{"start":{"line":297,"column":15},"end":{"line":297,"column":47}},"96":{"start":{"line":299,"column":2},"end":{"line":301,"column":3}},"97":{"start":{"line":300,"column":4},"end":{"line":300,"column":63}},"98":{"start":{"line":304,"column":2},"end":{"line":306,"column":3}},"99":{"start":{"line":305,"column":4},"end":{"line":305,"column":107}},"100":{"start":{"line":308,"column":2},"end":{"line":332,"column":3}},"101":{"start":{"line":310,"column":4},"end":{"line":312,"column":5}},"102":{"start":{"line":311,"column":6},"end":{"line":311,"column":102}},"103":{"start":{"line":315,"column":4},"end":{"line":315,"column":42}},"104":{"start":{"line":316,"column":4},"end":{"line":316,"column":29}},"105":{"start":{"line":319,"column":4},"end":{"line":319,"column":30}},"106":{"start":{"line":320,"column":4},"end":{"line":320,"column":29}},"107":{"start":{"line":323,"column":4},"end":{"line":323,"column":36}},"108":{"start":{"line":324,"column":4},"end":{"line":324,"column":22}},"109":{"start":{"line":327,"column":4},"end":{"line":327,"column":86}},"110":{"start":{"line":330,"column":4},"end":{"line":330,"column":25}},"111":{"start":{"line":331,"column":4},"end":{"line":331,"column":77}},"112":{"start":{"line":338,"column":19},"end":{"line":344,"column":2}},"113":{"start":{"line":339,"column":2},"end":{"line":342,"column":5}},"114":{"start":{"line":343,"column":2},"end":{"line":343,"column":55}},"115":{"start":{"line":349,"column":19},"end":{"line":366,"column":2}},"116":{"start":{"line":350,"column":20},"end":{"line":350,"column":29}},"117":{"start":{"line":353,"column":16},"end":{"line":358,"column":4}},"118":{"start":{"line":360,"column":2},"end":{"line":365,"column":3}},"119":{"start":{"line":361,"column":4},"end":{"line":361,"column":32}},"120":{"start":{"line":363,"column":4},"end":{"line":363,"column":20}},"121":{"start":{"line":364,"column":4},"end":{"line":364,"column":38}},"122":{"start":{"line":371,"column":23},"end":{"line":390,"column":2}},"123":{"start":{"line":372,"column":15},"end":{"line":388,"column":3}},"124":{"start":{"line":389,"column":2},"end":{"line":389,"column":29}},"125":{"start":{"line":395,"column":20},"end":{"line":425,"column":2}},"126":{"start":{"line":396,"column":17},"end":{"line":396,"column":34}},"127":{"start":{"line":399,"column":15},"end":{"line":399,"column":42}},"128":{"start":{"line":401,"column":2},"end":{"line":424,"column":3}},"129":{"start":{"line":403,"column":4},"end":{"line":420,"column":7}},"130":{"start":{"line":422,"column":4},"end":{"line":422,"column":20}},"131":{"start":{"line":423,"column":4},"end":{"line":423,"column":38}},"132":{"start":{"line":430,"column":26},"end":{"line":462,"column":2}},"133":{"start":{"line":431,"column":2},"end":{"line":431,"column":36}},"134":{"start":{"line":432,"column":23},"end":{"line":432,"column":32}},"135":{"start":{"line":435,"column":2},"end":{"line":435,"column":55}},"136":{"start":{"line":436,"column":15},"end":{"line":436,"column":47}},"137":{"start":{"line":438,"column":2},"end":{"line":461,"column":3}},"138":{"start":{"line":440,"column":4},"end":{"line":457,"column":7}},"139":{"start":{"line":459,"column":4},"end":{"line":459,"column":20}},"140":{"start":{"line":460,"column":4},"end":{"line":460,"column":38}},"141":{"start":{"line":467,"column":26},"end":{"line":529,"column":2}},"142":{"start":{"line":468,"column":15},"end":{"line":468,"column":48}},"143":{"start":{"line":470,"column":2},"end":{"line":528,"column":3}},"144":{"start":{"line":472,"column":4},"end":{"line":478,"column":5}},"145":{"start":{"line":473,"column":26},"end":{"line":473,"column":71}},"146":{"start":{"line":474,"column":6},"end":{"line":477,"column":7}},"147":{"start":{"line":475,"column":8},"end":{"line":475,"column":24}},"148":{"start":{"line":476,"column":8},"end":{"line":476,"column":48}},"149":{"start":{"line":481,"column":4},"end":{"line":487,"column":5}},"150":{"start":{"line":482,"column":29},"end":{"line":482,"column":80}},"151":{"start":{"line":483,"column":6},"end":{"line":486,"column":7}},"152":{"start":{"line":484,"column":8},"end":{"line":484,"column":24}},"153":{"start":{"line":485,"column":8},"end":{"line":485,"column":51}},"154":{"start":{"line":490,"column":4},"end":{"line":490,"column":43}},"155":{"start":{"line":491,"column":4},"end":{"line":491,"column":46}},"156":{"start":{"line":492,"column":4},"end":{"line":492,"column":55}},"157":{"start":{"line":493,"column":4},"end":{"line":493,"column":46}},"158":{"start":{"line":494,"column":4},"end":{"line":494,"column":67}},"159":{"start":{"line":495,"column":4},"end":{"line":495,"column":67}},"160":{"start":{"line":496,"column":4},"end":{"line":496,"column":67}},"161":{"start":{"line":497,"column":4},"end":{"line":497,"column":40}},"162":{"start":{"line":498,"column":4},"end":{"line":498,"column":73}},"163":{"start":{"line":500,"column":4},"end":{"line":503,"column":5}},"164":{"start":{"line":501,"column":6},"end":{"line":501,"column":40}},"165":{"start":{"line":502,"column":6},"end":{"line":502,"column":73}},"166":{"start":{"line":505,"column":24},"end":{"line":505,"column":41}},"167":{"start":{"line":507,"column":4},"end":{"line":524,"column":7}},"168":{"start":{"line":526,"column":4},"end":{"line":526,"column":20}},"169":{"start":{"line":527,"column":4},"end":{"line":527,"column":38}},"170":{"start":{"line":534,"column":26},"end":{"line":550,"column":2}},"171":{"start":{"line":535,"column":15},"end":{"line":535,"column":48}},"172":{"start":{"line":537,"column":2},"end":{"line":549,"column":3}},"173":{"start":{"line":542,"column":4},"end":{"line":542,"column":24}},"174":{"start":{"line":545,"column":4},"end":{"line":545,"column":75}},"175":{"start":{"line":547,"column":4},"end":{"line":547,"column":20}},"176":{"start":{"line":548,"column":4},"end":{"line":548,"column":38}},"177":{"start":{"line":555,"column":26},"end":{"line":577,"column":2}},"178":{"start":{"line":556,"column":2},"end":{"line":570,"column":3}},"179":{"start":{"line":557,"column":21},"end":{"line":557,"column":49}},"180":{"start":{"line":559,"column":4},"end":{"line":567,"column":5}},"181":{"start":{"line":560,"column":6},"end":{"line":566,"column":7}},"182":{"start":{"line":561,"column":8},"end":{"line":561,"column":48}},"183":{"start":{"line":563,"column":8},"end":{"line":563,"column":56}},"184":{"start":{"line":564,"column":8},"end":{"line":564,"column":29}},"185":{"start":{"line":565,"column":8},"end":{"line":565,"column":26}},"186":{"start":{"line":569,"column":4},"end":{"line":569,"column":20}},"187":{"start":{"line":580,"column":21},"end":{"line":585,"column":2}},"188":{"start":{"line":582,"column":20},"end":{"line":582,"column":55}},"189":{"start":{"line":584,"column":2},"end":{"line":584,"column":34}},"190":{"start":{"line":588,"column":28},"end":{"line":593,"column":2}},"191":{"start":{"line":590,"column":27},"end":{"line":590,"column":69}},"192":{"start":{"line":592,"column":2},"end":{"line":592,"column":41}},"193":{"start":{"line":596,"column":29},"end":{"line":603,"column":2}},"194":{"start":{"line":597,"column":17},"end":{"line":597,"column":29}},"195":{"start":{"line":600,"column":28},"end":{"line":600,"column":93}},"196":{"start":{"line":602,"column":2},"end":{"line":602,"column":42}},"197":{"start":{"line":608,"column":20},"end":{"line":615,"column":2}},"198":{"start":{"line":610,"column":19},"end":{"line":612,"column":28}},"199":{"start":{"line":614,"column":2},"end":{"line":614,"column":33}},"200":{"start":{"line":619,"column":21},"end":{"line":626,"column":2}},"201":{"start":{"line":621,"column":20},"end":{"line":623,"column":28}},"202":{"start":{"line":625,"column":2},"end":{"line":625,"column":34}},"203":{"start":{"line":632,"column":25},"end":{"line":639,"column":2}},"204":{"start":{"line":633,"column":2},"end":{"line":638,"column":3}},"205":{"start":{"line":634,"column":21},"end":{"line":634,"column":49}},"206":{"start":{"line":635,"column":4},"end":{"line":635,"column":23}},"207":{"start":{"line":637,"column":4},"end":{"line":637,"column":21}},"208":{"start":{"line":645,"column":28},"end":{"line":647,"column":2}},"209":{"start":{"line":646,"column":2},"end":{"line":646,"column":61}},"210":{"start":{"line":652,"column":28},"end":{"line":664,"column":4}},"211":{"start":{"line":654,"column":4},"end":{"line":663,"column":5}},"212":{"start":{"line":655,"column":23},"end":{"line":655,"column":53}},"213":{"start":{"line":656,"column":6},"end":{"line":660,"column":7}},"214":{"start":{"line":657,"column":8},"end":{"line":657,"column":38}},"215":{"start":{"line":658,"column":13},"end":{"line":660,"column":7}},"216":{"start":{"line":659,"column":8},"end":{"line":659,"column":39}},"217":{"start":{"line":662,"column":6},"end":{"line":662,"column":22}},"218":{"start":{"line":672,"column":26},"end":{"line":688,"column":1}},"219":{"start":{"line":673,"column":2},"end":{"line":687,"column":3}},"220":{"start":{"line":675,"column":21},"end":{"line":675,"column":44}},"221":{"start":{"line":678,"column":4},"end":{"line":680,"column":5}},"222":{"start":{"line":679,"column":6},"end":{"line":679,"column":72}},"223":{"start":{"line":684,"column":4},"end":{"line":684,"column":35}},"224":{"start":{"line":686,"column":4},"end":{"line":686,"column":96}},"225":{"start":{"line":695,"column":24},"end":{"line":715,"column":2}},"226":{"start":{"line":696,"column":1},"end":{"line":714,"column":2}},"227":{"start":{"line":697,"column":18},"end":{"line":697,"column":35}},"228":{"start":{"line":700,"column":4},"end":{"line":700,"column":56}},"229":{"start":{"line":701,"column":24},"end":{"line":703,"column":28}},"230":{"start":{"line":705,"column":3},"end":{"line":710,"column":4}},"231":{"start":{"line":706,"column":2},"end":{"line":706,"column":72}},"232":{"start":{"line":708,"column":2},"end":{"line":708,"column":37}},"233":{"start":{"line":709,"column":2},"end":{"line":709,"column":71}},"234":{"start":{"line":712,"column":3},"end":{"line":712,"column":57}},"235":{"start":{"line":713,"column":3},"end":{"line":713,"column":83}},"236":{"start":{"line":721,"column":24},"end":{"line":727,"column":2}},"237":{"start":{"line":722,"column":2},"end":{"line":726,"column":3}},"238":{"start":{"line":723,"column":4},"end":{"line":723,"column":36}},"239":{"start":{"line":725,"column":4},"end":{"line":725,"column":23}},"240":{"start":{"line":729,"column":26},"end":{"line":735,"column":2}},"241":{"start":{"line":730,"column":2},"end":{"line":734,"column":3}},"242":{"start":{"line":731,"column":4},"end":{"line":731,"column":35}},"243":{"start":{"line":733,"column":4},"end":{"line":733,"column":23}}},"fnMap":{"0":{"name":"(anonymous_0)","decl":{"start":{"line":17,"column":30},"end":{"line":17,"column":31}},"loc":{"start":{"line":17,"column":50},"end":{"line":45,"column":1}},"line":17},"1":{"name":"(anonymous_1)","decl":{"start":{"line":50,"column":34},"end":{"line":50,"column":35}},"loc":{"start":{"line":50,"column":54},"end":{"line":96,"column":1}},"line":50},"2":{"name":"(anonymous_2)","decl":{"start":{"line":101,"column":35},"end":{"line":101,"column":36}},"loc":{"start":{"line":101,"column":55},"end":{"line":145,"column":1}},"line":101},"3":{"name":"(anonymous_3)","decl":{"start":{"line":150,"column":33},"end":{"line":150,"column":34}},"loc":{"start":{"line":150,"column":53},"end":{"line":180,"column":1}},"line":150},"4":{"name":"(anonymous_4)","decl":{"start":{"line":186,"column":31},"end":{"line":186,"column":
[...]
,"C:\\Users\\SAHEED PC\\Desktop\\Portfolio\\namssn-website\\backend\\utils\\resourceLogic.js": {"path":"C:\\Users\\SAHEED PC\\Desktop\\Portfolio\\namssn-website\\backend\\utils\\resourceLogic.js","statementMap":{"0":{"start":{"line":11,"column":16},"end":{"line":11,"column":61}},"1":{"start":{"line":13,"column":21},"end":{"line":28,"column":1}},"2":{"start":{"line":14,"column":4},"end":{"line":27,"column":7}},"3":{"start":{"line":15,"column":25},"end":{"line":15,"column":48}},"4":{"start":{"line":16,"column":25},"end":{"line":16,"column":55}},"5":{"start":{"line":18,"column":8},"end":{"line":23,"column":9}},"6":{"start":{"line":20,"column":10},"end":{"line":20,"column":38}},"7":{"start":{"line":22,"column":10},"end":{"line":22,"column":20}},"8":{"start":{"line":25,"column":8},"end":{"line":25,"column":25}},"9":{"start":{"line":26,"column":8},"end":{"line":26,"column":18}},"10":{"start":{"line":30,"column":21},"end":{"line":60,"column":1}},"11":{"start":{"line":31,"column":19},"end":{"line":31,"column":28}},"12":{"start":{"line":32,"column":58},"end":{"line":32,"column":66}},"13":{"start":{"line":33,"column":2},"end":{"line":35,"column":3}},"14":{"start":{"line":34,"column":6},"end":{"line":34,"column":55}},"15":{"start":{"line":36,"column":19},"end":{"line":36,"column":28}},"16":{"start":{"line":37,"column":26},"end":{"line":37,"column":35}},"17":{"start":{"line":39,"column":2},"end":{"line":59,"column":3}},"18":{"start":{"line":40,"column":6},"end":{"line":40,"column":50}},"19":{"start":{"line":41,"column":29},"end":{"line":41,"column":87}},"20":{"start":{"line":42,"column":22},"end":{"line":42,"column":53}},"21":{"start":{"line":44,"column":6},"end":{"line":44,"column":78}},"22":{"start":{"line":46,"column":23},"end":{"line":46,"column":101}},"23":{"start":{"line":47,"column":6},"end":{"line":55,"column":7}},"24":{"start":{"line":48,"column":34},"end":{"line":52,"column":10}},"25":{"start":{"line":53,"column":8},"end":{"line":53,"column":38}},"26":{"start":{"line":54,"column":8},"end":{"line":54,"column":33}},"27":{"start":{"line":57,"column":6},"end":{"line":57,"column":23}},"28":{"start":{"line":58,"column":6},"end":{"line":58,"column":16}},"29":{"start":{"line":63,"column":23},"end":{"line":84,"column":1}},"30":{"start":{"line":64,"column":20},"end":{"line":64,"column":39}},"31":{"start":{"line":65,"column":21},"end":{"line":65,"column":33}},"32":{"start":{"line":66,"column":23},"end":{"line":66,"column":61}},"33":{"start":{"line":68,"column":4},"end":{"line":83,"column":5}},"34":{"start":{"line":69,"column":8},"end":{"line":69,"column":50}},"35":{"start":{"line":70,"column":25},"end":{"line":70,"column":77}},"36":{"start":{"line":72,"column":8},"end":{"line":77,"column":10}},"37":{"start":{"line":73,"column":8},"end":{"line":75,"column":9}},"38":{"start":{"line":74,"column":12},"end":{"line":74,"column":49}},"39":{"start":{"line":76,"column":8},"end":{"line":76,"column":58}},"40":{"start":{"line":78,"column":8},"end":{"line":78,"column":35}},"41":{"start":{"line":80,"column":8},"end":{"line":80,"column":41}},"42":{"start":{"line":81,"column":8},"end":{"line":81,"column":33}}},"fnMap":{"0":{"name":"(anonymous_0)","decl":{"start":{"line":13,"column":21},"end":{"line":13,"column":22}},"loc":{"start":{"line":13,"column":41},"end":{"line":28,"column":1}},"line":13},"1":{"name":"(anonymous_1)","decl":{"start":{"line":30,"column":21},"end":{"line":30,"column":22}},"loc":{"start":{"line":30,"column":41},"end":{"line":60,"column":1}},"line":30},"2":{"name":"(anonymous_2)","decl":{"start":{"line":63,"column":23},"end":{"line":63,"column":24}},"loc":{"start":{"line":63,"column":43},"end":{"line":84,"column":1}},"line":63},"3":{"name":"(anonymous_3)","decl":{"start":{"line":72,"column":28},"end":{"line":72,"column":29}},"loc":{"start":{"line":72,"column":37},"end":{"line":77,"column":9}},"line":72}},"branchMap":{"0":{"loc":{"start":{"line":18,"column":8},"end":{"line":23,"column":9}},"type":"if","locations":[{"start":{"line":18,"column":8},"end":{"line":23,"column":9}},{"start":{"line":21,"column":15},"end":{"line":23,"column":9}}],"line":18},"1":{"loc":{"start":{"line":33,"column":2},"end":{"line":35,"column":3}},"type":"if","locations":[{"start":{"line":33,"column":2},"end":{"line":35,"column":3}},{"start":{},"end":{}}],"line":33},"2":{"loc":{"start":{"line":47,"column":6},"end":{"line":55,"column":7}},"type":"if","locations":[{"start":{"line":47,"column":6},"end":{"line":55,"column":7}},{"start":{},"end":{}}],"line":47},"3":{"loc":{"start":{"line":68,"column":4},"end":{"line":83,"column":5}},"type":"if","locations":[{"start":{"line":68,"column":4},"end":{"line":83,"column":5}},{"start":{"line":79,"column":11},"end":{"line":83,"column":5}}],"line":68},"4":{"loc":{"start":{"line":68,"column":8},"end":{"line":68,"column":61}},"type":"binary-expr","locations":[{"start":{"line":68,"column":8},"end":{"line":68,"column":18}},{"start":{"line":68,"column":23},"end":{"line":68,"column":31}},{"start":{"line":68,"column":35},"end":{"line":68,"column":60}}],"line":68},"5":{"loc":{"start":{"line":73,"column":8},"end":{"line":75,"column":9}},"type":"if","locations":[{"start":{"line":73,"column":8},"end":{"line":75,"column":9}},{"start":{},"end":{}}],"line":73}},"s":{"0":1,"1":1,"2":0,"3":0,"4":0,"5":0,"6":0,"7":0,"8":0,"9":0,"10":1,"11":0,"12":0,"13":0,"14":0,"15":0,"16":0,"17":0,"18":0,"19":0,"20":0,"21":0,"22":0,"23":0,"24":0,"25":0,"26":0,"27":0,"28":0,"29":1,"30":0,"31":0,"32":0,"33":0,"34":0,"35":0,"36":0,"37":0,"38":0,"39":0,"40":0,"41":0,"42":0},"f":{"0":0,"1":0,"2":0,"3":0},"b":{"0":[0,0],"1":[0,0],"2":[0,0],"3":[0,0],"4":[0,0,0],"5":[0,0]},"_coverageSchema":"1a1c01bbd47fc00a2c39e90264f33305004495a9","hash":"22d3eba0f35c7642b6a17e9275d934150e6709c9"}
,"C:\\Users\\SAHEED PC\\Desktop\\Portfolio\\namssn-website\\backend\\utils\\server.js": {"path":"C:\\Users\\SAHEED PC\\Desktop\\Portfolio\\namssn-website\\backend\\utils\\server.js","statementMap":{"0":{"start":{"line":13,"column":21},"end":{"line":43,"column":1}},"1":{"start":{"line":15,"column":14},"end":{"line":15,"column":23}},"2":{"start":{"line":18,"column":2},"end":{"line":18,"column":26}},"3":{"start":{"line":19,"column":2},"end":{"line":19,"column":50}},"4":{"start":{"line":20,"column":2},"end":{"line":20,"column":26}},"5":{"start":{"line":21,"column":2},"end":{"line":21,"column":18}},"6":{"start":{"line":22,"column":2},"end":{"line":22,"column":29}},"7":{"start":{"line":23,"column":2},"end":{"line":23,"column":24}},"8":{"start":{"line":25,"column":26},"end":{"line":25,"column":93}},"9":{"start":{"line":27,"column":2},"end":{"line":27,"column":56}},"10":{"start":{"line":29,"column":20},"end":{"line":29,"column":51}},"11":{"start":{"line":31,"column":1},"end":{"line":31,"column":49}},"12":{"start":{"line":32,"column":1},"end":{"line":32,"column":50}},"13":{"start":{"line":34,"column":1},"end":{"line":34,"column":19}},"14":{"start":{"line":35,"column":1},"end":{"line":35,"column":23}},"15":{"start":{"line":40,"column":2},"end":{"line":40,"column":58}},"16":{"start":{"line":40,"column":29},"end":{"line":40,"column":56}},"17":{"start":{"line":42,"column":2},"end":{"line":42,"column":13}}},"fnMap":{"0":{"name":"(anonymous_0)","decl":{"start":{"line":13,"column":21},"end":{"line":13,"column":22}},"loc":{"start":{"line":13,"column":27},"end":{"line":43,"column":1}},"line":13},"1":{"name":"(anonymous_1)","decl":{"start":{"line":40,"column":15},"end":{"line":40,"column":16}},"loc":{"start":{"line":40,"column":29},"end":{"line":40,"column":56}},"line":40}},"branchMap":{"0":{"loc":{"start":{"line":29,"column":20},"end":{"line":29,"column":51}},"type":"binary-expr","locations":[{"start":{"line":29,"column":20},"end":{"line":29,"column":43}},{"start":{"line":29,"column":47},"end":{"line":29,"column":51}}],"line":29}},"s":{"0":1,"1":1,"2":1,"3":1,"4":1,"5":1,"6":1,"7":1,"8":1,"9":1,"10":1,"11":1,"12":1,"13":1,"14":1,"15":1,"16":0,"17":1},"f":{"0":1,"1":0},"b":{"0":[1,0]},"_coverageSchema":"1a1c01bbd47fc00a2c39e90264f33305004495a9","hash":"00ac68e00cae31d2997b1b11d843dbf1d4749ad2"}
,"C:\\Users\\SAHEED PC\\Desktop\\Portfolio\\namssn-website\\backend\\utils\\resourcesUtils\\checkUploadDirectory.js": {"path":"C:\\Users\\SAHEED PC\\Desktop\\Portfolio\\namssn-website\\backend\\utils\\resourcesUtils\\checkUploadDirectory.js","statementMap":{"0":{"start":{"line":4,"column":4},"end":{"line":15,"column":5}},"1":{"start":{"line":5,"column":6},"end":{"line":5,"column":61}},"2":{"start":{"line":7,"column":6},"end":{"line":14,"column":7}},"3":{"start":{"line":9,"column":8},"end":{"line":9,"column":43}},"4":{"start":{"line":10,"column":8},"end":{"line":10,"column":55}},"5":{"start":{"line":13,"column":8},"end":{"line":13,"column":39}}},"fnMap":{"0":{"name":"checkUploadDirectory","decl":{"start":{"line":3,"column":30},"end":{"line":3,"column":50}},"loc":{"start":{"line":3,"column":62},"end":{"line":16,"column":3}},"line":3}},"branchMap":{"0":{"loc":{"start":{"line":7,"column":6},"end":{"line":14,"column":7}},"type":"if","locations":[{"start":{"line":7,"column":6},"end":{"line":14,"column":7}},{"start":{"line":11,"column":13},"end":{"line":14,"column":7}}],"line":7}},"s":{"0":0,"1":0,"2":0,"3":0,"4":0,"5":0},"f":{"0":0},"b":{"0":[0,0]},"_coverageSchema":"1a1c01bbd47fc00a2c39e90264f33305004495a9","hash":"47ac9d03cc182a60104968a2da43ef97ca49a687"}
,"C:\\Users\\SAHEED PC\\Desktop\\Portfolio\\namssn-website\\backend\\utils\\resourcesUtils\\checkUploader.js": {"path":"C:\\Users\\SAHEED PC\\Desktop\\Portfolio\\namssn-website\\backend\\utils\\resourcesUtils\\checkUploader.js","statementMap":{"0":{"start":{"line":3,"column":22},"end":{"line":14,"column":1}},"1":{"start":{"line":4,"column":4},"end":{"line":13,"column":9}},"2":{"start":{"line":5,"column":25},"end":{"line":5,"column":51}},"3":{"start":{"line":6,"column":8},"end":{"line":9,"column":9}},"4":{"start":{"line":7,"column":12},"end":{"line":7,"column":64}},"5":{"start":{"line":8,"column":12},"end":{"line":8,"column":43}},"6":{"start":{"line":10,"column":8},"end":{"line":10,"column":20}},"7":{"start":{"line":12,"column":8},"end":{"line":12,"column":28}}},"fnMap":{"0":{"name":"(anonymous_0)","decl":{"start":{"line":3,"column":22},"end":{"line":3,"column":23}},"loc":{"start":{"line":3,"column":51},"end":{"line":14,"column":1}},"line":3}},"branchMap":{"0":{"loc":{"start":{"line":6,"column":8},"end":{"line":9,"column":9}},"type":"if","locations":[{"start":{"line":6,"column":8},"end":{"line":9,"column":9}},{"start":{},"end":{}}],"line":6}},"s":{"0":1,"1":0,"2":0,"3":0,"4":0,"5":0,"6":0,"7":0},"f":{"0":0},"b":{"0":[0,0]},"_coverageSchema":"1a1c01bbd47fc00a2c39e90264f33305004495a9","hash":"061bd873e7b7bfc5f57b8d149477ff6f9b6c2658"}
,"C:\\Users\\SAHEED PC\\Desktop\\Portfolio\\namssn-website\\backend\\utils\\resourcesUtils\\createFileList.js": {"path":"C:\\Users\\SAHEED PC\\Desktop\\Portfolio\\namssn-website\\backend\\utils\\resourcesUtils\\createFileList.js","statementMap":{"0":{"start":{"line":2,"column":23},"end":{"line":28,"column":1}},"1":{"start":{"line":3,"column":21},"end":{"line":3,"column":23}},"2":{"start":{"line":4,"column":4},"end":{"line":26,"column":7}},"3":{"start":{"line":5,"column":8},"end":{"line":25,"column":9}},"4":{"start":{"line":6,"column":33},"end":{"line":6,"column":72}},"5":{"start":{"line":7,"column":10},"end":{"line":7,"column":51}},"6":{"start":{"line":8,"column":23},"end":{"line":8,"column":41}},"7":{"start":{"line":9,"column":26},"end":{"line":9,"column":77}},"8":{"start":{"line":10,"column":28},"end":{"line":10,"column":66}},"9":{"start":{"line":11,"column":32},"end":{"line":11,"column":54}},"10":{"start":{"line":12,"column":30},"end":{"line":21,"column":11}},"11":{"start":{"line":22,"column":10},"end":{"line":22,"column":37}},"12":{"start":{"line":24,"column":10},"end":{"line":24,"column":27}},"13":{"start":{"line":27,"column":6},"end":{"line":27,"column":22}}},"fnMap":{"0":{"name":"(anonymous_0)","decl":{"start":{"line":2,"column":23},"end":{"line":2,"column":24}},"loc":{"start":{"line":2,"column":43},"end":{"line":28,"column":1}},"line":2}},"branchMap":{},"s":{"0":1,"1":0,"2":0,"3":0,"4":0,"5":0,"6":0,"7":0,"8":0,"9":0,"10":0,"11":0,"12":0,"13":0},"f":{"0":0},"b":{},"_coverageSchema":"1a1c01bbd47fc00a2c39e90264f33305004495a9","hash":"30f2bd910e6b8a136cc137de049127db9c14f992"}
,"C:\\Users\\SAHEED PC\\Desktop\\Portfolio\\namssn-website\\backend\\utils\\resourcesUtils\\getAllResources.js": {"path":"C:\\Users\\SAHEED PC\\Desktop\\Portfolio\\namssn-website\\backend\\utils\\resourcesUtils\\getAllResources.js","statementMap":{"0":{"start":{"line":3,"column":24},"end":{"line":10,"column":1}},"1":{"start":{"line":4,"column":4},"end":{"line":9,"column":5}},"2":{"start":{"line":5,"column":29},"end":{"line":5,"column":50}},"3":{"start":{"line":6,"column":8},"end":{"line":6,"column":28}},"4":{"start":{"line":8,"column":8},"end":{"line":8,"column":74}}},"fnMap":{"0":{"name":"(anonymous_0)","decl":{"start":{"line":3,"column":24},"end":{"line":3,"column":25}},"loc":{"start":{"line":3,"column":36},"end":{"line":10,"column":1}},"line":3}},"branchMap":{},"s":{"0":1,"1":0,"2":0,"3":0,"4":0},"f":{"0":0},"b":{},"_coverageSchema":"1a1c01bbd47fc00a2c39e90264f33305004495a9","hash":"060f39718f3dbbe69ce76ea601ae496f251325a4"}
,"C:\\Users\\SAHEED PC\\Desktop\\Portfolio\\namssn-website\\backend\\utils\\resourcesUtils\\getResource.js": {"path":"C:\\Users\\SAHEED PC\\Desktop\\Portfolio\\namssn-website\\backend\\utils\\resourcesUtils\\getResource.js","statementMap":{"0":{"start":{"line":3,"column":20},"end":{"line":15,"column":1}},"1":{"start":{"line":4,"column":4},"end":{"line":14,"column":5}},"2":{"start":{"line":5,"column":25},"end":{"line":5,"column":84}},"3":{"start":{"line":6,"column":8},"end":{"line":10,"column":9}},"4":{"start":{"line":7,"column":12},"end":{"line":7,"column":41}},"5":{"start":{"line":9,"column":12},"end":{"line":9,"column":45}},"6":{"start":{"line":11,"column":8},"end":{"line":11,"column":24}},"7":{"start":{"line":13,"column":8},"end":{"line":13,"column":73}}},"fnMap":{"0":{"name":"(anonymous_0)","decl":{"start":{"line":3,"column":20},"end":{"line":3,"column":21}},"loc":{"start":{"line":3,"column":39},"end":{"line":15,"column":1}},"line":3}},"branchMap":{"0":{"loc":{"start":{"line":6,"column":8},"end":{"line":10,"column":9}},"type":"if","locations":[{"start":{"line":6,"column":8},"end":{"line":10,"column":9}},{"start":{"line":8,"column":15},"end":{"line":10,"column":9}}],"line":6}},"s":{"0":1,"1":0,"2":0,"3":0,"4":0,"5":0,"6":0,"7":0},"f":{"0":0},"b":{"0":[0,0]},"_coverageSchema":"1a1c01bbd47fc00a2c39e90264f33305004495a9","hash":"a94814cddfe2e47baa96aade133fd33a4322816c"}
,"C:\\Users\\SAHEED PC\\Desktop\\Portfolio\\namssn-website\\backend\\utils\\resourcesUtils\\getUser.js": {"path":"C:\\Users\\SAHEED PC\\Desktop\\Portfolio\\namssn-website\\backend\\utils\\resourcesUtils\\getUser.js","statementMap":{"0":{"start":{"line":3,"column":16},"end":{"line":10,"column":1}},"1":{"start":{"line":4,"column":4},"end":{"line":9,"column":5}},"2":{"start":{"line":5,"column":21},"end":{"line":5,"column":44}},"3":{"start":{"line":6,"column":8},"end":{"line":6,"column":20}},"4":{"start":{"line":8,"column":8},"end":{"line":8,"column":69}}},"fnMap":{"0":{"name":"(anonymous_0)","decl":{"start":{"line":3,"column":16},"end":{"line":3,"column":17}},"loc":{"start":{"line":3,"column":30},"end":{"line":10,"column":1}},"line":3}},"branchMap":{},"s":{"0":1,"1":0,"2":0,"3":0,"4":0},"f":{"0":0},"b":{},"_coverageSchema":"1a1c01bbd47fc00a2c39e90264f33305004495a9","hash":"bc95947600a1b0a45c59e0280709680affd23322"}
,"C:\\Users\\SAHEED PC\\Desktop\\Portfolio\\namssn-website\\backend\\utils\\resourcesUtils\\removeResource.js": {"path":"C:\\Users\\SAHEED PC\\Desktop\\Portfolio\\namssn-website\\backend\\utils\\resourcesUtils\\removeResource.js","statementMap":{"0":{"start":{"line":5,"column":23},"end":{"line":18,"column":1}},"1":{"start":{"line":6,"column":4},"end":{"line":17,"column":5}},"2":{"start":{"line":7,"column":8},"end":{"line":7,"column":55}},"3":{"start":{"line":8,"column":32},"end":{"line":8,"column":75}},"4":{"start":{"line":9,"column":28},"end":{"line":13,"column":9}},"5":{"start":{"line":14,"column":8},"end":{"line":14,"column":71}},"6":{"start":{"line":16,"column":8},"end":{"line":16,"column":25}}},"fnMap":{"0":{"name":"(anonymous_0)","decl":{"start":{"line":5,"column":23},"end":{"line":5,"column":24}},"loc":{"start":{"line":5,"column":53},"end":{"line":18,"column":1}},"line":5}},"branchMap":{},"s":{"0":1,"1":0,"2":0,"3":0,"4":0,"5":0,"6":0},"f":{"0":0},"b":{},"_coverageSchema":"1a1c01bbd47fc00a2c39e90264f33305004495a9","hash":"848da7023793d100315e35ad3465cef0c247a2cb"}
,"C:\\Users\\SAHEED PC\\Desktop\\Portfolio\\namssn-website\\backend\\utils\\resourcesUtils\\uploadResource.js": {"path":"C:\\Users\\SAHEED PC\\Desktop\\Portfolio\\namssn-website\\backend\\utils\\resourcesUtils\\uploadResource.js","statementMap":{"0":{"start":{"line":5,"column":23},"end":{"line":33,"column":1}},"1":{"start":{"line":6,"column":4},"end":{"line":6,"column":84}},"2":{"start":{"line":7,"column":4},"end":{"line":32,"column":5}},"3":{"start":{"line":8,"column":28},"end":{"line":15,"column":10}},"4":{"start":{"line":16,"column":30},"end":{"line":16,"column":54}},"5":{"start":{"line":18,"column":32},"end":{"line":22,"column":13}},"6":{"start":{"line":23,"column":25},"end":{"line":23,"column":48}},"7":{"start":{"line":24,"column":28},"end":{"line":24,"column":79}},"8":{"start":{"line":25,"column":30},"end":{"line":25,"column":68}},"9":{"start":{"line":26,"column":34},"end":{"line":26,"column":56}},"10":{"start":{"line":28,"column":12},"end":{"line":28,"column":68}},"11":{"start":{"line":31,"column":8},"end":{"line":31,"column":25}}},"fnMap":{"0":{"name":"(anonymous_0)","decl":{"start":{"line":5,"column":23},"end":{"line":5,"column":24}},"loc":{"start":{"line":5,"column":88},"end":{"line":33,"column":1}},"line":5}},"branchMap":{},"s":{"0":1,"1":0,"2":0,"3":0,"4":0,"5":0,"6":0,"7":0,"8":0,"9":0,"10":0,"11":0},"f":{"0":0},"b":{},"_coverageSchema":"1a1c01bbd47fc00a2c39e90264f33305004495a9","hash":"b5d858d85c1c78904e410606c879dd6384cb9857"}
}
