{"C:\\Users\\aabdu\\OneDrive\\Desktop\\namssn-website\\backend\\controllers\\adminController.js": {"path":"C:\\Users\\aabdu\\OneDrive\\Desktop\\namssn-website\\backend\\controllers\\adminController.js","statementMap":{"0":{"start":{"line":15,"column":22},"end":{"line":18,"column":2}},"1":{"start":{"line":16,"column":21},"end":{"line":16,"column":50}},"2":{"start":{"line":17,"column":2},"end":{"line":17,"column":35}},"3":{"start":{"line":23,"column":22},"end":{"line":26,"column":2}},"4":{"start":{"line":24,"column":21},"end":{"line":24,"column":50}},"5":{"start":{"line":25,"column":2},"end":{"line":25,"column":35}},"6":{"start":{"line":31,"column":22},"end":{"line":34,"column":2}},"7":{"start":{"line":32,"column":21},"end":{"line":32,"column":50}},"8":{"start":{"line":33,"column":2},"end":{"line":33,"column":35}},"9":{"start":{"line":40,"column":25},"end":{"line":43,"column":2}},"10":{"start":{"line":41,"column":24},"end":{"line":41,"column":56}},"11":{"start":{"line":42,"column":2},"end":{"line":42,"column":38}},"12":{"start":{"line":48,"column":23},"end":{"line":51,"column":2}},"13":{"start":{"line":49,"column":22},"end":{"line":49,"column":52}},"14":{"start":{"line":50,"column":2},"end":{"line":50,"column":36}},"15":{"start":{"line":56,"column":30},"end":{"line":59,"column":2}},"16":{"start":{"line":57,"column":29},"end":{"line":57,"column":66}},"17":{"start":{"line":58,"column":2},"end":{"line":58,"column":43}},"18":{"start":{"line":65,"column":20},"end":{"line":68,"column":2}},"19":{"start":{"line":66,"column":16},"end":{"line":66,"column":55}},"20":{"start":{"line":67,"column":2},"end":{"line":67,"column":30}},"21":{"start":{"line":74,"column":22},"end":{"line":98,"column":2}},"22":{"start":{"line":75,"column":17},"end":{"line":75,"column":34}},"23":{"start":{"line":78,"column":15},"end":{"line":78,"column":42}},"24":{"start":{"line":80,"column":2},"end":{"line":83,"column":3}},"25":{"start":{"line":81,"column":4},"end":{"line":81,"column":20}},"26":{"start":{"line":82,"column":4},"end":{"line":82,"column":38}},"27":{"start":{"line":86,"column":2},"end":{"line":89,"column":3}},"28":{"start":{"line":87,"column":4},"end":{"line":87,"column":20}},"29":{"start":{"line":88,"column":4},"end":{"line":88,"column":48}},"30":{"start":{"line":92,"column":2},"end":{"line":92,"column":22}},"31":{"start":{"line":95,"column":2},"end":{"line":95,"column":20}},"32":{"start":{"line":97,"column":2},"end":{"line":97,"column":60}},"33":{"start":{"line":104,"column":20},"end":{"line":128,"column":2}},"34":{"start":{"line":105,"column":17},"end":{"line":105,"column":34}},"35":{"start":{"line":108,"column":15},"end":{"line":108,"column":42}},"36":{"start":{"line":110,"column":2},"end":{"line":113,"column":3}},"37":{"start":{"line":111,"column":4},"end":{"line":111,"column":20}},"38":{"start":{"line":112,"column":4},"end":{"line":112,"column":38}},"39":{"start":{"line":116,"column":2},"end":{"line":119,"column":3}},"40":{"start":{"line":117,"column":4},"end":{"line":117,"column":20}},"41":{"start":{"line":118,"column":4},"end":{"line":118,"column":44}},"42":{"start":{"line":122,"column":2},"end":{"line":122,"column":21}},"43":{"start":{"line":125,"column":2},"end":{"line":125,"column":20}},"44":{"start":{"line":127,"column":2},"end":{"line":127,"column":66}},"45":{"start":{"line":134,"column":19},"end":{"line":154,"column":2}},"46":{"start":{"line":135,"column":56},"end":{"line":135,"column":64}},"47":{"start":{"line":138,"column":17},"end":{"line":138,"column":29}},"48":{"start":{"line":141,"column":18},"end":{"line":148,"column":4}},"49":{"start":{"line":151,"column":22},"end":{"line":151,"column":42}},"50":{"start":{"line":153,"column":2},"end":{"line":153,"column":36}},"51":{"start":{"line":159,"column":21},"end":{"line":167,"column":2}},"52":{"start":{"line":160,"column":17},"end":{"line":160,"column":29}},"53":{"start":{"line":163,"column":20},"end":{"line":164,"column":28}},"54":{"start":{"line":166,"column":2},"end":{"line":166,"column":34}},"55":{"start":{"line":172,"column":19},"end":{"line":201,"column":2}},"56":{"start":{"line":174,"column":63},"end":{"line":174,"column":71}},"57":{"start":{"line":177,"column":15},"end":{"line":177,"column":42}},"58":{"start":{"line":179,"column":2},"end":{"line":182,"column":3}},"59":{"start":{"line":180,"column":4},"end":{"line":180,"column":20}},"60":{"start":{"line":181,"column":4},"end":{"line":181,"column":38}},"61":{"start":{"line":185,"column":2},"end":{"line":188,"column":3}},"62":{"start":{"line":186,"column":4},"end":{"line":186,"column":20}},"63":{"start":{"line":187,"column":4},"end":{"line":187,"column":56}},"64":{"start":{"line":191,"column":2},"end":{"line":191,"column":21}},"65":{"start":{"line":192,"column":2},"end":{"line":192,"column":31}},"66":{"start":{"line":193,"column":2},"end":{"line":193,"column":25}},"67":{"start":{"line":194,"column":2},"end":{"line":194,"column":19}},"68":{"start":{"line":195,"column":2},"end":{"line":195,"column":23}},"69":{"start":{"line":198,"column":22},"end":{"line":198,"column":39}},"70":{"start":{"line":200,"column":2},"end":{"line":200,"column":36}},"71":{"start":{"line":206,"column":19},"end":{"line":231,"column":2}},"72":{"start":{"line":208,"column":21},"end":{"line":208,"column":31}},"73":{"start":{"line":210,"column":2},"end":{"line":210,"column":22}},"74":{"start":{"line":213,"column":15},"end":{"line":213,"column":42}},"75":{"start":{"line":215,"column":2},"end":{"line":218,"column":3}},"76":{"start":{"line":216,"column":4},"end":{"line":216,"column":20}},"77":{"start":{"line":217,"column":4},"end":{"line":217,"column":38}},"78":{"start":{"line":221,"column":2},"end":{"line":224,"column":3}},"79":{"start":{"line":222,"column":4},"end":{"line":222,"column":20}},"80":{"start":{"line":223,"column":4},"end":{"line":223,"column":56}},"81":{"start":{"line":227,"column":2},"end":{"line":227,"column":31}},"82":{"start":{"line":228,"column":2},"end":{"line":228,"column":40}},"83":{"start":{"line":230,"column":2},"end":{"line":230,"column":52}},"84":{"start":{"line":237,"column":23},"end":{"line":248,"column":2}},"85":{"start":{"line":238,"column":36},"end":{"line":238,"column":44}},"86":{"start":{"line":239,"column":22},"end":{"line":245,"column":3}},"87":{"start":{"line":246,"column":26},"end":{"line":246,"column":50}},"88":{"start":{"line":247,"column":2},"end":{"line":247,"column":39}},"89":{"start":{"line":253,"column":23},"end":{"line":275,"column":2}},"90":{"start":{"line":254,"column":36},"end":{"line":254,"column":44}},"91":{"start":{"line":256,"column":2},"end":{"line":274,"column":3}},"92":{"start":{"line":258,"column":21},"end":{"line":258,"column":77}},"93":{"start":{"line":260,"column":4},"end":{"line":263,"column":5}},"94":{"start":{"line":262,"column":6},"end":{"line":262,"column":69}},"95":{"start":{"line":264,"column":23},"end":{"line":264,"column":35}},"96":{"start":{"line":267,"column":4},"end":{"line":267,"column":40}},"97":{"start":{"line":270,"column":4},"end":{"line":270,"column":78}},"98":{"start":{"line":273,"column":4},"end":{"line":273,"column":92}},"99":{"start":{"line":281,"column":25},"end":{"line":287,"column":2}},"100":{"start":{"line":282,"column":2},"end":{"line":286,"column":3}},"101":{"start":{"line":283,"column":4},"end":{"line":283,"column":35}},"102":{"start":{"line":285,"column":4},"end":{"line":285,"column":23}},"103":{"start":{"line":293,"column":23},"end":{"line":308,"column":2}},"104":{"start":{"line":294,"column":2},"end":{"line":307,"column":3}},"105":{"start":{"line":296,"column":24},"end":{"line":299,"column":30}},"106":{"start":{"line":302,"column":4},"end":{"line":302,"column":38}},"107":{"start":{"line":306,"column":4},"end":{"line":306,"column":61}},"108":{"start":{"line":313,"column":27},"end":{"line":328,"column":2}},"109":{"start":{"line":314,"column":26},"end":{"line":314,"column":34}},"110":{"start":{"line":315,"column":17},"end":{"line":315,"column":29}},"111":{"start":{"line":318,"column":26},"end":{"line":322,"column":4}},"112":{"start":{"line":325,"column":30},"end":{"line":325,"column":58}},"113":{"start":{"line":327,"column":2},"end":{"line":327,"column":44}},"114":{"start":{"line":331,"column":27},"end":{"line":355,"column":2}},"115":{"start":{"line":332,"column":26},"end":{"line":332,"column":34}},"116":{"start":{"line":333,"column":25},"end":{"line":333,"column":50}},"117":{"start":{"line":336,"column":23},"end":{"line":336,"column":66}},"118":{"start":{"line":338,"column":2},"end":{"line":341,"column":3}},"119":{"start":{"line":339,"column":4},"end":{"line":339,"column":20}},"120":{"start":{"line":340,"column":4},"end":{"line":340,"column":46}},"121":{"start":{"line":344,"column":2},"end":{"line":347,"column":3}},"122":{"start":{"line":345,"column":4},"end":{"line":345,"column":20}},"123":{"start":{"line":346,"column":4},"end":{"line":346,"column":64}},"124":{"start":{"line":350,"column":2},"end":{"line":350,"column":27}},"125":{"start":{"line":351,"column":2},"end":{"line":351,"column":29}},"126":{"start":{"line":352,"column":30},"end":{"line":352,"column":55}},"127":{"start":{"line":354,"column":2},"end":{"line":354,"column":44}},"128":{"start":{"line":358,"column":27},"end":{"line":385,"column":2}},"129":{"start":{"line":359,"column":25},"end":{"line":359,"column":50}},"130":{"start":{"line":362,"column":23},"end":{"line":362,"column":66}},"131":{"start":{"line":364,"column":2},"end":{"line":367,"column":3}},"132":{"start":{"line":365,"column":4},"end":{"line":365,"column":20}},"133":{"start":{"line":366,"column":4},"end":{"line":366,"column":46}},"134":{"start":{"line":370,"column":2},"end":{"line":373,"column":3}},"135":{"start":{"line":371,"column":4},"end":{"line":371,"column":20}},"136":{"start":{"line":372,"column":4},"end":{"line":372,"column":64}},"137":{"start":{"line":375,"column":2},"end":{"line":384,"column":3}},"138":{"start":{"line":377,"column":4},"end":{"line":377,"column":58}},"139":{"start":{"line":379,"column":4},"end":{"line":379,"column":62}},"140":{"start":{"line":382,"column":4},"end":{"line":382,"column":25}},"141":{"start":{"line":383,"column":4},"end":{"line":383,"column":63}},"142":{"start":{"line":389,"column":20},"end":{"line":411,"column":2}},"143":{"start":{"line":390,"column":27},"end":{"line":390,"column":35}},"144":{"start":{"line":391,"column":17},"end":{"line":391,"column":29}},"145":{"start":{"line":393,"column":2},"end":{"line":393,"column":32}},"146":{"start":{"line":395,"column":1},"end":{"line":410,"column":2}},"147":{"start":{"line":397,"column":19},"end":{"line":401,"column":4}},"148":{"start":{"line":404,"column":23},"end":{"line":404,"column":44}},"149":{"start":{"line":406,"column":2},"end":{"line":406,"column":37}},"150":{"start":{"line":408,"column":4},"end":{"line":408,"column":25}},"151":{"start":{"line":409,"column":4},"end":{"line":409,"column":63}},"152":{"start":{"line":414,"column":22},"end":{"line":421,"column":2}},"153":{"start":{"line":415,"column":17},"end":{"line":415,"column":29}},"154":{"start":{"line":418,"column":21},"end":{"line":418,"column":79}},"155":{"start":{"line":420,"column":2},"end":{"line":420,"column":35}},"156":{"start":{"line":424,"column":20},"end":{"line":454,"column":2}},"157":{"start":{"line":425,"column":18},"end":{"line":425,"column":36}},"158":{"start":{"line":426,"column":27},"end":{"line":426,"column":35}},"159":{"start":{"line":428,"column":2},"end":{"line":453,"column":3}},"160":{"start":{"line":430,"column":18},"end":{"line":430,"column":47}},"161":{"start":{"line":432,"column":4},"end":{"line":435,"column":5}},"162":{"start":{"line":434,"column":6},"end":{"line":434,"column":66}},"163":{"start":{"line":438,"column":4},"end":{"line":440,"column":5}},"164":{"start":{"line":439,"column":6},"end":{"line":439,"column":94}},"165":{"start":{"line":443,"column":4},"end":{"line":443,"column":39}},"166":{"start":{"line":444,"column":4},"end":{"line":444,"column":39}},"167":{"start":{"line":447,"column":25},"end":{"line":447,"column":43}},"168":{"start":{"line":449,"column":4},"end":{"line":449,"column":39}},"169":{"start":{"line":451,"column":4},"end":{"line":451,"column":25}},"170":{"start":{"line":452,"column":4},"end":{"line":452,"column":63}},"171":{"start":{"line":457,"column":20},"end":{"line":478,"column":2}},"172":{"start":{"line":458,"column":18},"end":{"line":458,"column":36}},"173":{"start":{"line":461,"column":16},"end":{"line":461,"column":45}},"174":{"start":{"line":463,"column":2},"end":{"line":466,"column":3}},"175":{"start":{"line":464,"column":4},"end":{"line":464,"column":20}},"176":{"start":{"line":465,"column":4},"end":{"line":465,"column":39}},"177":{"start":{"line":469,"column":2},"end":{"line":472,"column":3}},"178":{"start":{"line":470,"column":4},"end":{"line":470,"column":20}},"179":{"start":{"line":471,"column":4},"end":{"line":471,"column":57}},"180":{"start":{"line":475,"column":2},"end":{"line":475,"column":42}},"181":{"start":{"line":477,"column":2},"end":{"line":477,"column":53}}},"fnMap":{"0":{"name":"(anonymous_0)","decl":{"start":{"line":15,"column":35},"end":{"line":15,"column":36}},"loc":{"start":{"line":15,"column":55},"end":{"line":18,"column":1}},"line":15},"1":{"name":"(anonymous_1)","decl":{"start":{"line":23,"column":35},"end":{"line":23,"column":36}},"loc":{"start":{"line":23,"column":55},"end":{"line":26,"column":1}},"line":23},"2":{"name":"(anonymous_2)","decl":{"start":{"line":31,"column":35},"end":{"line":31,"column":36}},"loc":{"start":{"line":31,"column":55},"end":{"line":34,"column":1}},"line":31},"3":{"name":"(anonymous_3)","decl":{"start":{"line":40,"column":38},"end":{"line":40,"column":39}},"loc":{"start":{"line":40,"column":58},"end":{"line":43,"column":1}},"line":40},"4":{"name":"(anonymous_4)","decl":{"start":{"line":48,"column":36},"end":{"line":48,"column":37}},"loc":{"start":{"line":48,"column":56},"end":{"line":51,"column":1}},"line":48},"5":{"name":"(anonymous_5)","decl":{"start":{"line":56,"column":43},"end":{"line":56,"column":44}},"loc":{"start":{"line":56,"column":63},"end":{"line":59,"column":1}},"line":56},"6":{"name":"(anonymous_6)","decl":{"start":{"line":65,"column":33},"end":{"line":65,"column":34}},"loc":{"start":{"line":65,"column":53},"end":{"line":68,"column":1}},"line":65},"7":{"name":"(anonymous_7)","decl":{"start":{"line":74,"column":35},"end":{"line":74,"column":36}},"loc":{"start":{"line":74,"column":55},"end":{"line":98,"column":1}},"line":74},"8":{"name":"(anonymous_8)","decl":{"start":{"line":104,"column":33},"end":{"line":104,"column":34}},"loc":{"start":{"line":104,"column":53},"end":{"line":128,"column":1}},"line":104},"9":{"name":"(anonymous_9)","decl":{"start":{"line":134,"column":32},"end":{"line":134,"column":33}},"loc":{"start":{"line":134,"column":52},"end":{"line":154,"column":1}},"line":134},"10":{"name":"(anonymous_10)","decl":{"start":{"line":159,"column":34},"end":{"line":159,"column":35}},"loc":{"start":{"line":159,"column":54},"end":{"line":167,"column":1}},"line":159},"11":{"name":"(anonymous_11)","decl":{"start":{"line":172,"column":32},"end":{"line":172,"column":33}},"loc":{"start":{"line":172,"column":52},"end":{"line":201,"column":1}},"line":172},"12":{"name":"(anonymous_12)","decl":{"start":{"line":206,"column":32},"end":{"line":206,"column":33}},"loc":{"start":{"line":206,"column":52},"end":{"line":231,"column":1}},"line":206},"13":{"name":"(anonymous_13)","decl":{"start":{"line":237,"column":36},"end":{"line":237,"column":37}},"loc":{"start":{"line":237,"column":56},"end":{"line":248,"column":1}},"line":237},"14":{"name":"(anonymous_14)","decl":{"start":{"line":253,"column":36},"end":{"line":253,"column":37}},"loc":{"start":{"line":253,"column":56},"end":{"line":275,"column":1}},"line":253},"15":{"name":"(anonymous_15)","decl":{"start":{"line":281,"column":38},"end":{"line":281,"column":39}},"loc":{"start":{"line":281,"column":58},"end":{"line":287,"column":1}},"line":281},"16":{"name":"(anonymous_16)","decl":{"start":{"line":293,"column":36},"end":{"line":293,"column":37}},"loc":{"start":{"line":293,"column":56},"end":{"line":308,"column":1}},"line":293},"17":{"name":"(anonymous_17)","decl":{"start":{"line":313,"column":40},"end":{"line":313,"column":41}},"loc":{"start":{"line":313,"column":60},"end":{"line":328,"column":1}},"line":313},"18":{"name":"(anonymous_18)","decl":{"start":{"line":331,"column":40},"end":{"line":331,"column":41}},"loc":{"start":{"line":331,"column":60},"end":{"line":355,"column":1}},"line":331},"19":{"name":"(anonymous_19)","decl":{"start":{"line":358,"column":40},"end":{"line":358,"column":41}},"loc":{"start":{"line":358,"column":60},"end":{"line":385,"column":1}},"line":358},"20":{"name":"(anonymous_20)","decl":{"start":{"line":389,"column":33},"end":{"line":389,"column":34}},"loc":{"start":{"line":389,"column":53},"end":{"line":411,"column":1}},"line":389},"21":{"name":"(anonymous_21)","decl":{"start":{"line":414,"column":35},"end":{"line":414,"column":36}},"loc":{"start":{"line":414,"column":55},"end":{"line":421,"column":1}},"line":414},"22":{"name":"(anonymous_22)","decl":{"start":{"line":424,"column":33},"end":{"line":424,"column":34}},"loc":{"start":{"line":424,"column":53},"end":{"line":454,"column":1}},"line":424},"23":{"name":"(anonymous_23)","decl":{"start":{"line":457,"column":33},"end":{"line":457,"column":34}},"loc":{"start":{"line":457,"column":53},"end":{"line":478,"column":1}},"line":457}},"branchMap":{"0":{"loc":{"start":{"line":80,"column":2},"end":{"line":83,"column":3}},"type":"if","locations":[{"start":{"line":80,"column":2},"end":{"line":83,"column":3}},{"start":{},"end":{}}],"line":80},"1":{"loc":{"start":{"line":86,"column":2},"end":{"line":89,"column":3}},"type":"if","locations":[{"start":{"line":86,"column":2},"end":{"line":89,"column":3}},{"start":{},"end":{}}],"line":86},"2":{"loc":{"start":{"line":110,"column":2},"end":{"line":113,"column":3}},"type":"if","locations":[{"start":{"line":110,"column":2},"end":{"line":113,"column":3}},{"start":{},"end":{}}],"line":110},"3":{"loc":{"start":{"line":116,"column":2},"end":{"line":119,"column":3}},"type":"if","locations":[{"start":{"line":116,"column":2},"end":{"line":119,"column":3}},{"start":{},"end":{}}],"line":116},"4":{"loc":{"start":{"line":179,"column":2},"end":{"line":182,"column":3}},"type":"if","locations":[{"start":{"line":179,"column":2},"end":{"line":182,"column":3}},{"start":{},"end":{}}],"line":179},"5":{"loc":{"start":{"line":185,"column":2},"end":{"line":188,"column":3}},"type":"if","locations":[{"start":{"line":185,"column":2},"end":{"line":188,"column":3}},{"start":{},"end":{}}],"line":185},"6":{"loc":{"start":{"line":185,"column":6},"end":{"line":185,"column":83}},"type":"binary-expr","locations":[{"start":{"line":185,"column":6},"end":{"line":185,"column":54}},{"start":{"line":185,"column":58},"end":{"line":185,"column":83}}],"line":185},"7":{"loc":{"start":{"line":215,"column":2},"end":{"line":218,"column":3}},"type":"if","locations":[{"start":{"line":215,"column":2},"end":{"line":218,"column":3}},{"start":{},"end":{}}],"line":215},"8":{"loc":{"start":{"line":221,"column":2},"end":{"line":224,"column":3}},"type":"if","locations":[{"start":{"line":221,"column":2},"end":{"line":224,"column":3}},{"start":{},"end":{}}],"line":221},"9":{"loc":{"start":{"line":221,"column":6},"end":{"line":221,"column":83}},"type":"binary-expr","locations":[{"start":{"line":221,"column":6},"end":{"line":221,"column":54}},{"start":{"line":221,"column":58},"end":{"line":221,"column":83}}],"line":221},"10":{"loc":{"start":{"line":260,"column":4},"end":{"line":263,"column":5}},"type":"if","locations":[{"start":{"line":260,"column":4},"end":{"line":263,"column":5}},{"start":{},"end":{}}],"line":260},"11":{"loc":{"start":{"line":338,"column":2},"end":{"line":341,"column":3}},"type":"if","locations":[{"start":{"line":338,"column":2},"end":{"line":341,"column":3}},{"start":{},"end":{}}],"line":338},"12":{"loc":{"start":{"line":344,"column":2},"end":{"line":347,"column":3}},"type":"if","locations":[{"start":{"line":344,"column":2},"end":{"line":347,"column":3}},{"start":{},"end":{}}],"line":344},"13":{"loc":{"start":{"line":344,"column":6},"end":{"line":344,"column":91}},"type":"binary-expr","locations":[{"start":{"line":344,"column":6},"end":{"line":344,"column":62}},{"start":{"line":344,"column":66},"end":{"line":344,"column":91}}],"line":344},"14":{"loc":{"start":{"line":364,"column":2},"end":{"line":367,"column":3}},"type":"if","locations":[{"start":{"line":364,"column":2},"end":{"line":367,"column":3}},{"start":{},"end":{}}],"line":364},"15":{"loc":{"start":{"line":370,"column":2},"end":{"line":373,"column":3}},"type":"if","locations":[{"start":{"line":370,"column":2},"end":{"line":373,"column":3}},{"start":{},"end":{}}],"line":370},"16":{"loc":{"start":{"line":370,"column":6},"end":{"line":370,"column":91}},"type":"binary-expr","locations":[{"start":{"line":370,"column":6},"end":{"line":370,"column":62}},{"start":{"line":370,"column":66},"end":{"line":370,"column":91}}],"line":370},"17":{"loc":{"start":{"line":432,"column":4},"end":{"line":435,"column":5}},"type":"if","locations":[{"start":{"line":432,"column":4},"end":{"line":435,"column":5}},{"start":{},"end":{}}],"line":432},"18":{"loc":{"start":{"line":438,"column":4},"end":{"line":440,"column":5}},"type":"if","locations":[{"start":{"line":438,"column":4},"end":{"line":440,"column":5}},{"start":{},"end":{}}],"line":438},"19":{"loc":{"start":{"line":443,"column":18},"end":{"line":443,"column":38}},"type":"binary-expr","locations":[{"start":{"line":443,"column":18},"end":{"line":443,"column":23}},{"start":{"line":443,"column":27},"end":{"line":443,"column":38}}],"line":443},"20":{"loc":{"start":{"line":444,"column":18},"end":{"line":444,"column":38}},"type":"binary-expr","locations":[{"start":{"line":444,"column":18},"end":{"line":444,"column":23}},{"start":{"line":444,"column":27},"end":{"line":444,"column":38}}],"line":444},"21":{"loc":{"start":{"line":463,"column":2},"end":{"line":466,"column":3}},"type":"if","locations":[{"start":{"line":463,"column":2},"end":{"line":466,"column":3}},{"start":{},"end":{}}],"line":463},"22":{"loc":{"start":{"line":469,"column":2},"end":{"line":472,"column":3}},"type":"if","locations":[{"start":{"line":469,"column":2},"end":{"line":472,"column":3}},{"start":{},"end":{}}],"line":469}},"s":{"0":1,"1":0,"2":0,"3":1,"4":0,"5":0,"6":1,"7":0,"8":0,"9":1,"10":0,"11":0,"12":1,"13":0,"14":0,"15":1,"16":0,"17":0,"18":1,"19":0,"20":0,"21":1,"22":0,"23":0,"24":0,"25":0,"26":0,"27":0,"28":0,"29":0,"30":0,"31":0,"32":0,"33":1,"34":0,"35":0,"36":0,"37":0,"38":0,"39":0,"40":0,"41":0,"42":0,"43":0,"44":0,"45":1,"46":0,"47":0,"48":0,"49":0,"50":0,"51":1,"52":0,"53":0,"54":0,"55":1,"56":0,"57":0,"58":0,"59":0,"60":0,"61":0,"62":0,"63":0,"64":0,"65":0,"66":0,"67":0,"68":0,"69":0,"70":0,"71":1,"72":0,"73":0,"74":0,"75":0,"76":0,"77":0,"78":0,"79":0,"80":0,"81":0,"82":0,"83":0,"84":1,"85":0,"86":0,"87":0,"88":0,"89":1,"90":0,"91":0,"92":0,"93":0,"94":0,"95":0,"96":0,"97":0,"98":0,"99":1,"100":0,"101":0,"102":0,"103":1,"104":0,"105":0,"106":0,"107":0,"108":1,"109":0,"110":0,"111":0,"112":0,"113":0,"114":1,"115":0,"116":0,"117":0,"118":0,"119":0,"120":0,"121":0,"122":0,"123":0,"124":0,"125":0,"126":0,"127":0,"128":1,"129":0,"130":0,"131":0,"132":0,"133":0,"134":0,"135":0,"136":0,"137":0,"138":0,"139":0,"140":0,"141":0,"142":1,"143":0,"144":0,"145":0,"146":0,"147":0,"148":0,"149":0,"150":0,"151":0,"152":1,"153":0,"154":0,"155":0,"156":1,"157":0,"158":0,"159":0,"160":0,"161":0,"162":0,"163":0,"164":0,"165":0,"166":0,"167":0,"168":0,"169":0,"170":0,"171":1,"172":0,"173":0,"174":0,"175":0,"176":0,"177":0,"178":0,"179":0,"180":0,"181":0},"f":{"0":0,"1":0,"2":0,"3":0,"4":0,"5":0,"6":0,"7":0,"8":0,"9":0,"10":0,"11":0,"12":0,"13":0,"14":0,"15":0,"16":0,"17":0,"18":0,"19":0,"20":0,"21":0,"22":0,"23":0},"b":{"0":[0,0],"1":[0,0],"2":[0,0],"3":[0,0],"4":[0,0],"5":[0,0],"6":[0,0],"7":[0,0],"8":[0,0],"9":[0,0],"10":[0,0],"11":[0,0],"12":[0,0],"13":[0,0],"14":[0,0],"15":[0,0],"16":[0,0],"17":[0,0],"18":[0,0],"19":[0,0],"20":[0,0],"21":[0,0],"22":[0,0]},"_coverageSchema":"1a1c01bbd47fc00a2c39e90264f33305004495a9","hash":"468f4f28224c406e547788f011a20062d3329db1"}
,"C:\\Users\\aabdu\\OneDrive\\Desktop\\namssn-website\\backend\\models\\announcementModel.js": {"path":"C:\\Users\\aabdu\\OneDrive\\Desktop\\namssn-website\\backend\\models\\announcementModel.js","statementMap":{"0":{"start":{"line":7,"column":27},"end":{"line":27,"column":1}},"1":{"start":{"line":29,"column":21},"end":{"line":29,"column":71}}},"fnMap":{},"branchMap":{},"s":{"0":1,"1":1},"f":{},"b":{},"_coverageSchema":"1a1c01bbd47fc00a2c39e90264f33305004495a9","hash":"9ad506747b195c7e399813856664f4a08bb6daf8"}
,"C:\\Users\\aabdu\\OneDrive\\Desktop\\namssn-website\\backend\\models\\blogModel.js": {"path":"C:\\Users\\aabdu\\OneDrive\\Desktop\\namssn-website\\backend\\models\\blogModel.js","statementMap":{"0":{"start":{"line":3,"column":19},"end":{"line":48,"column":1}},"1":{"start":{"line":50,"column":13},"end":{"line":50,"column":47}}},"fnMap":{},"branchMap":{},"s":{"0":1,"1":1},"f":{},"b":{},"_coverageSchema":"1a1c01bbd47fc00a2c39e90264f33305004495a9","hash":"a4c1abac2f2ef2502f4ef7ba298cf336cdb2da1c"}
,"C:\\Users\\aabdu\\OneDrive\\Desktop\\namssn-website\\backend\\models\\categoryModel.js": {"path":"C:\\Users\\aabdu\\OneDrive\\Desktop\\namssn-website\\backend\\models\\categoryModel.js","statementMap":{"0":{"start":{"line":4,"column":23},"end":{"line":22,"column":1}},"1":{"start":{"line":24,"column":17},"end":{"line":24,"column":59}}},"fnMap":{},"branchMap":{},"s":{"0":1,"1":1},"f":{},"b":{},"_coverageSchema":"1a1c01bbd47fc00a2c39e90264f33305004495a9","hash":"81bfcf0a4b67b5e493baeafcecf016ea5bc87fc5"}
,"C:\\Users\\aabdu\\OneDrive\\Desktop\\namssn-website\\backend\\models\\eventModel.js": {"path":"C:\\Users\\aabdu\\OneDrive\\Desktop\\namssn-website\\backend\\models\\eventModel.js","statementMap":{"0":{"start":{"line":7,"column":20},"end":{"line":23,"column":1}},"1":{"start":{"line":25,"column":14},"end":{"line":25,"column":50}}},"fnMap":{},"branchMap":{},"s":{"0":1,"1":1},"f":{},"b":{},"_coverageSchema":"1a1c01bbd47fc00a2c39e90264f33305004495a9","hash":"19f82bf13c768d3df78525498125eb6e54a96811"}
,"C:\\Users\\aabdu\\OneDrive\\Desktop\\namssn-website\\backend\\models\\paymentModel.js": {"path":"C:\\Users\\aabdu\\OneDrive\\Desktop\\namssn-website\\backend\\models\\paymentModel.js","statementMap":{"0":{"start":{"line":3,"column":22},"end":{"line":24,"column":1}},"1":{"start":{"line":26,"column":16},"end":{"line":26,"column":56}}},"fnMap":{},"branchMap":{},"s":{"0":1,"1":1},"f":{},"b":{},"_coverageSchema":"1a1c01bbd47fc00a2c39e90264f33305004495a9","hash":"3a34a74e3e2e0c0cd37517e186e2991c1dad5bc3"}
,"C:\\Users\\aabdu\\OneDrive\\Desktop\\namssn-website\\backend\\models\\postModel.js": {"path":"C:\\Users\\aabdu\\OneDrive\\Desktop\\namssn-website\\backend\\models\\postModel.js","statementMap":{"0":{"start":{"line":6,"column":19},"end":{"line":48,"column":1}},"1":{"start":{"line":53,"column":13},"end":{"line":53,"column":47}}},"fnMap":{},"branchMap":{},"s":{"0":1,"1":1},"f":{},"b":{},"_coverageSchema":"1a1c01bbd47fc00a2c39e90264f33305004495a9","hash":"5424b919ff45278f72289ba347b8a9e2cdca6fdc"}
,"C:\\Users\\aabdu\\OneDrive\\Desktop\\namssn-website\\backend\\models\\userModel.js": {"path":"C:\\Users\\aabdu\\OneDrive\\Desktop\\namssn-website\\backend\\models\\userModel.js","statementMap":{"0":{"start":{"line":5,"column":19},"end":{"line":93,"column":1}},"1":{"start":{"line":96,"column":0},"end":{"line":103,"column":3}},"2":{"start":{"line":97,"column":2},"end":{"line":99,"column":3}},"3":{"start":{"line":98,"column":4},"end":{"line":98,"column":11}},"4":{"start":{"line":101,"column":15},"end":{"line":101,"column":39}},"5":{"start":{"line":102,"column":2},"end":{"line":102,"column":57}},"6":{"start":{"line":106,"column":0},"end":{"line":108,"column":1}},"7":{"start":{"line":107,"column":2},"end":{"line":107,"column":62}},"8":{"start":{"line":111,"column":13},"end":{"line":111,"column":47}}},"fnMap":{"0":{"name":"(anonymous_0)","decl":{"start":{"line":96,"column":23},"end":{"line":96,"column":24}},"loc":{"start":{"line":96,"column":44},"end":{"line":103,"column":1}},"line":96},"1":{"name":"(anonymous_1)","decl":{"start":{"line":106,"column":35},"end":{"line":106,"column":36}},"loc":{"start":{"line":106,"column":67},"end":{"line":108,"column":1}},"line":106}},"branchMap":{"0":{"loc":{"start":{"line":97,"column":2},"end":{"line":99,"column":3}},"type":"if","locations":[{"start":{"line":97,"column":2},"end":{"line":99,"column":3}},{"start":{},"end":{}}],"line":97}},"s":{"0":1,"1":1,"2":0,"3":0,"4":0,"5":0,"6":1,"7":0,"8":1},"f":{"0":0,"1":0},"b":{"0":[0,0]},"_coverageSchema":"1a1c01bbd47fc00a2c39e90264f33305004495a9","hash":"1b70f6b8b10a0e89eb4bbd1ed962b5fd6b0d8757"}
,"C:\\Users\\aabdu\\OneDrive\\Desktop\\namssn-website\\backend\\utils\\paymentLogic.js": {"path":"C:\\Users\\aabdu\\OneDrive\\Desktop\\namssn-website\\backend\\utils\\paymentLogic.js","statementMap":{"0":{"start":{"line":10,"column":24},"end":{"line":57,"column":1}},"1":{"start":{"line":11,"column":2},"end":{"line":56,"column":3}},"2":{"start":{"line":12,"column":44},"end":{"line":12,"column":52}},"3":{"start":{"line":13,"column":31},"end":{"line":13,"column":73}},"4":{"start":{"line":14,"column":27},"end":{"line":14,"column":63}},"5":{"start":{"line":15,"column":27},"end":{"line":15,"column":45}},"6":{"start":{"line":16,"column":23},"end":{"line":16,"column":37}},"7":{"start":{"line":19,"column":31},"end":{"line":30,"column":7}},"8":{"start":{"line":32,"column":4},"end":{"line":52,"column":5}},"9":{"start":{"line":33,"column":36},"end":{"line":33,"column":62}},"10":{"start":{"line":34,"column":28},"end":{"line":34,"column":54}},"11":{"start":{"line":36,"column":25},"end":{"line":40,"column":8}},"12":{"start":{"line":42,"column":6},"end":{"line":42,"column":30}},"13":{"start":{"line":44,"column":6},"end":{"line":49,"column":9}},"14":{"start":{"line":51,"column":6},"end":{"line":51,"column":67}},"15":{"start":{"line":54,"column":4},"end":{"line":54,"column":54}},"16":{"start":{"line":55,"column":4},"end":{"line":55,"column":65}},"17":{"start":{"line":59,"column":23},"end":{"line":97,"column":1}},"18":{"start":{"line":60,"column":35},"end":{"line":60,"column":43}},"19":{"start":{"line":62,"column":2},"end":{"line":96,"column":3}},"20":{"start":{"line":64,"column":27},"end":{"line":71,"column":5}},"21":{"start":{"line":73,"column":24},"end":{"line":73,"column":43}},"22":{"start":{"line":76,"column":30},"end":{"line":76,"column":53}},"23":{"start":{"line":77,"column":26},"end":{"line":77,"column":55}},"24":{"start":{"line":78,"column":26},"end":{"line":78,"column":56}},"25":{"start":{"line":80,"column":31},"end":{"line":85,"column":5}},"26":{"start":{"line":88,"column":4},"end":{"line":88,"column":45}},"27":{"start":{"line":91,"column":4},"end":{"line":95,"column":7}}},"fnMap":{"0":{"name":"(anonymous_0)","decl":{"start":{"line":10,"column":24},"end":{"line":10,"column":25}},"loc":{"start":{"line":10,"column":44},"end":{"line":57,"column":1}},"line":10},"1":{"name":"(anonymous_1)","decl":{"start":{"line":59,"column":23},"end":{"line":59,"column":24}},"loc":{"start":{"line":59,"column":43},"end":{"line":97,"column":1}},"line":59}},"branchMap":{"0":{"loc":{"start":{"line":32,"column":4},"end":{"line":52,"column":5}},"type":"if","locations":[{"start":{"line":32,"column":4},"end":{"line":52,"column":5}},{"start":{"line":50,"column":11},"end":{"line":52,"column":5}}],"line":32},"1":{"loc":{"start":{"line":78,"column":26},"end":{"line":78,"column":56}},"type":"binary-expr","locations":[{"start":{"line":78,"column":26},"end":{"line":78,"column":50}},{"start":{"line":78,"column":54},"end":{"line":78,"column":56}}],"line":78},"2":{"loc":{"start":{"line":82,"column":14},"end":{"line":82,"column":68}},"type":"cond-expr","locations":[{"start":{"line":82,"column":48},"end":{"line":82,"column":57}},{"start":{"line":82,"column":60},"end":{"line":82,"column":68}}],"line":82}},"s":{"0":1,"1":0,"2":0,"3":0,"4":0,"5":0,"6":0,"7":0,"8":0,"9":0,"10":0,"11":0,"12":0,"13":0,"14":0,"15":0,"16":0,"17":1,"18":0,"19":0,"20":0,"21":0,"22":0,"23":0,"24":0,"25":0,"26":0,"27":0},"f":{"0":0,"1":0},"b":{"0":[0,0],"1":[0,0],"2":[0,0]},"_coverageSchema":"1a1c01bbd47fc00a2c39e90264f33305004495a9","hash":"67bcf9e288f6b3a5d90930853506d57ff8465e88"}
}
