TN:
SF:backend\controllers\adminController.js
FN:15,(anonymous_0)
FN:23,(anonymous_1)
FN:31,(anonymous_2)
FN:40,(anonymous_3)
FN:48,(anonymous_4)
FN:56,(anonymous_5)
FN:65,(anonymous_6)
FN:74,(anonymous_7)
FN:104,(anonymous_8)
FN:134,(anonymous_9)
FN:159,(anonymous_10)
FN:172,(anonymous_11)
FN:206,(anonymous_12)
FN:237,(anonymous_13)
FN:253,(anonymous_14)
FN:281,(anonymous_15)
FN:293,(anonymous_16)
FN:313,(anonymous_17)
FN:331,(anonymous_18)
FN:358,(anonymous_19)
FN:389,(anonymous_20)
FN:414,(anonymous_21)
FN:424,(anonymous_22)
FN:457,(anonymous_23)
FNF:24
FNH:0
FNDA:0,(anonymous_0)
FNDA:0,(anonymous_1)
FNDA:0,(anonymous_2)
FNDA:0,(anonymous_3)
FNDA:0,(anonymous_4)
FNDA:0,(anonymous_5)
FNDA:0,(anonymous_6)
FNDA:0,(anonymous_7)
FNDA:0,(anonymous_8)
FNDA:0,(anonymous_9)
FNDA:0,(anonymous_10)
FNDA:0,(anonymous_11)
FNDA:0,(anonymous_12)
FNDA:0,(anonymous_13)
FNDA:0,(anonymous_14)
FNDA:0,(anonymous_15)
FNDA:0,(anonymous_16)
FNDA:0,(anonymous_17)
FNDA:0,(anonymous_18)
FNDA:0,(anonymous_19)
FNDA:0,(anonymous_20)
FNDA:0,(anonymous_21)
FNDA:0,(anonymous_22)
FNDA:0,(anonymous_23)
DA:15,1
DA:16,0
DA:17,0
DA:23,1
DA:24,0
DA:25,0
DA:31,1
DA:32,0
DA:33,0
DA:40,1
DA:41,0
DA:42,0
DA:48,1
DA:49,0
DA:50,0
DA:56,1
DA:57,0
DA:58,0
DA:65,1
DA:66,0
DA:67,0
DA:74,1
DA:75,0
DA:78,0
DA:80,0
DA:81,0
DA:82,0
DA:86,0
DA:87,0
DA:88,0
DA:92,0
DA:95,0
DA:97,0
DA:104,1
DA:105,0
DA:108,0
DA:110,0
DA:111,0
DA:112,0
DA:116,0
DA:117,0
DA:118,0
DA:122,0
DA:125,0
DA:127,0
DA:134,1
DA:135,0
DA:138,0
DA:141,0
DA:151,0
DA:153,0
DA:159,1
DA:160,0
DA:163,0
DA:166,0
DA:172,1
DA:174,0
DA:177,0
DA:179,0
DA:180,0
DA:181,0
DA:185,0
DA:186,0
DA:187,0
DA:191,0
DA:192,0
DA:193,0
DA:194,0
DA:195,0
DA:198,0
DA:200,0
DA:206,1
DA:208,0
DA:210,0
DA:213,0
DA:215,0
DA:216,0
DA:217,0
DA:221,0
DA:222,0
DA:223,0
DA:227,0
DA:228,0
DA:230,0
DA:237,1
DA:238,0
DA:239,0
DA:246,0
DA:247,0
DA:253,1
DA:254,0
DA:256,0
DA:258,0
DA:260,0
DA:262,0
DA:264,0
DA:267,0
DA:270,0
DA:273,0
DA:281,1
DA:282,0
DA:283,0
DA:285,0
DA:293,1
DA:294,0
DA:296,0
DA:302,0
DA:306,0
DA:313,1
DA:314,0
DA:315,0
DA:318,0
DA:325,0
DA:327,0
DA:331,1
DA:332,0
DA:333,0
DA:336,0
DA:338,0
DA:339,0
DA:340,0
DA:344,0
DA:345,0
DA:346,0
DA:350,0
DA:351,0
DA:352,0
DA:354,0
DA:358,1
DA:359,0
DA:362,0
DA:364,0
DA:365,0
DA:366,0
DA:370,0
DA:371,0
DA:372,0
DA:375,0
DA:377,0
DA:379,0
DA:382,0
DA:383,0
DA:389,1
DA:390,0
DA:391,0
DA:393,0
DA:395,0
DA:397,0
DA:404,0
DA:406,0
DA:408,0
DA:409,0
DA:414,1
DA:415,0
DA:418,0
DA:420,0
DA:424,1
DA:425,0
DA:426,0
DA:428,0
DA:430,0
DA:432,0
DA:434,0
DA:438,0
DA:439,0
DA:443,0
DA:444,0
DA:447,0
DA:449,0
DA:451,0
DA:452,0
DA:457,1
DA:458,0
DA:461,0
DA:463,0
DA:464,0
DA:465,0
DA:469,0
DA:470,0
DA:471,0
DA:475,0
DA:477,0
LF:182
LH:24
BRDA:80,0,0,0
BRDA:80,0,1,0
BRDA:86,1,0,0
BRDA:86,1,1,0
BRDA:110,2,0,0
BRDA:110,2,1,0
BRDA:116,3,0,0
BRDA:116,3,1,0
BRDA:179,4,0,0
BRDA:179,4,1,0
BRDA:185,5,0,0
BRDA:185,5,1,0
BRDA:185,6,0,0
BRDA:185,6,1,0
BRDA:215,7,0,0
BRDA:215,7,1,0
BRDA:221,8,0,0
BRDA:221,8,1,0
BRDA:221,9,0,0
BRDA:221,9,1,0
BRDA:260,10,0,0
BRDA:260,10,1,0
BRDA:338,11,0,0
BRDA:338,11,1,0
BRDA:344,12,0,0
BRDA:344,12,1,0
BRDA:344,13,0,0
BRDA:344,13,1,0
BRDA:364,14,0,0
BRDA:364,14,1,0
BRDA:370,15,0,0
BRDA:370,15,1,0
BRDA:370,16,0,0
BRDA:370,16,1,0
BRDA:432,17,0,0
BRDA:432,17,1,0
BRDA:438,18,0,0
BRDA:438,18,1,0
BRDA:443,19,0,0
BRDA:443,19,1,0
BRDA:444,20,0,0
BRDA:444,20,1,0
BRDA:463,21,0,0
BRDA:463,21,1,0
BRDA:469,22,0,0
BRDA:469,22,1,0
BRF:46
BRH:0
end_of_record
TN:
SF:backend\models\announcementModel.js
FNF:0
FNH:0
DA:7,1
DA:29,1
LF:2
LH:2
BRF:0
BRH:0
end_of_record
TN:
SF:backend\models\blogModel.js
FNF:0
FNH:0
DA:3,1
DA:50,1
LF:2
LH:2
BRF:0
BRH:0
end_of_record
TN:
SF:backend\models\categoryModel.js
FNF:0
FNH:0
DA:4,1
DA:24,1
LF:2
LH:2
BRF:0
BRH:0
end_of_record
TN:
SF:backend\models\eventModel.js
FNF:0
FNH:0
DA:7,1
DA:25,1
LF:2
LH:2
BRF:0
BRH:0
end_of_record
TN:
SF:backend\models\paymentModel.js
FNF:0
FNH:0
DA:3,1
DA:26,1
LF:2
LH:2
BRF:0
BRH:0
end_of_record
TN:
SF:backend\models\postModel.js
FNF:0
FNH:0
DA:6,1
DA:53,1
LF:2
LH:2
BRF:0
BRH:0
end_of_record
TN:
SF:backend\models\userModel.js
FN:96,(anonymous_0)
FN:106,(anonymous_1)
FNF:2
FNH:0
FNDA:0,(anonymous_0)
FNDA:0,(anonymous_1)
DA:5,1
DA:96,1
DA:97,0
DA:98,0
DA:101,0
DA:102,0
DA:106,1
DA:107,0
DA:111,1
LF:9
LH:4
BRDA:97,0,0,0
BRDA:97,0,1,0
BRF:2
BRH:0
end_of_record
TN:
SF:backend\utils\paymentLogic.js
FN:10,(anonymous_0)
FN:59,(anonymous_1)
FNF:2
FNH:0
FNDA:0,(anonymous_0)
FNDA:0,(anonymous_1)
DA:10,1
DA:11,0
DA:12,0
DA:13,0
DA:14,0
DA:15,0
DA:16,0
DA:19,0
DA:32,0
DA:33,0
DA:34,0
DA:36,0
DA:42,0
DA:44,0
DA:51,0
DA:54,0
DA:55,0
DA:59,1
DA:60,0
DA:62,0
DA:64,0
DA:73,0
DA:76,0
DA:77,0
DA:78,0
DA:80,0
DA:88,0
DA:91,0
LF:28
LH:2
BRDA:32,0,0,0
BRDA:32,0,1,0
BRDA:78,1,0,0
BRDA:78,1,1,0
BRDA:82,2,0,0
BRDA:82,2,1,0
BRF:6
BRH:0
end_of_record
