TN:
SF:backend\controllers\adminController.js
FN:15,(anonymous_0)
FN:23,(anonymous_1)TN:
SF:backend\controllers\adminController.js
FN:15,(anonymous_0)
FN:23,(anonymous_1)
FN:31,(anonymous_2)
FN:40,(anonymous_3)
FN:48,(anonymous_4)
FN:56,(anonymous_5)
FN:65,(anonymous_6)
FN:74,(anonymous_7)
FN:104,(anonymous_8)
FN:134,(anonymous_9)
FN:159,(anonymous_10)
FN:172,(anonymous_11)
FN:206,(anonymous_12)
FN:237,(anonymous_13)
FN:253,(anonymous_14)
FN:281,(anonymous_15)
FN:293,(anonymous_16)
FN:313,(anonymous_17)
FN:331,(anonymous_18)
FN:358,(anonymous_19)
FN:389,(anonymous_20)
FN:414,(anonymous_21)
FN:424,(anonymous_22)
FN:457,(anonymous_23)
FNF:24
FNH:0
FNDA:0,(anonymous_0)
FNDA:0,(anonymous_1)
FNDA:0,(anonymous_2)
FNDA:0,(anonymous_3)
FNDA:0,(anonymous_4)
FNDA:0,(anonymous_5)
FNDA:0,(anonymous_6)
FNDA:0,(anonymous_7)
FNDA:0,(anonymous_8)
FNDA:0,(anonymous_9)
FNDA:0,(anonymous_10)
FNDA:0,(anonymous_11)
FNDA:0,(anonymous_12)
FNDA:0,(anonymous_13)
FNDA:0,(anonymous_14)
FNDA:0,(anonymous_15)
FNDA:0,(anonymous_16)
FNDA:0,(anonymous_17)
FNDA:0,(anonymous_18)
FNDA:0,(anonymous_19)
FNDA:0,(anonymous_20)
FNDA:0,(anonymous_21)
FNDA:0,(anonymous_22)
FNDA:0,(anonymous_23)
DA:15,1
DA:16,0
DA:17,0
DA:23,1
DA:24,0
DA:25,0
DA:31,1
DA:32,0
DA:33,0
DA:40,1
DA:41,0
DA:42,0
DA:48,1
DA:49,0
DA:50,0
DA:56,1
DA:57,0
DA:58,0
DA:65,1
DA:66,0
DA:67,0
DA:74,1
DA:75,0
DA:78,0
DA:80,0
DA:81,0
DA:82,0
DA:86,0
DA:87,0
DA:88,0
DA:92,0
DA:95,0
DA:97,0
DA:104,1
DA:105,0
DA:108,0
DA:110,0
DA:111,0
DA:112,0
DA:116,0
DA:117,0
DA:118,0
DA:122,0
DA:125,0
DA:127,0
DA:134,1
DA:135,0
DA:138,0
DA:141,0
DA:151,0
DA:153,0
DA:159,1
DA:160,0
DA:163,0
DA:166,0
DA:172,1
DA:174,0
DA:177,0
DA:179,0
DA:180,0
DA:181,0
DA:185,0
DA:186,0
DA:187,0
DA:191,0
DA:192,0
DA:193,0
DA:194,0
DA:195,0
DA:198,0
DA:200,0
DA:206,1
DA:208,0
DA:210,0
DA:213,0
DA:215,0
DA:216,0
DA:217,0
DA:221,0
DA:222,0
DA:223,0
DA:227,0
DA:228,0
DA:230,0
DA:237,1
DA:238,0
DA:239,0
DA:246,0
DA:247,0
DA:253,1
DA:254,0
DA:256,0
DA:258,0
DA:260,0
DA:262,0
DA:264,0
DA:267,0
DA:270,0
DA:273,0
DA:281,1
DA:282,0
DA:283,0
DA:285,0
DA:293,1
DA:294,0
DA:296,0
DA:302,0
DA:306,0
DA:313,1
DA:314,0
DA:315,0
DA:318,0
DA:325,0
DA:327,0
DA:331,1
DA:332,0
DA:333,0
DA:336,0
DA:338,0
DA:339,0
DA:340,0
DA:344,0
DA:345,0
DA:346,0
DA:350,0
DA:351,0
DA:352,0
DA:354,0
DA:358,1
DA:359,0
DA:362,0
DA:364,0
DA:365,0
DA:366,0
DA:370,0
DA:371,0
DA:372,0
DA:375,0
DA:377,0
DA:379,0
DA:382,0
DA:383,0
DA:389,1
DA:390,0
DA:391,0
DA:393,0
DA:395,0
DA:397,0
DA:404,0
DA:406,0
DA:408,0
DA:409,0
DA:414,1
DA:415,0
DA:418,0
DA:420,0
DA:424,1
DA:425,0
DA:426,0
DA:428,0
DA:430,0
DA:432,0
DA:434,0
DA:438,0
DA:439,0
DA:443,0
DA:444,0
DA:447,0
DA:449,0
DA:451,0
DA:452,0
DA:457,1
DA:458,0
DA:461,0
DA:463,0
DA:464,0
DA:465,0
DA:469,0
DA:470,0
DA:471,0
DA:475,0
DA:477,0
LF:182
LH:24
BRDA:80,0,0,0
BRDA:80,0,1,0
BRDA:86,1,0,0
BRDA:86,1,1,0
BRDA:110,2,0,0
BRDA:110,2,1,0
BRDA:116,3,0,0
BRDA:116,3,1,0
BRDA:179,4,0,0
BRDA:179,4,1,0
BRDA:185,5,0,0
BRDA:185,5,1,0
BRDA:185,6,0,0
BRDA:185,6,1,0
BRDA:215,7,0,0
BRDA:215,7,1,0
BRDA:221,8,0,0
BRDA:221,8,1,0
BRDA:221,9,0,0
BRDA:221,9,1,0
BRDA:260,10,0,0
BRDA:260,10,1,0
BRDA:338,11,0,0
BRDA:338,11,1,0
BRDA:344,12,0,0
BRDA:344,12,1,0
BRDA:344,13,0,0
BRDA:344,13,1,0
BRDA:364,14,0,0
BRDA:364,14,1,0
BRDA:370,15,0,0
BRDA:370,15,1,0
BRDA:370,16,0,0
BRDA:370,16,1,0
BRDA:432,17,0,0
BRDA:432,17,1,0
BRDA:438,18,0,0
BRDA:438,18,1,0
BRDA:443,19,0,0
BRDA:443,19,1,0
BRDA:444,20,0,0
BRDA:444,20,1,0
BRDA:463,21,0,0
BRDA:463,21,1,0
BRDA:469,22,0,0
BRDA:469,22,1,0
BRF:46
BRH:0
end_of_record
TN:
SF:backend\models\announcementModel.js
FNF:0
FNH:0
DA:7,1
DA:29,1
LF:2
LH:2
BRF:0
BRH:0
end_of_record
TN:
SF:backend\models\blogModel.js
FNF:0
FNH:0
DA:3,1
DA:50,1
LF:2
LH:2
BRF:0
BRH:0
end_of_record
TN:
SF:backend\models\categoryModel.js
FNF:0
FNH:0
DA:4,1
DA:24,1
LF:2
LH:2
BRF:0
BRH:0
end_of_record
TN:
SF:backend\models\eventModel.js
FNF:0
FNH:0
DA:7,1
DA:25,1
LF:2
LH:2
BRF:0
BRH:0
end_of_record
TN:
SF:backend\models\paymentModel.js
FNF:0
FNH:0
DA:3,1
DA:26,1
LF:2
LH:2
BRF:0
BRH:0
end_of_record
TN:
SF:backend\models\postModel.js
FNF:0
FNH:0
DA:6,1
DA:53,1
LF:2
LH:2
BRF:0
BRH:0
end_of_record
TN:
SF:backend\models\userModel.js
FN:96,(anonymous_0)
FN:106,(anonymous_1)
FNF:2
FNH:0
FNDA:0,(anonymous_0)
FNDA:0,(anonymous_1)
DA:5,1
DA:96,1
DA:97,0
DA:98,0
DA:101,0
DA:102,0
DA:106,1
DA:107,0
DA:111,1
LF:9
LH:4
BRDA:97,0,0,0
BRDA:97,0,1,0
BRF:2
BRH:0
end_of_record
TN:
SF:backend\utils\paymentLogic.js
FN:10,(anonymous_0)
FN:59,(anonymous_1)
FNF:2
FNH:0
FNDA:0,(anonymous_0)
FNDA:0,(anonymous_1)
DA:10,1
DA:11,0
DA:12,0
DA:13,0
DA:14,0
DA:15,0
DA:16,0
DA:19,0
DA:32,0
DA:33,0
DA:34,0
DA:36,0
DA:42,0
DA:44,0
DA:51,0
DA:54,0
DA:55,0
DA:59,1
DA:60,0
DA:62,0
DA:64,0
DA:73,0
DA:76,0
DA:77,0
DA:78,0
DA:80,0
DA:88,0
DA:91,0
LF:28
LH:2
BRDA:32,0,0,0
BRDA:32,0,1,0
BRDA:78,1,0,0
BRDA:78,1,1,0
BRDA:82,2,0,0
BRDA:82,2,1,0
BRF:6
BRH:0
end_of_record

FN:31,(anonymous_2)
FN:40,(anonymous_3)
FN:48,(anonymous_4)
FN:56,(anonymous_5)
FN:65,(anonymous_6)
FN:74,(anonymous_7)
FN:104,(anonymous_8)
FN:134,(anonymous_9)
FN:159,(anonymous_10)
FN:172,(anonymous_11)
FN:206,(anonymous_12)
FN:237,(anonymous_13)
FN:253,(anonymous_14)
FN:281,(anonymous_15)
FN:293,(anonymous_16)
FN:313,(anonymous_17)
FN:331,(anonymous_18)
FN:358,(anonymous_19)
FN:389,(anonymous_20)
FN:414,(anonymous_21)
FN:424,(anonymous_22)
FN:457,(anonymous_23)
FNF:24
FNH:0
FNDA:0,(anonymous_0)
FNDA:0,(anonymous_1)
FNDA:0,(anonymous_2)
FNDA:0,(anonymous_3)
FNDA:0,(anonymous_4)
FNDA:0,(anonymous_5)
FNDA:0,(anonymous_6)
FNDA:0,(anonymous_7)
FNDA:0,(anonymous_8)
FNDA:0,(anonymous_9)
FNDA:0,(anonymous_10)
FNDA:0,(anonymous_11)
FNDA:0,(anonymous_12)
FNDA:0,(anonymous_13)
FNDA:0,(anonymous_14)
FNDA:0,(anonymous_15)
FNDA:0,(anonymous_16)
FNDA:0,(anonymous_17)
FNDA:0,(anonymous_18)
FNDA:0,(anonymous_19)
FNDA:0,(anonymous_20)
FNDA:0,(anonymous_21)
FNDA:0,(anonymous_22)
FNDA:0,(anonymous_23)
DA:15,1
DA:16,0
DA:17,0
DA:23,1
DA:24,0
DA:25,0
DA:31,1
DA:32,0
DA:33,0
DA:40,1
DA:41,0
DA:42,0
DA:48,1
DA:49,0
DA:50,0
DA:56,1
DA:57,0
DA:58,0
DA:65,1
DA:66,0
DA:67,0
DA:74,1
DA:75,0
DA:78,0
DA:80,0
DA:81,0
DA:82,0
DA:86,0
DA:87,0
DA:88,0
DA:92,0
DA:95,0
DA:97,0
DA:104,1
DA:105,0
DA:108,0
DA:110,0
DA:111,0
DA:112,0
DA:116,0
DA:117,0
DA:118,0
DA:122,0
DA:125,0
DA:127,0
DA:134,1
DA:135,0
DA:138,0
DA:141,0
DA:151,0
DA:153,0
DA:159,1
DA:160,0
DA:163,0
DA:166,0
DA:172,1
DA:174,0
DA:177,0
DA:179,0
DA:180,0
DA:181,0
DA:185,0
DA:186,0
DA:187,0
DA:191,0
DA:192,0
DA:193,0
DA:194,0
DA:195,0
DA:198,0
DA:200,0
DA:206,1
DA:208,0
DA:210,0
DA:213,0
DA:215,0
DA:216,0
DA:217,0
DA:221,0
DA:222,0
DA:223,0
DA:227,0
DA:228,0
DA:230,0
DA:237,1
DA:238,0
DA:239,0
DA:246,0
DA:247,0
DA:253,1
DA:254,0
DA:256,0
DA:258,0
DA:260,0
DA:262,0
DA:264,0
DA:267,0
DA:270,0
DA:273,0
DA:281,1
DA:282,0
DA:283,0
DA:285,0
DA:293,1
DA:294,0
DA:296,0
DA:302,0
DA:306,0
DA:313,1
DA:314,0
DA:315,0
DA:318,0
DA:325,0
DA:327,0
DA:331,1
DA:332,0
DA:333,0
DA:336,0
DA:338,0
DA:339,0
DA:340,0
DA:344,0
DA:345,0
DA:346,0
DA:350,0
DA:351,0
DA:352,0
DA:354,0
DA:358,1
DA:359,0
DA:362,0
DA:364,0
DA:365,0
DA:366,0
DA:370,0
DA:371,0
DA:372,0
DA:375,0
DA:377,0
DA:379,0
DA:382,0
DA:383,0
DA:389,1
DA:390,0
DA:391,0
DA:393,0
DA:395,0
DA:397,0
DA:404,0
DA:406,0
DA:408,0
DA:409,0
DA:414,1
DA:415,0
DA:418,0
DA:420,0
DA:424,1
DA:425,0
DA:426,0
DA:428,0
DA:430,0
DA:432,0
DA:434,0
DA:438,0
DA:439,0
DA:443,0
DA:444,0
DA:447,0
DA:449,0
DA:451,0
DA:452,0
DA:457,1
DA:458,0
DA:461,0
DA:463,0
DA:464,0
DA:465,0
DA:469,0
DA:470,0
DA:471,0
DA:475,0
DA:477,0
LF:182
LH:24
BRDA:80,0,0,0
BRDA:80,0,1,0
BRDA:86,1,0,0
BRDA:86,1,1,0
BRDA:110,2,0,0
BRDA:110,2,1,0
BRDA:116,3,0,0
BRDA:116,3,1,0
BRDA:179,4,0,0
BRDA:179,4,1,0
BRDA:185,5,0,0
BRDA:185,5,1,0
BRDA:185,6,0,0
BRDA:185,6,1,0
BRDA:215,7,0,0
BRDA:215,7,1,0
BRDA:221,8,0,0
BRDA:221,8,1,0
BRDA:221,9,0,0
BRDA:221,9,1,0
BRDA:260,10,0,0
BRDA:260,10,1,0
BRDA:338,11,0,0
BRDA:338,11,1,0
BRDA:344,12,0,0
BRDA:344,12,1,0
BRDA:344,13,0,0
BRDA:344,13,1,0
BRDA:364,14,0,0
BRDA:364,14,1,0
BRDA:370,15,0,0
BRDA:370,15,1,0
BRDA:370,16,0,0
BRDA:370,16,1,0
BRDA:432,17,0,0
BRDA:432,17,1,0
BRDA:438,18,0,0
BRDA:438,18,1,0
BRDA:443,19,0,0
BRDA:443,19,1,0
BRDA:444,20,0,0
BRDA:444,20,1,0
BRDA:463,21,0,0
BRDA:463,21,1,0
BRDA:469,22,0,0
BRDA:469,22,1,0
BRF:46
BRH:0
end_of_record
TN:
SF:backend\controllers\mailer.js
FN:34,(anonymous_0)
FN:68,(anonymous_1)
FN:72,(anonymous_2)
FNF:3
FNH:0
FNDA:0,(anonymous_0)
FNDA:0,(anonymous_1)
FNDA:0,(anonymous_2)
DA:4,1
DA:8,1
DA:17,1
DA:19,1
DA:34,1
DA:35,0
DA:38,0
DA:55,0
DA:58,0
DA:65,0
DA:67,0
DA:69,0
DA:70,0
DA:72,0
LF:14
LH:5
BRDA:41,0,0,0
BRDA:41,0,1,0
BRDA:61,1,0,0
BRDA:61,1,1,0
BRF:4
BRH:0
end_of_record
TN:
SF:backend\controllers\postController.js
FN:10,(anonymous_0)
FN:41,(anonymous_1)
FN:96,(anonymous_2)
FN:119,(anonymous_3)
FN:149,(anonymous_4)
FN:174,(anonymous_5)
FN:237,(anonymous_6)
FN:301,(anonymous_7)
FN:325,(anonymous_8)
FN:378,(anonymous_9)
FN:426,(anonymous_10)
FN:486,(anonymous_11)
FN:560,(anonymous_12)
FN:632,(anonymous_13)
FN:653,(anonymous_14)
FN:665,(anonymous_15)
FN:695,(anonymous_16)
FNF:17
FNH:0
FNDA:0,(anonymous_0)
FNDA:0,(anonymous_1)
FNDA:0,(anonymous_2)
FNDA:0,(anonymous_3)
FNDA:0,(anonymous_4)
FNDA:0,(anonymous_5)
FNDA:0,(anonymous_6)
FNDA:0,(anonymous_7)
FNDA:0,(anonymous_8)
FNDA:0,(anonymous_9)
FNDA:0,(anonymous_10)
FNDA:0,(anonymous_11)
FNDA:0,(anonymous_12)
FNDA:0,(anonymous_13)
FNDA:0,(anonymous_14)
FNDA:0,(anonymous_15)
FNDA:0,(anonymous_16)
DA:10,1
DA:11,0
DA:14,0
DA:17,0
DA:24,0
DA:27,0
DA:30,0
DA:33,0
DA:35,0
DA:41,1
DA:43,0
DA:45,0
DA:46,0
DA:49,0
DA:51,0
DA:53,0
DA:72,0
DA:74,0
DA:76,0
DA:78,0
DA:86,0
DA:88,0
DA:89,0
DA:96,1
DA:97,0
DA:98,0
DA:101,0
DA:102,0
DA:104,0
DA:105,0
DA:107,0
DA:108,0
DA:111,0
DA:112,0
DA:119,1
DA:121,0
DA:124,0
DA:126,0
DA:127,0
DA:128,0
DA:132,0
DA:133,0
DA:134,0
DA:138,0
DA:141,0
DA:143,0
DA:149,1
DA:151,0
DA:154,0
DA:156,0
DA:157,0
DA:158,0
DA:161,0
DA:163,0
DA:164,0
DA:166,0
DA:167,0
DA:174,1
DA:175,0
DA:176,0
DA:179,0
DA:181,0
DA:183,0
DA:184,0
DA:186,0
DA:188,0
DA:191,0
DA:192,0
DA:193,0
DA:194,0
DA:198,0
DA:200,0
DA:203,0
DA:204,0
DA:205,0
DA:206,0
DA:209,0
DA:211,0
DA:217,0
DA:221,0
DA:223,0
DA:228,0
DA:229,0
DA:237,1
DA:238,0
DA:239,0
DA:242,0
DA:244,0
DA:246,0
DA:247,0
DA:249,0
DA:251,0
DA:254,0
DA:255,0
DA:256,0
DA:257,0
DA:261,0
DA:263,0
DA:266,0
DA:267,0
DA:268,0
DA:269,0
DA:272,0
DA:274,0
DA:280,0
DA:284,0
DA:285,0
DA:286,0
DA:291,0
DA:292,0
DA:301,1
DA:303,0
DA:305,0
DA:307,0
DA:309,0
DA:310,0
DA:311,0
DA:315,0
DA:317,0
DA:325,1
DA:327,0
DA:330,0
DA:332,0
DA:334,0
DA:336,0
DA:337,0
DA:338,0
DA:340,0
DA:342,0
DA:349,0
DA:352,0
DA:353,0
DA:355,0
DA:357,0
DA:363,0
DA:366,0
DA:370,0
DA:378,1
DA:380,0
DA:381,0
DA:384,0
DA:387,0
DA:389,0
DA:390,0
DA:391,0
DA:395,0
DA:397,0
DA:398,0
DA:399,0
DA:403,0
DA:404,0
DA:405,0
DA:409,0
DA:412,0
DA:414,0
DA:418,0
DA:426,1
DA:428,0
DA:429,0
DA:432,0
DA:434,0
DA:435,0
DA:436,0
DA:440,0
DA:442,0
DA:443,0
DA:444,0
DA:448,0
DA:449,0
DA:450,0
DA:454,0
DA:456,0
DA:457,0
DA:461,0
DA:464,0
DA:466,0
DA:468,0
DA:474,0
DA:477,0
DA:478,0
DA:486,1
DA:488,0
DA:489,0
DA:490,0
DA:493,0
DA:495,0
DA:497,0
DA:499,0
DA:501,0
DA:502,0
DA:504,0
DA:506,0
DA:509,0
DA:510,0
DA:511,0
DA:512,0
DA:516,0
DA:518,0
DA:519,0
DA:522,0
DA:523,0
DA:524,0
DA:525,0
DA:526,0
DA:529,0
DA:531,0
DA:537,0
DA:542,0
DA:544,0
DA:546,0
DA:547,0
DA:550,0
DA:551,0
DA:560,1
DA:562,0
DA:563,0
DA:564,0
DA:567,0
DA:569,0
DA:571,0
DA:573,0
DA:575,0
DA:576,0
DA:578,0
DA:580,0
DA:583,0
DA:584,0
DA:585,0
DA:586,0
DA:590,0
DA:592,0
DA:595,0
DA:596,0
DA:597,0
DA:598,0
DA:601,0
DA:603,0
DA:609,0
DA:614,0
DA:616,0
DA:618,0
DA:619,0
DA:622,0
DA:623,0
DA:632,1
DA:633,0
DA:635,0
DA:642,0
DA:644,0
DA:653,1
DA:655,0
DA:657,0
DA:665,1
DA:667,0
DA:670,0
DA:672,0
DA:673,0
DA:674,0
DA:678,0
DA:679,0
DA:680,0
DA:684,0
DA:686,0
DA:695,1
DA:696,0
DA:698,0
DA:699,0
DA:701,0
DA:703,0
DA:704,0
LF:270
LH:17
BRDA:45,0,0,0
BRDA:45,0,1,0
BRDA:46,1,0,0
BRDA:46,1,1,0
BRDA:104,2,0,0
BRDA:104,2,1,0
BRDA:126,3,0,0
BRDA:126,3,1,0
BRDA:132,4,0,0
BRDA:132,4,1,0
BRDA:156,5,0,0
BRDA:156,5,1,0
BRDA:161,6,0,0
BRDA:161,6,1,0
BRDA:161,7,0,0
BRDA:161,7,1,0
BRDA:181,8,0,0
BRDA:181,8,1,0
BRDA:186,9,0,0
BRDA:186,9,1,0
BRDA:192,10,0,0
BRDA:192,10,1,0
BRDA:198,11,0,0
BRDA:198,11,1,0
BRDA:204,12,0,0
BRDA:204,12,1,0
BRDA:209,13,0,0
BRDA:209,13,1,0
BRDA:244,14,0,0
BRDA:244,14,1,0
BRDA:249,15,0,0
BRDA:249,15,1,0
BRDA:255,16,0,0
BRDA:255,16,1,0
BRDA:261,17,0,0
BRDA:261,17,1,0
BRDA:267,18,0,0
BRDA:267,18,1,0
BRDA:272,19,0,0
BRDA:272,19,1,0
BRDA:309,20,0,0
BRDA:309,20,1,0
BRDA:336,21,0,0
BRDA:336,21,1,0
BRDA:355,22,0,0
BRDA:355,22,1,0
BRDA:389,23,0,0
BRDA:389,23,1,0
BRDA:397,24,0,0
BRDA:397,24,1,0
BRDA:403,25,0,0
BRDA:403,25,1,0
BRDA:434,26,0,0
BRDA:434,26,1,0
BRDA:442,27,0,0
BRDA:442,27,1,0
BRDA:448,28,0,0
BRDA:448,28,1,0
BRDA:456,29,0,0
BRDA:456,29,1,0
BRDA:466,30,0,0
BRDA:466,30,1,0
BRDA:495,31,0,0
BRDA:495,31,1,0
BRDA:499,32,0,0
BRDA:499,32,1,0
BRDA:504,33,0,0
BRDA:504,33,1,0
BRDA:510,34,0,0
BRDA:510,34,1,0
BRDA:516,35,0,0
BRDA:516,35,1,0
BRDA:523,36,0,0
BRDA:523,36,1,0
BRDA:529,37,0,0
BRDA:529,37,1,0
BRDA:569,38,0,0
BRDA:569,38,1,0
BRDA:573,39,0,0
BRDA:573,39,1,0
BRDA:578,40,0,0
BRDA:578,40,1,0
BRDA:584,41,0,0
BRDA:584,41,1,0
BRDA:590,42,0,0
BRDA:590,42,1,0
BRDA:596,43,0,0
BRDA:596,43,1,0
BRDA:601,44,0,0
BRDA:601,44,1,0
BRDA:672,45,0,0
BRDA:672,45,1,0
BRDA:678,46,0,0
BRDA:678,46,1,0
BRF:94
BRH:0
end_of_record
TN:
SF:backend\controllers\userController.js
FN:17,(anonymous_0)
FN:50,(anonymous_1)
FN:101,(anonymous_2)
FN:150,(anonymous_3)
FN:186,(anonymous_4)
FN:239,(anonymous_5)
FN:281,(anonymous_6)
FN:288,(anonymous_7)
FN:338,(anonymous_8)
FN:349,(anonymous_9)
FN:371,(anonymous_10)
FN:395,(anonymous_11)
FN:430,(anonymous_12)
FN:467,(anonymous_13)
FN:534,(anonymous_14)
FN:555,(anonymous_15)
FN:580,(anonymous_16)
FN:588,(anonymous_17)
FN:596,(anonymous_18)
FN:608,(anonymous_19)
FN:619,(anonymous_20)
FN:632,(anonymous_21)
FN:645,(anonymous_22)
FN:652,(anonymous_23)
FN:672,(anonymous_24)
FN:695,(anonymous_25)
FN:721,(anonymous_26)
FN:729,(anonymous_27)
FNF:28
FNH:0
FNDA:0,(anonymous_0)
FNDA:0,(anonymous_1)
FNDA:0,(anonymous_2)
FNDA:0,(anonymous_3)
FNDA:0,(anonymous_4)
FNDA:0,(anonymous_5)
FNDA:0,(anonymous_6)
FNDA:0,(anonymous_7)
FNDA:0,(anonymous_8)
FNDA:0,(anonymous_9)
FNDA:0,(anonymous_10)
FNDA:0,(anonymous_11)
FNDA:0,(anonymous_12)
FNDA:0,(anonymous_13)
FNDA:0,(anonymous_14)
FNDA:0,(anonymous_15)
FNDA:0,(anonymous_16)
FNDA:0,(anonymous_17)
FNDA:0,(anonymous_18)
FNDA:0,(anonymous_19)
FNDA:0,(anonymous_20)
FNDA:0,(anonymous_21)
FNDA:0,(anonymous_22)
FNDA:0,(anonymous_23)
FNDA:0,(anonymous_24)
FNDA:0,(anonymous_25)
FNDA:0,(anonymous_26)
FNDA:0,(anonymous_27)
DA:17,1
DA:18,0
DA:19,0
DA:21,0
DA:22,0
DA:23,0
DA:42,0
DA:43,0
DA:50,1
DA:51,0
DA:53,0
DA:57,0
DA:58,0
DA:59,0
DA:63,0
DA:65,0
DA:74,0
DA:75,0
DA:76,0
DA:93,0
DA:94,0
DA:101,1
DA:102,0
DA:103,0
DA:105,0
DA:107,0
DA:109,0
DA:110,0
DA:111,0
DA:112,0
DA:115,0
DA:116,0
DA:119,0
DA:120,0
DA:123,0
DA:142,0
DA:143,0
DA:150,1
DA:151,0
DA:152,0
DA:153,0
DA:154,0
DA:155,0
DA:157,0
DA:159,0
DA:166,0
DA:169,0
DA:170,0
DA:172,0
DA:174,0
DA:176,0
DA:178,0
DA:186,1
DA:187,0
DA:188,0
DA:190,0
DA:192,0
DA:193,0
DA:197,0
DA:199,0
DA:200,0
DA:204,0
DA:206,0
DA:207,0
DA:211,0
DA:213,0
DA:214,0
DA:216,0
DA:217,0
DA:219,0
DA:222,0
DA:223,0
DA:226,0
DA:228,0
DA:231,0
DA:232,0
DA:239,1
DA:240,0
DA:241,0
DA:244,0
DA:245,0
DA:249,0
DA:251,0
DA:253,0
DA:257,0
DA:260,0
DA:267,0
DA:269,0
DA:271,0
DA:273,0
DA:281,1
DA:288,1
DA:289,0
DA:292,0
DA:293,0
DA:297,0
DA:299,0
DA:300,0
DA:304,0
DA:305,0
DA:308,0
DA:310,0
DA:311,0
DA:315,0
DA:316,0
DA:319,0
DA:320,0
DA:323,0
DA:324,0
DA:327,0
DA:330,0
DA:331,0
DA:338,1
DA:339,0
DA:343,0
DA:349,1
DA:350,0
DA:353,0
DA:360,0
DA:361,0
DA:363,0
DA:364,0
DA:371,1
DA:372,0
DA:389,0
DA:395,1
DA:396,0
DA:399,0
DA:401,0
DA:403,0
DA:422,0
DA:423,0
DA:430,1
DA:431,0
DA:432,0
DA:435,0
DA:436,0
DA:438,0
DA:440,0
DA:459,0
DA:460,0
DA:467,1
DA:468,0
DA:470,0
DA:472,0
DA:473,0
DA:474,0
DA:475,0
DA:476,0
DA:481,0
DA:482,0
DA:483,0
DA:484,0
DA:485,0
DA:490,0
DA:491,0
DA:492,0
DA:493,0
DA:494,0
DA:495,0
DA:496,0
DA:497,0
DA:498,0
DA:500,0
DA:501,0
DA:502,0
DA:505,0
DA:507,0
DA:526,0
DA:527,0
DA:534,1
DA:535,0
DA:537,0
DA:542,0
DA:545,0
DA:547,0
DA:548,0
DA:555,1
DA:556,0
DA:557,0
DA:559,0
DA:560,0
DA:561,0
DA:563,0
DA:564,0
DA:565,0
DA:569,0
DA:580,1
DA:582,0
DA:584,0
DA:588,1
DA:590,0
DA:592,0
DA:596,1
DA:597,0
DA:600,0
DA:602,0
DA:608,1
DA:610,0
DA:614,0
DA:619,1
DA:621,0
DA:625,0
DA:632,1
DA:633,0
DA:634,0
DA:635,0
DA:637,0
DA:645,1
DA:646,0
DA:652,1
DA:654,0
DA:655,0
DA:656,0
DA:657,0
DA:658,0
DA:659,0
DA:662,0
DA:672,1
DA:673,0
DA:675,0
DA:678,0
DA:679,0
DA:684,0
DA:686,0
DA:695,1
DA:696,0
DA:697,0
DA:700,0
DA:701,0
DA:705,0
DA:706,0
DA:708,0
DA:709,0
DA:712,0
DA:713,0
DA:721,1
DA:722,0
DA:723,0
DA:725,0
DA:729,1
DA:730,0
DA:731,0
DA:733,0
LF:244
LH:28
BRDA:21,0,0,0
BRDA:21,0,1,0
BRDA:21,1,0,0
BRDA:21,1,1,0
BRDA:57,2,0,0
BRDA:57,2,1,0
BRDA:63,3,0,0
BRDA:63,3,1,0
BRDA:74,4,0,0
BRDA:74,4,1,0
BRDA:107,5,0,0
BRDA:107,5,1,0
BRDA:110,6,0,0
BRDA:110,6,1,0
BRDA:192,7,0,0
BRDA:192,7,1,0
BRDA:192,8,0,0
BRDA:192,8,1,0
BRDA:199,9,0,0
BRDA:199,9,1,0
BRDA:204,10,0,0
BRDA:204,10,1,0
BRDA:213,11,0,0
BRDA:213,11,1,0
BRDA:244,12,0,0
BRDA:244,12,1,0
BRDA:251,13,0,0
BRDA:251,13,1,0
BRDA:292,14,0,0
BRDA:292,14,1,0
BRDA:292,15,0,0
BRDA:292,15,1,0
BRDA:299,16,0,0
BRDA:299,16,1,0
BRDA:304,17,0,0
BRDA:304,17,1,0
BRDA:304,18,0,0
BRDA:304,18,1,0
BRDA:310,19,0,0
BRDA:310,19,1,0
BRDA:360,20,0,0
BRDA:360,20,1,0
BRDA:401,21,0,0
BRDA:401,21,1,0
BRDA:438,22,0,0
BRDA:438,22,1,0
BRDA:470,23,0,0
BRDA:470,23,1,0
BRDA:472,24,0,0
BRDA:472,24,1,0
BRDA:472,25,0,0
BRDA:472,25,1,0
BRDA:474,26,0,0
BRDA:474,26,1,0
BRDA:481,27,0,0
BRDA:481,27,1,0
BRDA:481,28,0,0
BRDA:481,28,1,0
BRDA:483,29,0,0
BRDA:483,29,1,0
BRDA:490,30,0,0
BRDA:490,30,1,0
BRDA:491,31,0,0
BRDA:491,31,1,0
BRDA:492,32,0,0
BRDA:492,32,1,0
BRDA:493,33,0,0
BRDA:493,33,1,0
BRDA:494,34,0,0
BRDA:494,34,1,0
BRDA:495,35,0,0
BRDA:495,35,1,0
BRDA:496,36,0,0
BRDA:496,36,1,0
BRDA:497,37,0,0
BRDA:497,37,1,0
BRDA:498,38,0,0
BRDA:498,38,1,0
BRDA:500,39,0,0
BRDA:500,39,1,0
BRDA:537,40,0,0
BRDA:537,40,1,0
BRDA:559,41,0,0
BRDA:559,41,1,0
BRDA:560,42,0,0
BRDA:560,42,1,0
BRDA:656,43,0,0
BRDA:656,43,1,0
BRDA:658,44,0,0
BRDA:658,44,1,0
BRDA:678,45,0,0
BRDA:678,45,1,0
BRDA:705,46,0,0
BRDA:705,46,1,0
BRF:94
BRH:0
end_of_record
TN:
SF:backend\middleware\authMiddleware.js
FN:12,(anonymous_0)
FN:45,(anonymous_1)
FN:64,(anonymous_2)
FN:105,(anonymous_3)
FNF:4
FNH:0
FNDA:0,(anonymous_0)
FNDA:0,(anonymous_1)
FNDA:0,(anonymous_2)
FNDA:0,(anonymous_3)
DA:12,1
DA:16,0
DA:18,0
DA:19,0
DA:21,0
DA:24,0
DA:27,0
DA:29,0
DA:30,0
DA:33,0
DA:34,0
DA:45,1
DA:46,0
DA:47,0
DA:48,0
DA:50,0
DA:53,0
DA:64,1
DA:65,0
DA:68,0
DA:70,0
DA:71,0
DA:73,0
DA:77,0
DA:80,0
DA:81,0
DA:85,0
DA:87,0
DA:88,0
DA:91,0
DA:93,0
DA:105,1
DA:107,0
DA:110,0
DA:113,0
DA:114,0
DA:117,0
LF:37
LH:4
BRDA:18,0,0,0
BRDA:18,0,1,0
BRDA:47,1,0,0
BRDA:47,1,1,0
BRDA:47,2,0,0
BRDA:47,2,1,0
BRDA:68,3,0,0
BRDA:68,3,1,0
BRDA:70,4,0,0
BRDA:70,4,1,0
BRDA:71,5,0,0
BRDA:71,5,1,0
BRDA:71,6,0,0
BRDA:71,6,1,0
BRDA:80,7,0,0
BRDA:80,7,1,0
BRDA:87,8,0,0
BRDA:87,8,1,0
BRDA:113,9,0,0
BRDA:113,9,1,0
BRDA:113,10,0,0
BRDA:113,10,1,0
BRF:22
BRH:0
end_of_record
TN:
SF:backend\middleware\errormiddleware.js
FN:8,(anonymous_0)
FN:22,(anonymous_1)
FNF:2
FNH:0
FNDA:0,(anonymous_0)
FNDA:0,(anonymous_1)
DA:8,1
DA:9,0
DA:10,0
DA:11,0
DA:22,1
DA:23,0
DA:24,0
DA:27,0
DA:28,0
DA:29,0
DA:33,0
LF:11
LH:2
BRDA:23,0,0,0
BRDA:23,0,1,0
BRDA:27,1,0,0
BRDA:27,1,1,0
BRDA:27,2,0,0
BRDA:27,2,1,0
BRDA:35,3,0,0
BRDA:35,3,1,0
BRF:8
BRH:0
end_of_record
TN:
SF:backend\models\announcementModel.js
FNF:0
FNH:0
DA:7,1
DA:29,1
LF:2
LH:2
BRF:0
BRH:0
end_of_record
TN:
SF:backend\models\blogModel.js
FNF:0
FNH:0
DA:3,1
DA:50,1
LF:2
LH:2
BRF:0
BRH:0
end_of_record
TN:
SF:backend\models\categoryModel.js
FNF:0
FNH:0
DA:4,1
DA:24,1
LF:2
LH:2
BRF:0
BRH:0
end_of_record
TN:
SF:backend\models\eventModel.js
FNF:0
FNH:0
DA:7,1
DA:25,1
LF:2
LH:2
BRF:0
BRH:0
end_of_record
TN:
SF:backend\models\notificationModel.js
FNF:0
FNH:0
DA:7,1
DA:43,1
LF:2
LH:2
BRF:0
BRH:0
end_of_record
TN:
SF:backend\models\paymentModel.js
FNF:0
FNH:0
DA:3,1
DA:26,1
LF:2
LH:2
BRF:0
BRH:0
end_of_record
TN:
SF:backend\models\postCommentModel.js
FNF:0
FNH:0
DA:7,1
DA:47,1
LF:2
LH:2
BRF:0
BRH:0
end_of_record
TN:
SF:backend\models\postModel.js
FNF:0
FNH:0
DA:6,1
DA:53,1
LF:2
LH:2
BRF:0
BRH:0
end_of_record
TN:
SF:backend\models\resourceModel.js
FNF:0
FNH:0
DA:6,1
DA:46,1
LF:2
LH:2
BRF:0
BRH:0
end_of_record
TN:
SF:backend\models\userModel.js
FN:96,(anonymous_0)
FN:106,(anonymous_1)
FNF:2
FNH:0
FNDA:0,(anonymous_0)
FNDA:0,(anonymous_1)
DA:5,1
DA:96,1
DA:97,0
DA:98,0
DA:101,0
DA:102,0
DA:106,1
DA:107,0
DA:111,1
LF:9
LH:4
BRDA:97,0,0,0
BRDA:97,0,1,0
BRF:2
BRH:0
end_of_record
TN:
SF:backend\models\userOTPVerification.js
FN:31,(anonymous_0)
FN:41,(anonymous_1)
FNF:2
FNH:0
FNDA:0,(anonymous_0)
FNDA:0,(anonymous_1)
DA:8,1
DA:31,1
DA:32,0
DA:33,0
DA:36,0
DA:37,0
DA:41,1
DA:42,0
DA:45,1
LF:9
LH:4
BRDA:32,0,0,0
BRDA:32,0,1,0
BRF:2
BRH:0
end_of_record
TN:
SF:backend\routes\adminRoutes.js
FNF:0
FNH:0
DA:4,1
DA:41,1
DA:44,1
DA:47,1
DA:50,1
DA:52,1
DA:54,1
DA:60,1
DA:66,1
DA:75,1
DA:79,1
DA:88,1
DA:93,1
DA:98,1
DA:101,1
DA:104,1
DA:107,1
DA:110,1
DA:113,1
LF:19
LH:19
BRF:0
BRH:0
end_of_record
TN:
SF:backend\routes\userRoutes.js
FN:304,(anonymous_0)
FNF:1
FNH:0
FNDA:0,(anonymous_0)
DA:7,1
DA:8,1
DA:65,1
DA:72,1
DA:80,1
DA:88,1
DA:96,1
DA:105,1
DA:113,1
DA:121,1
DA:129,1
DA:137,1
DA:147,1
DA:154,1
DA:157,1
DA:164,1
DA:171,1
DA:175,1
DA:191,1
DA:196,1
DA:199,1
DA:202,1
DA:205,1
DA:212,1
DA:218,1
DA:223,1
DA:237,1
DA:242,1
DA:248,1
DA:251,1
DA:280,1
DA:282,1
DA:293,1
DA:294,1
DA:295,1
DA:302,1
DA:305,0
DA:306,0
DA:310,1
LF:39
LH:37
BRF:0
BRH:0
end_of_record
TN:
SF:backend\utils\generateToken.js
FN:10,(anonymous_0)
FNF:1
FNH:0
FNDA:0,(anonymous_0)
DA:10,1
DA:12,0
DA:17,0
LF:3
LH:1
BRF:0
BRH:0
end_of_record
TN:
SF:backend\utils\paymentLogic.js
FN:10,(anonymous_0)
FN:59,(anonymous_1)
FNF:2
FNH:0
FNDA:0,(anonymous_0)
FNDA:0,(anonymous_1)
DA:10,1
DA:11,0
DA:12,0
DA:13,0
DA:14,0
DA:15,0
DA:16,0
DA:19,0
DA:32,0
DA:33,0
DA:34,0
DA:36,0
DA:42,0
DA:44,0
DA:51,0
DA:54,0
DA:55,0
DA:59,1
DA:60,0
DA:62,0
DA:64,0
DA:73,0
DA:76,0
DA:77,0
DA:78,0
DA:80,0
DA:88,0
DA:91,0
LF:28
LH:2
BRDA:32,0,0,0
BRDA:32,0,1,0
BRDA:78,1,0,0
BRDA:78,1,1,0
BRDA:82,2,0,0
BRDA:82,2,1,0
BRF:6
BRH:0
end_of_record
TN:
SF:backend\utils\resourceLogic.js
FN:13,(anonymous_0)
FN:30,(anonymous_1)
FN:63,(anonymous_2)
FN:72,(anonymous_3)
FNF:4
FNH:0
FNDA:0,(anonymous_0)
FNDA:0,(anonymous_1)
FNDA:0,(anonymous_2)
FNDA:0,(anonymous_3)
DA:11,1
DA:13,1
DA:14,0
DA:15,0
DA:16,0
DA:18,0
DA:20,0
DA:22,0
DA:25,0
DA:26,0
DA:30,1
DA:31,0
DA:32,0
DA:33,0
DA:34,0
DA:36,0
DA:37,0
DA:39,0
DA:40,0
DA:41,0
DA:42,0
DA:44,0
DA:46,0
DA:47,0
DA:48,0
DA:53,0
DA:54,0
DA:57,0
DA:58,0
DA:63,1
DA:64,0
DA:65,0
DA:66,0
DA:68,0
DA:69,0
DA:70,0
DA:72,0
DA:73,0
DA:74,0
DA:76,0
DA:78,0
DA:80,0
DA:81,0
LF:43
LH:4
BRDA:18,0,0,0
BRDA:18,0,1,0
BRDA:33,1,0,0
BRDA:33,1,1,0
BRDA:47,2,0,0
BRDA:47,2,1,0
BRDA:68,3,0,0
BRDA:68,3,1,0
BRDA:68,4,0,0
BRDA:68,4,1,0
BRDA:68,4,2,0
BRDA:73,5,0,0
BRDA:73,5,1,0
BRF:13
BRH:0
end_of_record
TN:
SF:backend\utils\server.js
FN:13,(anonymous_0)
FN:40,(anonymous_1)
FNF:2
FNH:1
FNDA:1,(anonymous_0)
FNDA:0,(anonymous_1)
DA:13,1
DA:15,1
DA:18,1
DA:19,1
DA:20,1
DA:21,1
DA:22,1
DA:23,1
DA:25,1
DA:27,1
DA:29,1
DA:31,1
DA:32,1
DA:34,1
DA:35,1
DA:40,1
DA:42,1
LF:17
LH:17
BRDA:29,0,0,1
BRDA:29,0,1,0
BRF:2
BRH:1
end_of_record
TN:
SF:backend\utils\resourcesUtils\checkUploadDirectory.js
FN:3,checkUploadDirectory
FNF:1
FNH:0
FNDA:0,checkUploadDirectory
DA:4,0
DA:5,0
DA:7,0
DA:9,0
DA:10,0
DA:13,0
LF:6
LH:0
BRDA:7,0,0,0
BRDA:7,0,1,0
BRF:2
BRH:0
end_of_record
TN:
SF:backend\utils\resourcesUtils\checkUploader.js
FN:3,(anonymous_0)
FNF:1
FNH:0
FNDA:0,(anonymous_0)
DA:3,1
DA:4,0
DA:5,0
DA:6,0
DA:7,0
DA:8,0
DA:10,0
DA:12,0
LF:8
LH:1
BRDA:6,0,0,0
BRDA:6,0,1,0
BRF:2
BRH:0
end_of_record
TN:
SF:backend\utils\resourcesUtils\createFileList.js
FN:2,(anonymous_0)
FNF:1
FNH:0
FNDA:0,(anonymous_0)
DA:2,1
DA:3,0
DA:4,0
DA:5,0
DA:6,0
DA:7,0
DA:8,0
DA:9,0
DA:10,0
DA:11,0
DA:12,0
DA:22,0
DA:24,0
DA:27,0
LF:14
LH:1
BRF:0
BRH:0
end_of_record
TN:
SF:backend\utils\resourcesUtils\getAllResources.js
FN:3,(anonymous_0)
FNF:1
FNH:0
FNDA:0,(anonymous_0)
DA:3,1
DA:4,0
DA:5,0
DA:6,0
DA:8,0
LF:5
LH:1
BRF:0
BRH:0
end_of_record
TN:
SF:backend\utils\resourcesUtils\getResource.js
FN:3,(anonymous_0)
FNF:1
FNH:0
FNDA:0,(anonymous_0)
DA:3,1
DA:4,0
DA:5,0
DA:6,0
DA:7,0
DA:9,0
DA:11,0
DA:13,0
LF:8
LH:1
BRDA:6,0,0,0
BRDA:6,0,1,0
BRF:2
BRH:0
end_of_record
TN:
SF:backend\utils\resourcesUtils\getUser.js
FN:3,(anonymous_0)
FNF:1
FNH:0
FNDA:0,(anonymous_0)
DA:3,1
DA:4,0
DA:5,0
DA:6,0
DA:8,0
LF:5
LH:1
BRF:0
BRH:0
end_of_record
TN:
SF:backend\utils\resourcesUtils\removeResource.js
FN:5,(anonymous_0)
FNF:1
FNH:0
FNDA:0,(anonymous_0)
DA:5,1
DA:6,0
DA:7,0
DA:8,0
DA:9,0
DA:14,0
DA:16,0
LF:7
LH:1
BRF:0
BRH:0
end_of_record
TN:
SF:backend\utils\resourcesUtils\uploadResource.js
FN:5,(anonymous_0)
FNF:1
FNH:0
FNDA:0,(anonymous_0)
DA:5,1
DA:6,0
DA:7,0
DA:8,0
DA:16,0
DA:18,0
DA:23,0
DA:24,0
DA:25,0
DA:26,0
DA:28,0
DA:31,0
LF:12
LH:1
BRF:0
BRH:0
end_of_record
